[2018-04-20 21:15:26] [Info] use gpu: 2
[2018-04-20 21:15:26] [Info] init dataset
[2018-04-20 21:17:55] [Load] ../data/glove/glove.6B.300d.txt
[2018-04-20 21:18:22] [Info] embedding size: 300
[2018-04-20 21:18:23] [Info] total parameters: 42M
[2018-04-20 21:18:23] [debug] word embedding filling count: 11539/11898
[2018-04-20 21:18:29] [Info] start training...
[2018-04-20 21:29:44] Epoch: [1][2000/44376]	Time 0.549 (0.337)	Data 0.535 (0.318)	Loss 90.3826 (90.3824)
[2018-04-20 21:38:04] Epoch: [1][4000/44376]	Time 0.094 (0.294)	Data 0.075 (0.276)	Loss 90.3827 (90.3817)
[2018-04-20 21:44:44] Epoch: [1][6000/44376]	Time 0.264 (0.262)	Data 0.250 (0.245)	Loss 90.3833 (90.3816)
[2018-04-20 21:50:20] Epoch: [1][8000/44376]	Time 0.029 (0.239)	Data 0.000 (0.221)	Loss 90.3821 (90.3817)
[2018-04-20 21:55:01] Epoch: [1][10000/44376]	Time 0.329 (0.219)	Data 0.315 (0.201)	Loss 90.3817 (90.3816)
[2018-04-20 22:00:08] Epoch: [1][12000/44376]	Time 0.091 (0.208)	Data 0.078 (0.190)	Loss 90.3820 (90.3814)
[2018-04-20 22:05:10] Epoch: [1][14000/44376]	Time 0.029 (0.200)	Data 0.000 (0.182)	Loss 90.3782 (90.3813)
[2018-04-20 22:09:59] Epoch: [1][16000/44376]	Time 0.028 (0.193)	Data 0.000 (0.175)	Loss 90.3818 (90.3813)
[2018-04-20 22:14:40] Epoch: [1][18000/44376]	Time 0.053 (0.187)	Data 0.040 (0.169)	Loss 90.3825 (90.3812)
[2018-04-20 22:19:30] Epoch: [1][20000/44376]	Time 0.024 (0.183)	Data 0.000 (0.165)	Loss 90.3833 (90.3811)
[2018-04-20 22:23:51] Epoch: [1][22000/44376]	Time 0.026 (0.178)	Data 0.000 (0.160)	Loss 90.3822 (90.3811)
[2018-04-20 22:27:43] Epoch: [1][24000/44376]	Time 0.205 (0.173)	Data 0.190 (0.155)	Loss 90.3806 (90.3810)
[2018-04-20 22:30:49] Epoch: [1][26000/44376]	Time 0.059 (0.167)	Data 0.041 (0.148)	Loss 90.3816 (90.3810)
[2018-04-20 22:33:43] Epoch: [1][28000/44376]	Time 0.026 (0.161)	Data 0.000 (0.143)	Loss 90.3693 (90.3810)
[2018-04-20 22:35:43] Epoch: [1][30000/44376]	Time 0.029 (0.154)	Data 0.000 (0.136)	Loss 90.3763 (90.3809)
[2018-04-20 22:38:25] Epoch: [1][32000/44376]	Time 0.028 (0.150)	Data 0.000 (0.131)	Loss 90.3819 (90.3809)
[2018-04-20 22:41:44] Epoch: [1][34000/44376]	Time 0.301 (0.147)	Data 0.288 (0.128)	Loss 90.3767 (90.3809)
[2018-04-20 22:44:35] Epoch: [1][36000/44376]	Time 0.029 (0.144)	Data 0.000 (0.124)	Loss 90.3716 (90.3809)
[2018-04-20 22:48:31] Epoch: [1][38000/44376]	Time 0.030 (0.142)	Data 0.018 (0.123)	Loss 90.3785 (90.3808)
[2018-04-20 22:52:10] Epoch: [1][40000/44376]	Time 0.264 (0.141)	Data 0.249 (0.121)	Loss 90.3815 (90.3808)
[2018-04-20 22:55:44] Epoch: [1][42000/44376]	Time 0.296 (0.139)	Data 0.282 (0.119)	Loss 90.3827 (90.3808)
[2018-04-20 22:59:32] Epoch: [1][44000/44376]	Time 0.029 (0.138)	Data 0.000 (0.118)	Loss 90.3827 (90.3808)
[2018-04-20 23:22:21] [epoch 1]: loss : 90.38016786424022
[2018-04-20 23:22:21] Evaluate Result:	Acc  38.635	Best 38.635 (1)
[2018-04-20 23:33:02] Epoch: [2][2000/44376]	Time 0.273 (0.318)	Data 0.260 (0.300)	Loss 90.3816 (90.3803)
[2018-04-20 23:41:46] Epoch: [2][4000/44376]	Time 0.030 (0.290)	Data 0.000 (0.272)	Loss 90.3808 (90.3803)
[2018-04-20 23:49:01] Epoch: [2][6000/44376]	Time 0.030 (0.266)	Data 0.000 (0.248)	Loss 90.3811 (90.3803)
[2018-04-20 23:55:21] Epoch: [2][8000/44376]	Time 0.027 (0.247)	Data 0.000 (0.229)	Loss 90.3812 (90.3803)
[2018-04-21 00:00:30] Epoch: [2][10000/44376]	Time 0.331 (0.228)	Data 0.317 (0.210)	Loss 90.3835 (90.3803)
[2018-04-21 00:04:38] Epoch: [2][12000/44376]	Time 0.115 (0.211)	Data 0.104 (0.193)	Loss 90.3829 (90.3803)
[2018-04-21 00:08:04] Epoch: [2][14000/44376]	Time 0.170 (0.196)	Data 0.157 (0.177)	Loss 90.3820 (90.3803)
[2018-04-21 00:11:00] Epoch: [2][16000/44376]	Time 0.030 (0.182)	Data 0.010 (0.163)	Loss 90.3786 (90.3803)
[2018-04-21 00:13:54] Epoch: [2][18000/44376]	Time 0.028 (0.172)	Data 0.000 (0.153)	Loss 90.3827 (90.3803)
[2018-04-21 00:16:44] Epoch: [2][20000/44376]	Time 0.029 (0.163)	Data 0.000 (0.144)	Loss 90.3796 (90.3803)
[2018-04-21 00:19:27] Epoch: [2][22000/44376]	Time 0.032 (0.156)	Data 0.000 (0.136)	Loss 90.3819 (90.3803)
[2018-04-21 00:21:56] Epoch: [2][24000/44376]	Time 0.355 (0.149)	Data 0.340 (0.129)	Loss 90.3813 (90.3803)
[2018-04-21 00:24:25] Epoch: [2][26000/44376]	Time 0.029 (0.143)	Data 0.000 (0.124)	Loss 90.3786 (90.3803)
[2018-04-21 00:26:41] Epoch: [2][28000/44376]	Time 0.029 (0.138)	Data 0.000 (0.118)	Loss 90.3764 (90.3803)
[2018-04-21 00:28:41] Epoch: [2][30000/44376]	Time 0.177 (0.132)	Data 0.162 (0.113)	Loss 90.3821 (90.3803)
[2018-04-21 00:30:31] Epoch: [2][32000/44376]	Time 0.129 (0.128)	Data 0.117 (0.108)	Loss 90.3823 (90.3803)
[2018-04-21 00:32:20] Epoch: [2][34000/44376]	Time 0.034 (0.123)	Data 0.000 (0.103)	Loss 90.3794 (90.3803)
[2018-04-21 00:34:50] Epoch: [2][36000/44376]	Time 0.036 (0.121)	Data 0.000 (0.100)	Loss 90.3818 (90.3803)
[2018-04-21 00:37:20] Epoch: [2][38000/44376]	Time 0.080 (0.118)	Data 0.064 (0.098)	Loss 90.3781 (90.3803)
[2018-04-21 00:39:44] Epoch: [2][40000/44376]	Time 0.030 (0.116)	Data 0.015 (0.096)	Loss 90.3828 (90.3803)
[2018-04-21 00:42:01] Epoch: [2][42000/44376]	Time 0.029 (0.114)	Data 0.000 (0.093)	Loss 90.3816 (90.3803)
[2018-04-21 00:44:05] Epoch: [2][44000/44376]	Time 0.026 (0.111)	Data 0.000 (0.091)	Loss 90.3715 (90.3803)
[2018-04-21 01:08:14] [epoch 2]: loss : 90.37964923501724
[2018-04-21 01:08:14] Evaluate Result:	Acc  41.371	Best 41.371 (2)
[2018-04-21 01:17:32] Epoch: [3][2000/44376]	Time 0.028 (0.277)	Data 0.000 (0.258)	Loss 90.3813 (90.3801)
[2018-04-21 01:25:23] Epoch: [3][4000/44376]	Time 0.026 (0.256)	Data 0.000 (0.238)	Loss 90.3745 (90.3801)
[2018-04-21 01:32:10] Epoch: [3][6000/44376]	Time 0.028 (0.239)	Data 0.000 (0.221)	Loss 90.3818 (90.3801)
[2018-04-21 01:37:40] Epoch: [3][8000/44376]	Time 0.219 (0.220)	Data 0.205 (0.202)	Loss 90.3732 (90.3801)
[2018-04-21 01:42:17] Epoch: [3][10000/44376]	Time 0.133 (0.204)	Data 0.119 (0.186)	Loss 90.3815 (90.3801)
[2018-04-21 01:46:08] Epoch: [3][12000/44376]	Time 0.028 (0.189)	Data 0.000 (0.171)	Loss 90.3827 (90.3801)
[2018-04-21 01:49:21] Epoch: [3][14000/44376]	Time 0.029 (0.176)	Data 0.000 (0.157)	Loss 90.3779 (90.3801)
[2018-04-21 01:52:27] Epoch: [3][16000/44376]	Time 0.192 (0.166)	Data 0.174 (0.147)	Loss 90.3823 (90.3801)
[2018-04-21 01:55:03] Epoch: [3][18000/44376]	Time 0.232 (0.156)	Data 0.218 (0.137)	Loss 90.3809 (90.3801)
[2018-04-21 01:57:40] Epoch: [3][20000/44376]	Time 0.064 (0.148)	Data 0.050 (0.129)	Loss 90.3815 (90.3801)
[2018-04-21 02:00:24] Epoch: [3][22000/44376]	Time 0.075 (0.142)	Data 0.063 (0.123)	Loss 90.3758 (90.3801)
[2018-04-21 02:03:09] Epoch: [3][24000/44376]	Time 0.362 (0.137)	Data 0.344 (0.117)	Loss 90.3821 (90.3801)
[2018-04-21 02:06:16] Epoch: [3][26000/44376]	Time 0.071 (0.134)	Data 0.056 (0.114)	Loss 90.3788 (90.3801)
[2018-04-21 02:09:12] Epoch: [3][28000/44376]	Time 0.029 (0.130)	Data 0.000 (0.111)	Loss 90.3783 (90.3801)
[2018-04-21 02:12:01] Epoch: [3][30000/44376]	Time 0.158 (0.127)	Data 0.145 (0.108)	Loss 90.3821 (90.3801)
[2018-04-21 02:14:50] Epoch: [3][32000/44376]	Time 0.029 (0.125)	Data 0.000 (0.105)	Loss 90.3778 (90.3801)
[2018-04-21 02:17:23] Epoch: [3][34000/44376]	Time 0.032 (0.122)	Data 0.000 (0.102)	Loss 90.3803 (90.3801)
[2018-04-21 02:19:44] Epoch: [3][36000/44376]	Time 0.029 (0.119)	Data 0.000 (0.099)	Loss 90.3823 (90.3801)
[2018-04-21 02:21:51] Epoch: [3][38000/44376]	Time 0.037 (0.116)	Data 0.022 (0.096)	Loss 90.3740 (90.3801)
[2018-04-21 02:23:49] Epoch: [3][40000/44376]	Time 0.026 (0.113)	Data 0.000 (0.093)	Loss 90.3808 (90.3801)
[2018-04-21 02:25:43] Epoch: [3][42000/44376]	Time 0.028 (0.111)	Data 0.000 (0.090)	Loss 90.3813 (90.3801)
[2018-04-21 02:27:36] Epoch: [3][44000/44376]	Time 0.040 (0.108)	Data 0.027 (0.088)	Loss 90.3820 (90.3801)
[2018-04-21 02:44:52] [epoch 3]: loss : 90.37949056876379
[2018-04-21 02:44:53] Evaluate Result:	Acc  42.701	Best 42.701 (3)
[2018-04-21 02:52:32] Epoch: [4][2000/44376]	Time 0.304 (0.228)	Data 0.286 (0.210)	Loss 90.3783 (90.3800)
[2018-04-21 02:59:59] Epoch: [4][4000/44376]	Time 0.079 (0.226)	Data 0.066 (0.207)	Loss 90.3815 (90.3801)
[2018-04-21 03:07:19] Epoch: [4][6000/44376]	Time 0.347 (0.224)	Data 0.331 (0.205)	Loss 90.3806 (90.3800)
[2018-04-21 03:13:14] Epoch: [4][8000/44376]	Time 0.128 (0.212)	Data 0.112 (0.194)	Loss 90.3824 (90.3800)
[2018-04-21 03:17:56] Epoch: [4][10000/44376]	Time 0.027 (0.198)	Data 0.000 (0.179)	Loss 90.3819 (90.3800)
[2018-04-21 03:21:54] Epoch: [4][12000/44376]	Time 0.276 (0.185)	Data 0.261 (0.166)	Loss 90.3801 (90.3800)
[2018-04-21 03:25:10] Epoch: [4][14000/44376]	Time 0.033 (0.172)	Data 0.022 (0.154)	Loss 90.3813 (90.3800)
[2018-04-21 03:27:52] Epoch: [4][16000/44376]	Time 0.028 (0.161)	Data 0.000 (0.142)	Loss 90.3823 (90.3800)
[2018-04-21 03:30:13] Epoch: [4][18000/44376]	Time 0.147 (0.151)	Data 0.131 (0.132)	Loss 90.3816 (90.3800)
[2018-04-21 03:32:28] Epoch: [4][20000/44376]	Time 0.027 (0.143)	Data 0.000 (0.123)	Loss 90.3820 (90.3800)
[2018-04-21 03:34:36] Epoch: [4][22000/44376]	Time 0.029 (0.135)	Data 0.000 (0.116)	Loss 90.3815 (90.3800)
[2018-04-21 03:36:34] Epoch: [4][24000/44376]	Time 0.031 (0.129)	Data 0.000 (0.109)	Loss 90.3821 (90.3800)
[2018-04-21 03:38:32] Epoch: [4][26000/44376]	Time 0.221 (0.124)	Data 0.208 (0.104)	Loss 90.3824 (90.3800)
[2018-04-21 03:40:14] Epoch: [4][28000/44376]	Time 0.068 (0.118)	Data 0.057 (0.098)	Loss 90.3796 (90.3800)
[2018-04-21 03:41:44] Epoch: [4][30000/44376]	Time 0.028 (0.114)	Data 0.000 (0.093)	Loss 90.3818 (90.3800)
[2018-04-21 03:43:07] Epoch: [4][32000/44376]	Time 0.029 (0.109)	Data 0.000 (0.088)	Loss 90.3822 (90.3800)
[2018-04-21 03:44:32] Epoch: [4][34000/44376]	Time 0.028 (0.105)	Data 0.000 (0.084)	Loss 90.3725 (90.3800)
[2018-04-21 03:45:51] Epoch: [4][36000/44376]	Time 0.038 (0.101)	Data 0.000 (0.080)	Loss 90.3785 (90.3800)
[2018-04-21 03:48:02] Epoch: [4][38000/44376]	Time 0.029 (0.100)	Data 0.011 (0.078)	Loss 90.3778 (90.3800)
[2018-04-21 03:49:46] Epoch: [4][40000/44376]	Time 0.028 (0.097)	Data 0.000 (0.076)	Loss 90.3834 (90.3800)
[2018-04-21 03:51:26] Epoch: [4][42000/44376]	Time 0.071 (0.095)	Data 0.057 (0.073)	Loss 90.3787 (90.3800)
[2018-04-21 03:52:58] Epoch: [4][44000/44376]	Time 0.029 (0.093)	Data 0.000 (0.071)	Loss 90.3772 (90.3800)
[2018-04-21 04:16:01] [epoch 4]: loss : 90.379403819302
[2018-04-21 04:16:01] Evaluate Result:	Acc  44.524	Best 44.524 (4)
[2018-04-21 04:24:47] Epoch: [5][2000/44376]	Time 0.415 (0.261)	Data 0.397 (0.242)	Loss 90.3815 (90.3799)
[2018-04-21 04:32:03] Epoch: [5][4000/44376]	Time 0.252 (0.239)	Data 0.238 (0.221)	Loss 90.3791 (90.3800)
[2018-04-21 04:38:42] Epoch: [5][6000/44376]	Time 0.123 (0.226)	Data 0.110 (0.208)	Loss 90.3788 (90.3800)
[2018-04-21 04:44:07] Epoch: [5][8000/44376]	Time 0.255 (0.210)	Data 0.243 (0.192)	Loss 90.3821 (90.3800)
[2018-04-21 04:48:38] Epoch: [5][10000/44376]	Time 0.101 (0.195)	Data 0.088 (0.177)	Loss 90.3682 (90.3800)
[2018-04-21 04:52:31] Epoch: [5][12000/44376]	Time 0.270 (0.182)	Data 0.257 (0.164)	Loss 90.3801 (90.3800)
[2018-04-21 04:55:45] Epoch: [5][14000/44376]	Time 0.104 (0.170)	Data 0.091 (0.151)	Loss 90.3779 (90.3800)
[2018-04-21 04:58:24] Epoch: [5][16000/44376]	Time 0.029 (0.159)	Data 0.000 (0.140)	Loss 90.3662 (90.3800)
[2018-04-21 05:00:31] Epoch: [5][18000/44376]	Time 0.028 (0.148)	Data 0.000 (0.129)	Loss 90.3809 (90.3800)
[2018-04-21 05:03:00] Epoch: [5][20000/44376]	Time 0.033 (0.141)	Data 0.000 (0.121)	Loss 90.3817 (90.3800)
[2018-04-21 05:05:12] Epoch: [5][22000/44376]	Time 0.029 (0.134)	Data 0.012 (0.114)	Loss 90.3781 (90.3800)
[2018-04-21 05:07:27] Epoch: [5][24000/44376]	Time 0.232 (0.128)	Data 0.207 (0.108)	Loss 90.3813 (90.3800)
[2018-04-21 05:09:38] Epoch: [5][26000/44376]	Time 0.184 (0.124)	Data 0.172 (0.103)	Loss 90.3827 (90.3800)
[2018-04-21 05:11:45] Epoch: [5][28000/44376]	Time 0.252 (0.119)	Data 0.237 (0.099)	Loss 90.3779 (90.3800)
[2018-04-21 05:14:06] Epoch: [5][30000/44376]	Time 0.030 (0.116)	Data 0.019 (0.096)	Loss 90.3792 (90.3800)
[2018-04-21 05:16:44] Epoch: [5][32000/44376]	Time 0.030 (0.114)	Data 0.000 (0.093)	Loss 90.3818 (90.3799)
[2018-04-21 05:19:15] Epoch: [5][34000/44376]	Time 0.194 (0.111)	Data 0.182 (0.091)	Loss 90.3816 (90.3800)
[2018-04-21 05:21:44] Epoch: [5][36000/44376]	Time 0.028 (0.109)	Data 0.007 (0.089)	Loss 90.3816 (90.3800)
[2018-04-21 05:24:13] Epoch: [5][38000/44376]	Time 0.028 (0.108)	Data 0.000 (0.087)	Loss 90.3803 (90.3800)
[2018-04-21 05:26:31] Epoch: [5][40000/44376]	Time 0.028 (0.106)	Data 0.000 (0.085)	Loss 90.3823 (90.3800)
[2018-04-21 05:28:38] Epoch: [5][42000/44376]	Time 0.034 (0.104)	Data 0.022 (0.083)	Loss 90.3824 (90.3800)
[2018-04-21 05:30:34] Epoch: [5][44000/44376]	Time 0.029 (0.102)	Data 0.000 (0.081)	Loss 90.3761 (90.3800)
[2018-04-21 05:48:10] [epoch 5]: loss : 90.37934170496534
[2018-04-21 05:48:10] Evaluate Result:	Acc  44.79	Best 44.79 (5)
[2018-04-21 05:55:07] Epoch: [6][2000/44376]	Time 0.082 (0.206)	Data 0.070 (0.188)	Loss 90.3825 (90.3799)
[2018-04-21 06:01:36] Epoch: [6][4000/44376]	Time 0.246 (0.200)	Data 0.232 (0.182)	Loss 90.3825 (90.3799)
[2018-04-21 06:08:32] Epoch: [6][6000/44376]	Time 0.056 (0.203)	Data 0.043 (0.185)	Loss 90.3777 (90.3799)
[2018-04-21 06:14:19] Epoch: [6][8000/44376]	Time 0.028 (0.195)	Data 0.000 (0.177)	Loss 90.3785 (90.3799)
[2018-04-21 06:19:19] Epoch: [6][10000/44376]	Time 0.028 (0.186)	Data 0.000 (0.168)	Loss 90.3810 (90.3799)
[2018-04-21 06:23:21] Epoch: [6][12000/44376]	Time 0.138 (0.175)	Data 0.126 (0.157)	Loss 90.3808 (90.3799)
[2018-04-21 06:26:37] Epoch: [6][14000/44376]	Time 0.044 (0.164)	Data 0.032 (0.146)	Loss 90.3768 (90.3799)
[2018-04-21 06:29:21] Epoch: [6][16000/44376]	Time 0.029 (0.154)	Data 0.000 (0.135)	Loss 90.3692 (90.3799)
[2018-04-21 06:31:45] Epoch: [6][18000/44376]	Time 0.028 (0.145)	Data 0.000 (0.126)	Loss 90.3811 (90.3799)
[2018-04-21 06:34:08] Epoch: [6][20000/44376]	Time 0.180 (0.138)	Data 0.165 (0.118)	Loss 90.3817 (90.3799)
[2018-04-21 06:36:44] Epoch: [6][22000/44376]	Time 0.029 (0.132)	Data 0.000 (0.113)	Loss 90.3794 (90.3799)
[2018-04-21 06:39:19] Epoch: [6][24000/44376]	Time 0.029 (0.128)	Data 0.000 (0.108)	Loss 90.3800 (90.3799)
[2018-04-21 06:41:36] Epoch: [6][26000/44376]	Time 0.048 (0.123)	Data 0.035 (0.103)	Loss 90.3789 (90.3799)
[2018-04-21 06:43:44] Epoch: [6][28000/44376]	Time 0.026 (0.119)	Data 0.000 (0.099)	Loss 90.3829 (90.3799)
[2018-04-21 06:45:49] Epoch: [6][30000/44376]	Time 0.029 (0.115)	Data 0.000 (0.095)	Loss 90.3817 (90.3799)
[2018-04-21 06:47:40] Epoch: [6][32000/44376]	Time 0.075 (0.111)	Data 0.064 (0.091)	Loss 90.3775 (90.3799)
[2018-04-21 06:49:21] Epoch: [6][34000/44376]	Time 0.029 (0.108)	Data 0.000 (0.087)	Loss 90.3776 (90.3799)
[2018-04-21 06:50:59] Epoch: [6][36000/44376]	Time 0.029 (0.105)	Data 0.000 (0.084)	Loss 90.3806 (90.3799)
[2018-04-21 06:52:36] Epoch: [6][38000/44376]	Time 0.028 (0.102)	Data 0.000 (0.081)	Loss 90.3825 (90.3799)
[2018-04-21 06:54:10] Epoch: [6][40000/44376]	Time 0.061 (0.099)	Data 0.050 (0.078)	Loss 90.3819 (90.3799)
[2018-04-21 06:55:42] Epoch: [6][42000/44376]	Time 0.071 (0.096)	Data 0.056 (0.075)	Loss 90.3797 (90.3799)
[2018-04-21 06:57:10] Epoch: [6][44000/44376]	Time 0.030 (0.094)	Data 0.000 (0.073)	Loss 90.3745 (90.3799)
[2018-04-21 07:15:09] [epoch 6]: loss : 90.37930967065479
[2018-04-21 07:15:09] Evaluate Result:	Acc  45.118	Best 45.118 (6)
[2018-04-21 07:20:25] Epoch: [7][2000/44376]	Time 0.029 (0.156)	Data 0.000 (0.138)	Loss 90.3807 (90.3798)
[2018-04-21 07:25:31] Epoch: [7][4000/44376]	Time 0.048 (0.155)	Data 0.032 (0.136)	Loss 90.3817 (90.3799)
[2018-04-21 07:30:29] Epoch: [7][6000/44376]	Time 0.135 (0.153)	Data 0.120 (0.134)	Loss 90.3790 (90.3799)
[2018-04-21 07:34:59] Epoch: [7][8000/44376]	Time 0.029 (0.148)	Data 0.016 (0.130)	Loss 90.3818 (90.3799)
[2018-04-21 07:41:18] Epoch: [7][10000/44376]	Time 0.029 (0.157)	Data 0.000 (0.138)	Loss 90.3698 (90.3799)
[2018-04-21 07:46:53] Epoch: [7][12000/44376]	Time 0.267 (0.158)	Data 0.252 (0.139)	Loss 90.3802 (90.3799)
[2018-04-21 07:51:42] Epoch: [7][14000/44376]	Time 0.028 (0.156)	Data 0.000 (0.137)	Loss 90.3813 (90.3799)
[2018-04-21 07:55:37] Epoch: [7][16000/44376]	Time 0.158 (0.152)	Data 0.147 (0.132)	Loss 90.3798 (90.3799)
[2018-04-21 07:58:56] Epoch: [7][18000/44376]	Time 0.118 (0.146)	Data 0.101 (0.126)	Loss 90.3816 (90.3799)
[2018-04-21 08:02:14] Epoch: [7][20000/44376]	Time 0.027 (0.141)	Data 0.000 (0.121)	Loss 90.3766 (90.3799)
[2018-04-21 08:05:02] Epoch: [7][22000/44376]	Time 0.135 (0.136)	Data 0.122 (0.116)	Loss 90.3818 (90.3799)
[2018-04-21 08:07:18] Epoch: [7][24000/44376]	Time 0.082 (0.130)	Data 0.067 (0.110)	Loss 90.3803 (90.3799)
[2018-04-21 08:09:14] Epoch: [7][26000/44376]	Time 0.028 (0.125)	Data 0.000 (0.104)	Loss 90.3747 (90.3799)
[2018-04-21 08:10:54] Epoch: [7][28000/44376]	Time 0.029 (0.119)	Data 0.000 (0.099)	Loss 90.3816 (90.3799)
[2018-04-21 08:12:24] Epoch: [7][30000/44376]	Time 0.029 (0.114)	Data 0.000 (0.093)	Loss 90.3816 (90.3799)
[2018-04-21 08:13:34] Epoch: [7][32000/44376]	Time 0.029 (0.109)	Data 0.000 (0.088)	Loss 90.3810 (90.3799)
[2018-04-21 08:14:42] Epoch: [7][34000/44376]	Time 0.029 (0.105)	Data 0.000 (0.083)	Loss 90.3829 (90.3799)
[2018-04-21 08:15:45] Epoch: [7][36000/44376]	Time 0.029 (0.101)	Data 0.000 (0.079)	Loss 90.3812 (90.3799)
[2018-04-21 08:16:47] Epoch: [7][38000/44376]	Time 0.029 (0.097)	Data 0.000 (0.075)	Loss 90.3822 (90.3799)
[2018-04-21 08:17:45] Epoch: [7][40000/44376]	Time 0.029 (0.094)	Data 0.000 (0.071)	Loss 90.3808 (90.3799)
[2018-04-21 08:18:43] Epoch: [7][42000/44376]	Time 0.029 (0.091)	Data 0.000 (0.068)	Loss 90.3815 (90.3799)
[2018-04-21 08:19:41] Epoch: [7][44000/44376]	Time 0.030 (0.088)	Data 0.000 (0.065)	Loss 90.3766 (90.3799)
[2018-04-21 08:36:59] [epoch 7]: loss : 90.37928835172707
[2018-04-21 08:36:59] Evaluate Result:	Acc  44.944	Best 45.118 (6)
[2018-04-21 08:41:41] Epoch: [8][2000/44376]	Time 0.063 (0.139)	Data 0.050 (0.120)	Loss 90.3821 (90.3799)
[2018-04-21 08:46:14] Epoch: [8][4000/44376]	Time 0.092 (0.138)	Data 0.074 (0.119)	Loss 90.3796 (90.3799)
[2018-04-21 08:50:51] Epoch: [8][6000/44376]	Time 0.074 (0.138)	Data 0.062 (0.119)	Loss 90.3792 (90.3799)
[2018-04-21 08:55:18] Epoch: [8][8000/44376]	Time 0.033 (0.137)	Data 0.021 (0.118)	Loss 90.3815 (90.3799)
[2018-04-21 08:59:25] Epoch: [8][10000/44376]	Time 0.026 (0.134)	Data 0.000 (0.115)	Loss 90.3819 (90.3799)
[2018-04-21 09:03:06] Epoch: [8][12000/44376]	Time 0.038 (0.130)	Data 0.026 (0.111)	Loss 90.3820 (90.3799)
[2018-04-21 09:06:18] Epoch: [8][14000/44376]	Time 0.075 (0.125)	Data 0.063 (0.106)	Loss 90.3812 (90.3799)
[2018-04-21 09:08:57] Epoch: [8][16000/44376]	Time 0.029 (0.120)	Data 0.000 (0.100)	Loss 90.3804 (90.3799)
[2018-04-21 09:11:06] Epoch: [8][18000/44376]	Time 0.036 (0.113)	Data 0.000 (0.094)	Loss 90.3809 (90.3799)
[2018-04-21 09:12:46] Epoch: [8][20000/44376]	Time 0.067 (0.107)	Data 0.056 (0.087)	Loss 90.3813 (90.3799)
[2018-04-21 09:14:09] Epoch: [8][22000/44376]	Time 0.028 (0.101)	Data 0.000 (0.080)	Loss 90.3781 (90.3799)
[2018-04-21 09:15:16] Epoch: [8][24000/44376]	Time 0.028 (0.096)	Data 0.000 (0.074)	Loss 90.3813 (90.3799)
[2018-04-21 09:16:17] Epoch: [8][26000/44376]	Time 0.035 (0.091)	Data 0.000 (0.069)	Loss 90.3822 (90.3799)
[2018-04-21 09:17:15] Epoch: [8][28000/44376]	Time 0.029 (0.086)	Data 0.000 (0.064)	Loss 90.3776 (90.3799)
[2018-04-21 09:18:12] Epoch: [8][30000/44376]	Time 0.029 (0.082)	Data 0.000 (0.060)	Loss 90.3820 (90.3799)
[2018-04-21 09:19:10] Epoch: [8][32000/44376]	Time 0.029 (0.079)	Data 0.000 (0.056)	Loss 90.3743 (90.3799)
[2018-04-21 09:20:08] Epoch: [8][34000/44376]	Time 0.029 (0.076)	Data 0.000 (0.053)	Loss 90.3792 (90.3799)
[2018-04-21 09:21:06] Epoch: [8][36000/44376]	Time 0.029 (0.073)	Data 0.000 (0.050)	Loss 90.3811 (90.3799)
[2018-04-21 09:22:03] Epoch: [8][38000/44376]	Time 0.029 (0.071)	Data 0.000 (0.047)	Loss 90.3825 (90.3799)
[2018-04-21 09:23:01] Epoch: [8][40000/44376]	Time 0.029 (0.069)	Data 0.000 (0.045)	Loss 90.3803 (90.3799)
[2018-04-21 09:23:59] Epoch: [8][42000/44376]	Time 0.029 (0.067)	Data 0.000 (0.043)	Loss 90.3808 (90.3799)
[2018-04-21 09:24:56] Epoch: [8][44000/44376]	Time 0.029 (0.065)	Data 0.000 (0.041)	Loss 90.3816 (90.3799)
[2018-04-21 09:44:20] [epoch 8]: loss : 90.37927843064301
[2018-04-21 09:44:20] Evaluate Result:	Acc  45.255	Best 45.255 (8)
[2018-04-21 09:48:41] Epoch: [9][2000/44376]	Time 0.222 (0.128)	Data 0.208 (0.109)	Loss 90.3806 (90.3798)
[2018-04-21 09:52:58] Epoch: [9][4000/44376]	Time 0.028 (0.128)	Data 0.000 (0.109)	Loss 90.3815 (90.3798)
[2018-04-21 09:57:22] Epoch: [9][6000/44376]	Time 0.029 (0.130)	Data 0.000 (0.110)	Loss 90.3790 (90.3798)
[2018-04-21 10:01:25] Epoch: [9][8000/44376]	Time 0.257 (0.128)	Data 0.243 (0.108)	Loss 90.3672 (90.3798)
[2018-04-21 10:05:04] Epoch: [9][10000/44376]	Time 0.027 (0.124)	Data 0.000 (0.104)	Loss 90.3811 (90.3798)
[2018-04-21 10:08:21] Epoch: [9][12000/44376]	Time 0.030 (0.120)	Data 0.000 (0.100)	Loss 90.3816 (90.3798)
[2018-04-21 10:11:14] Epoch: [9][14000/44376]	Time 0.029 (0.115)	Data 0.000 (0.095)	Loss 90.3818 (90.3799)
[2018-04-21 10:13:57] Epoch: [9][16000/44376]	Time 0.028 (0.111)	Data 0.000 (0.091)	Loss 90.3814 (90.3799)
[2018-04-21 10:16:14] Epoch: [9][18000/44376]	Time 0.033 (0.106)	Data 0.000 (0.086)	Loss 90.3798 (90.3799)
[2018-04-21 10:18:04] Epoch: [9][20000/44376]	Time 0.030 (0.101)	Data 0.000 (0.081)	Loss 90.3808 (90.3799)
[2018-04-21 10:19:30] Epoch: [9][22000/44376]	Time 0.029 (0.096)	Data 0.000 (0.075)	Loss 90.3825 (90.3799)
[2018-04-21 10:20:41] Epoch: [9][24000/44376]	Time 0.031 (0.091)	Data 0.000 (0.069)	Loss 90.3819 (90.3799)
[2018-04-21 10:21:43] Epoch: [9][26000/44376]	Time 0.029 (0.086)	Data 0.000 (0.064)	Loss 90.3807 (90.3799)
[2018-04-21 10:22:42] Epoch: [9][28000/44376]	Time 0.029 (0.082)	Data 0.000 (0.060)	Loss 90.3804 (90.3799)
[2018-04-21 10:23:39] Epoch: [9][30000/44376]	Time 0.031 (0.078)	Data 0.000 (0.056)	Loss 90.3787 (90.3799)
[2018-04-21 10:24:37] Epoch: [9][32000/44376]	Time 0.029 (0.075)	Data 0.000 (0.052)	Loss 90.3808 (90.3799)
[2018-04-21 10:25:35] Epoch: [9][34000/44376]	Time 0.029 (0.073)	Data 0.000 (0.049)	Loss 90.3801 (90.3799)
[2018-04-21 10:26:33] Epoch: [9][36000/44376]	Time 0.029 (0.070)	Data 0.000 (0.046)	Loss 90.3831 (90.3799)
[2018-04-21 10:27:30] Epoch: [9][38000/44376]	Time 0.028 (0.068)	Data 0.000 (0.044)	Loss 90.3817 (90.3799)
[2018-04-21 10:28:28] Epoch: [9][40000/44376]	Time 0.029 (0.066)	Data 0.000 (0.042)	Loss 90.3818 (90.3799)
[2018-04-21 10:29:26] Epoch: [9][42000/44376]	Time 0.029 (0.064)	Data 0.000 (0.040)	Loss 90.3768 (90.3799)
[2018-04-21 10:30:23] Epoch: [9][44000/44376]	Time 0.029 (0.063)	Data 0.000 (0.038)	Loss 90.3792 (90.3799)
[2018-04-21 10:49:42] [epoch 9]: loss : 90.37927214536707
[2018-04-21 10:49:42] Evaluate Result:	Acc  45.372	Best 45.372 (9)
[2018-04-21 10:54:12] Epoch: [10][2000/44376]	Time 0.409 (0.133)	Data 0.390 (0.114)	Loss 90.3789 (90.3798)
[2018-04-21 10:58:40] Epoch: [10][4000/44376]	Time 0.029 (0.133)	Data 0.000 (0.114)	Loss 90.3828 (90.3799)
[2018-04-21 11:03:11] Epoch: [10][6000/44376]	Time 0.029 (0.134)	Data 0.000 (0.115)	Loss 90.3816 (90.3799)
[2018-04-21 11:07:25] Epoch: [10][8000/44376]	Time 0.073 (0.132)	Data 0.061 (0.113)	Loss 90.3791 (90.3798)
[2018-04-21 11:11:07] Epoch: [10][10000/44376]	Time 0.028 (0.128)	Data 0.000 (0.109)	Loss 90.3810 (90.3799)
[2018-04-21 11:14:33] Epoch: [10][12000/44376]	Time 0.333 (0.124)	Data 0.316 (0.104)	Loss 90.3785 (90.3799)
[2018-04-21 11:17:35] Epoch: [10][14000/44376]	Time 0.027 (0.119)	Data 0.000 (0.100)	Loss 90.3806 (90.3799)
[2018-04-21 11:20:22] Epoch: [10][16000/44376]	Time 0.120 (0.115)	Data 0.107 (0.095)	Loss 90.3825 (90.3799)
[2018-04-21 11:22:34] Epoch: [10][18000/44376]	Time 0.056 (0.109)	Data 0.044 (0.089)	Loss 90.3702 (90.3799)
[2018-04-21 11:24:27] Epoch: [10][20000/44376]	Time 0.127 (0.104)	Data 0.114 (0.084)	Loss 90.3785 (90.3799)
[2018-04-21 11:25:53] Epoch: [10][22000/44376]	Time 0.029 (0.098)	Data 0.000 (0.078)	Loss 90.3796 (90.3799)
[2018-04-21 11:27:05] Epoch: [10][24000/44376]	Time 0.029 (0.093)	Data 0.000 (0.072)	Loss 90.3794 (90.3799)
[2018-04-21 11:28:09] Epoch: [10][26000/44376]	Time 0.075 (0.089)	Data 0.061 (0.067)	Loss 90.3815 (90.3799)
[2018-04-21 11:29:06] Epoch: [10][28000/44376]	Time 0.029 (0.084)	Data 0.000 (0.062)	Loss 90.3647 (90.3799)
[2018-04-21 11:30:04] Epoch: [10][30000/44376]	Time 0.029 (0.081)	Data 0.000 (0.058)	Loss 90.3831 (90.3799)
[2018-04-21 11:31:02] Epoch: [10][32000/44376]	Time 0.028 (0.077)	Data 0.000 (0.054)	Loss 90.3821 (90.3799)
[2018-04-21 11:32:00] Epoch: [10][34000/44376]	Time 0.028 (0.075)	Data 0.000 (0.051)	Loss 90.3698 (90.3799)
[2018-04-21 11:32:58] Epoch: [10][36000/44376]	Time 0.029 (0.072)	Data 0.000 (0.048)	Loss 90.3808 (90.3799)
[2018-04-21 11:33:55] Epoch: [10][38000/44376]	Time 0.029 (0.070)	Data 0.000 (0.046)	Loss 90.3756 (90.3799)
[2018-04-21 11:34:53] Epoch: [10][40000/44376]	Time 0.029 (0.068)	Data 0.000 (0.044)	Loss 90.3820 (90.3799)
[2018-04-21 11:35:51] Epoch: [10][42000/44376]	Time 0.028 (0.066)	Data 0.000 (0.041)	Loss 90.3774 (90.3799)
[2018-04-21 11:36:48] Epoch: [10][44000/44376]	Time 0.029 (0.064)	Data 0.000 (0.040)	Loss 90.3823 (90.3799)
[2018-04-21 11:56:52] [epoch 10]: loss : 90.37926855348609
[2018-04-21 11:56:52] Evaluate Result:	Acc  45.282	Best 45.372 (9)
[2018-04-21 11:56:56] Evaluate Result:	best accuracy:  45.372	best epoch9
