[2018-04-16 16:46:30] [Info] use gpu: 3
[2018-04-16 16:46:30] [Info] init dataset
[2018-04-16 16:52:45] [Load] ../data/glove/glove.6B.300d.txt
[2018-04-16 16:54:34] [Info] embedding size: 300
[2018-04-16 16:54:36] [Info] total parameters: 142M
[2018-04-16 16:54:36] [debug] word embedding filling count: 11539/11898
[2018-04-16 16:54:40] [Info] start training...
[2018-04-16 17:06:07] Epoch: [1][2000/44376]	Time 0.027 (0.344)	Data 0.000 (0.321)	Loss 90.3816 (90.3814)
[2018-04-16 17:15:39] Epoch: [1][4000/44376]	Time 0.370 (0.315)	Data 0.358 (0.294)	Loss 90.3809 (90.3810)
[2018-04-16 17:29:08] Epoch: [1][6000/44376]	Time 0.500 (0.345)	Data 0.490 (0.326)	Loss 90.3793 (90.3809)
[2018-04-16 17:43:44] Epoch: [1][8000/44376]	Time 0.068 (0.368)	Data 0.057 (0.350)	Loss 90.3814 (90.3808)
[2018-04-16 17:58:29] Epoch: [1][10000/44376]	Time 0.501 (0.383)	Data 0.491 (0.366)	Loss 90.3820 (90.3807)
[2018-04-16 18:13:54] Epoch: [1][12000/44376]	Time 0.687 (0.396)	Data 0.673 (0.379)	Loss 90.3702 (90.3807)
[2018-04-16 18:29:02] Epoch: [1][14000/44376]	Time 0.621 (0.404)	Data 0.609 (0.388)	Loss 90.3788 (90.3807)
[2018-04-16 18:42:46] Epoch: [1][16000/44376]	Time 0.471 (0.405)	Data 0.461 (0.389)	Loss 90.3683 (90.3806)
[2018-04-16 18:56:23] Epoch: [1][18000/44376]	Time 0.563 (0.406)	Data 0.549 (0.389)	Loss 90.3799 (90.3806)
[2018-04-16 19:10:02] Epoch: [1][20000/44376]	Time 0.428 (0.406)	Data 0.418 (0.390)	Loss 90.3817 (90.3806)
[2018-04-16 19:24:05] Epoch: [1][22000/44376]	Time 0.681 (0.407)	Data 0.669 (0.391)	Loss 90.3816 (90.3806)
[2018-04-16 19:38:20] Epoch: [1][24000/44376]	Time 0.727 (0.409)	Data 0.717 (0.393)	Loss 90.3823 (90.3805)
[2018-04-16 19:53:13] Epoch: [1][26000/44376]	Time 0.519 (0.412)	Data 0.509 (0.396)	Loss 90.3817 (90.3805)
[2018-04-16 20:08:06] Epoch: [1][28000/44376]	Time 0.025 (0.415)	Data 0.000 (0.398)	Loss 90.3829 (90.3805)
[2018-04-16 20:23:13] Epoch: [1][30000/44376]	Time 0.847 (0.417)	Data 0.836 (0.401)	Loss 90.3772 (90.3805)
[2018-04-16 20:38:36] Epoch: [1][32000/44376]	Time 0.027 (0.420)	Data 0.000 (0.404)	Loss 90.3805 (90.3805)
[2018-04-16 20:54:28] Epoch: [1][34000/44376]	Time 0.783 (0.423)	Data 0.769 (0.407)	Loss 90.3813 (90.3805)
[2018-04-16 21:10:13] Epoch: [1][36000/44376]	Time 0.028 (0.426)	Data 0.000 (0.410)	Loss 90.3743 (90.3805)
[2018-04-16 21:27:29] Epoch: [1][38000/44376]	Time 0.028 (0.431)	Data 0.000 (0.415)	Loss 90.3774 (90.3805)
[2018-04-16 21:44:09] Epoch: [1][40000/44376]	Time 0.029 (0.434)	Data 0.000 (0.418)	Loss 90.3810 (90.3805)
[2018-04-16 22:01:17] Epoch: [1][42000/44376]	Time 0.655 (0.438)	Data 0.645 (0.422)	Loss 90.3777 (90.3805)
[2018-04-16 22:18:29] Epoch: [1][44000/44376]	Time 0.744 (0.442)	Data 0.726 (0.426)	Loss 90.3811 (90.3804)
[2018-04-16 22:23:24] [epoch 1]: loss : 90.37983107639901
[2018-04-16 22:23:24] Evaluate Result:	Acc  41.0	Best 41.0 (1)
[2018-04-16 22:41:19] Epoch: [2][2000/44376]	Time 0.571 (0.532)	Data 0.554 (0.515)	Loss 90.3822 (90.3801)
[2018-04-16 22:59:33] Epoch: [2][4000/44376]	Time 0.516 (0.539)	Data 0.504 (0.523)	Loss 90.3817 (90.3801)
[2018-04-16 23:18:32] Epoch: [2][6000/44376]	Time 0.452 (0.549)	Data 0.442 (0.533)	Loss 90.3784 (90.3801)
[2018-04-16 23:37:27] Epoch: [2][8000/44376]	Time 0.487 (0.554)	Data 0.476 (0.538)	Loss 90.3809 (90.3801)
[2018-04-16 23:56:39] Epoch: [2][10000/44376]	Time 0.028 (0.558)	Data 0.000 (0.542)	Loss 90.3823 (90.3801)
[2018-04-17 00:16:13] Epoch: [2][12000/44376]	Time 0.790 (0.563)	Data 0.773 (0.547)	Loss 90.3807 (90.3801)
[2018-04-17 00:35:56] Epoch: [2][14000/44376]	Time 0.240 (0.567)	Data 0.228 (0.551)	Loss 90.3811 (90.3801)
[2018-04-17 00:56:00] Epoch: [2][16000/44376]	Time 0.381 (0.572)	Data 0.368 (0.555)	Loss 90.3797 (90.3801)
[2018-04-17 01:16:24] Epoch: [2][18000/44376]	Time 0.916 (0.576)	Data 0.901 (0.560)	Loss 90.3757 (90.3801)
[2018-04-17 01:37:06] Epoch: [2][20000/44376]	Time 0.383 (0.580)	Data 0.371 (0.564)	Loss 90.3809 (90.3801)
[2018-04-17 01:58:05] Epoch: [2][22000/44376]	Time 0.804 (0.585)	Data 0.790 (0.569)	Loss 90.3749 (90.3800)
[2018-04-17 02:19:29] Epoch: [2][24000/44376]	Time 1.357 (0.590)	Data 1.342 (0.573)	Loss 90.3819 (90.3801)
[2018-04-17 02:41:16] Epoch: [2][26000/44376]	Time 1.418 (0.595)	Data 1.402 (0.578)	Loss 90.3708 (90.3801)
[2018-04-17 03:03:13] Epoch: [2][28000/44376]	Time 0.168 (0.599)	Data 0.153 (0.583)	Loss 90.3805 (90.3801)
[2018-04-17 03:24:58] Epoch: [2][30000/44376]	Time 0.969 (0.603)	Data 0.953 (0.586)	Loss 90.3809 (90.3801)
[2018-04-17 03:47:16] Epoch: [2][32000/44376]	Time 0.433 (0.607)	Data 0.420 (0.590)	Loss 90.3809 (90.3801)
[2018-04-17 04:10:00] Epoch: [2][34000/44376]	Time 1.210 (0.611)	Data 1.196 (0.595)	Loss 90.3829 (90.3801)
[2018-04-17 04:32:39] Epoch: [2][36000/44376]	Time 0.209 (0.615)	Data 0.197 (0.599)	Loss 90.3811 (90.3801)
[2018-04-17 04:55:28] Epoch: [2][38000/44376]	Time 1.179 (0.619)	Data 1.160 (0.602)	Loss 90.3807 (90.3801)
[2018-04-17 05:18:20] Epoch: [2][40000/44376]	Time 0.395 (0.622)	Data 0.382 (0.606)	Loss 90.3830 (90.3801)
[2018-04-17 05:41:24] Epoch: [2][42000/44376]	Time 0.029 (0.625)	Data 0.000 (0.609)	Loss 90.3790 (90.3801)
[2018-04-17 06:04:14] Epoch: [2][44000/44376]	Time 0.554 (0.628)	Data 0.534 (0.612)	Loss 90.3771 (90.3801)
[2018-04-17 06:10:25] [epoch 2]: loss : 90.37944730939533
[2018-04-17 06:10:26] Evaluate Result:	Acc  42.9	Best 42.9 (2)
[2018-04-17 06:33:09] Epoch: [3][2000/44376]	Time 0.029 (0.674)	Data 0.000 (0.657)	Loss 90.3822 (90.3800)
[2018-04-17 06:56:34] Epoch: [3][4000/44376]	Time 1.084 (0.688)	Data 1.068 (0.671)	Loss 90.3809 (90.3800)
[2018-04-17 07:20:00] Epoch: [3][6000/44376]	Time 0.804 (0.693)	Data 0.785 (0.676)	Loss 90.3813 (90.3799)
[2018-04-17 07:44:18] Epoch: [3][8000/44376]	Time 0.963 (0.702)	Data 0.947 (0.685)	Loss 90.3806 (90.3799)
[2018-04-17 08:11:41] Epoch: [3][10000/44376]	Time 0.027 (0.726)	Data 0.000 (0.709)	Loss 90.3823 (90.3799)
[2018-04-17 08:36:51] Epoch: [3][12000/44376]	Time 1.438 (0.731)	Data 1.415 (0.714)	Loss 90.3794 (90.3799)
[2018-04-17 09:02:04] Epoch: [3][14000/44376]	Time 0.449 (0.735)	Data 0.433 (0.718)	Loss 90.3786 (90.3799)
[2018-04-17 09:27:20] Epoch: [3][16000/44376]	Time 0.897 (0.737)	Data 0.882 (0.720)	Loss 90.3820 (90.3799)
[2018-04-17 09:52:44] Epoch: [3][18000/44376]	Time 0.461 (0.740)	Data 0.442 (0.723)	Loss 90.3820 (90.3799)
[2018-04-17 10:18:09] Epoch: [3][20000/44376]	Time 0.098 (0.742)	Data 0.079 (0.725)	Loss 90.3800 (90.3799)
[2018-04-17 10:43:18] Epoch: [3][22000/44376]	Time 0.028 (0.744)	Data 0.000 (0.727)	Loss 90.3823 (90.3799)
[2018-04-17 11:08:55] Epoch: [3][24000/44376]	Time 0.780 (0.746)	Data 0.769 (0.729)	Loss 90.3823 (90.3799)
[2018-04-17 11:33:59] Epoch: [3][26000/44376]	Time 0.721 (0.746)	Data 0.707 (0.729)	Loss 90.3823 (90.3799)
[2018-04-17 11:59:09] Epoch: [3][28000/44376]	Time 0.444 (0.747)	Data 0.433 (0.730)	Loss 90.3834 (90.3799)
[2018-04-17 12:24:01] Epoch: [3][30000/44376]	Time 1.416 (0.747)	Data 1.403 (0.730)	Loss 90.3756 (90.3799)
[2018-04-17 12:49:23] Epoch: [3][32000/44376]	Time 0.029 (0.748)	Data 0.000 (0.731)	Loss 90.3817 (90.3799)
[2018-04-17 13:13:52] Epoch: [3][34000/44376]	Time 0.028 (0.747)	Data 0.000 (0.730)	Loss 90.3704 (90.3799)
[2018-04-17 13:39:43] Epoch: [3][36000/44376]	Time 0.713 (0.748)	Data 0.695 (0.731)	Loss 90.3803 (90.3799)
[2018-04-17 14:04:38] Epoch: [3][38000/44376]	Time 1.621 (0.748)	Data 1.603 (0.731)	Loss 90.3751 (90.3799)
[2018-04-17 14:29:36] Epoch: [3][40000/44376]	Time 0.940 (0.748)	Data 0.927 (0.731)	Loss 90.3833 (90.3799)
[2018-04-17 14:56:28] Epoch: [3][42000/44376]	Time 0.863 (0.751)	Data 0.848 (0.734)	Loss 90.3691 (90.3799)
[2018-04-17 15:20:59] Epoch: [3][44000/44376]	Time 0.878 (0.750)	Data 0.861 (0.733)	Loss 90.3818 (90.3799)
[2018-04-17 15:27:33] [epoch 3]: loss : 90.37926405392102
[2018-04-17 15:27:34] Evaluate Result:	Acc  49.1	Best 49.1 (3)
[2018-04-17 15:51:31] Epoch: [4][2000/44376]	Time 0.883 (0.710)	Data 0.872 (0.693)	Loss 90.3805 (90.3798)
[2018-04-17 16:15:41] Epoch: [4][4000/44376]	Time 0.164 (0.718)	Data 0.152 (0.700)	Loss 90.3831 (90.3797)
[2018-04-17 16:39:44] Epoch: [4][6000/44376]	Time 0.689 (0.719)	Data 0.677 (0.702)	Loss 90.3648 (90.3797)
[2018-04-17 17:04:26] Epoch: [4][8000/44376]	Time 1.064 (0.724)	Data 1.051 (0.707)	Loss 90.3822 (90.3797)
[2018-04-17 17:28:40] Epoch: [4][10000/44376]	Time 0.464 (0.725)	Data 0.446 (0.708)	Loss 90.3826 (90.3797)
[2018-04-17 17:52:34] Epoch: [4][12000/44376]	Time 0.030 (0.724)	Data 0.000 (0.707)	Loss 90.3819 (90.3797)
[2018-04-17 18:16:54] Epoch: [4][14000/44376]	Time 0.727 (0.724)	Data 0.712 (0.707)	Loss 90.3825 (90.3797)
[2018-04-17 18:41:11] Epoch: [4][16000/44376]	Time 1.638 (0.725)	Data 1.623 (0.708)	Loss 90.3779 (90.3797)
[2018-04-17 19:05:17] Epoch: [4][18000/44376]	Time 0.872 (0.725)	Data 0.856 (0.708)	Loss 90.3807 (90.3797)
[2018-04-17 19:28:47] Epoch: [4][20000/44376]	Time 0.960 (0.723)	Data 0.943 (0.706)	Loss 90.3747 (90.3797)
[2018-04-17 19:52:54] Epoch: [4][22000/44376]	Time 1.164 (0.723)	Data 1.148 (0.706)	Loss 90.3807 (90.3798)
[2018-04-17 20:17:06] Epoch: [4][24000/44376]	Time 1.021 (0.723)	Data 1.007 (0.706)	Loss 90.3771 (90.3798)
[2018-04-17 20:41:26] Epoch: [4][26000/44376]	Time 0.181 (0.724)	Data 0.169 (0.707)	Loss 90.3804 (90.3798)
[2018-04-17 21:05:52] Epoch: [4][28000/44376]	Time 0.145 (0.724)	Data 0.134 (0.707)	Loss 90.3817 (90.3798)
[2018-04-17 21:30:00] Epoch: [4][30000/44376]	Time 1.359 (0.724)	Data 1.345 (0.707)	Loss 90.3760 (90.3798)
[2018-04-17 21:54:31] Epoch: [4][32000/44376]	Time 1.003 (0.725)	Data 0.987 (0.708)	Loss 90.3817 (90.3798)
[2018-04-17 22:18:57] Epoch: [4][34000/44376]	Time 1.251 (0.725)	Data 1.236 (0.708)	Loss 90.3820 (90.3798)
[2018-04-17 22:43:17] Epoch: [4][36000/44376]	Time 0.028 (0.726)	Data 0.000 (0.709)	Loss 90.3820 (90.3798)
[2018-04-17 23:07:32] Epoch: [4][38000/44376]	Time 0.162 (0.726)	Data 0.149 (0.709)	Loss 90.3797 (90.3798)
[2018-04-17 23:32:12] Epoch: [4][40000/44376]	Time 0.816 (0.727)	Data 0.800 (0.709)	Loss 90.3812 (90.3798)
[2018-04-17 23:56:38] Epoch: [4][42000/44376]	Time 0.198 (0.727)	Data 0.183 (0.710)	Loss 90.3816 (90.3798)
[2018-04-18 00:20:55] Epoch: [4][44000/44376]	Time 0.255 (0.727)	Data 0.244 (0.710)	Loss 90.3804 (90.3798)
[2018-04-18 00:27:50] [epoch 4]: loss : 90.37913930327996
[2018-04-18 00:27:51] Evaluate Result:	Acc  46.4	Best 49.1 (3)
[2018-04-18 00:51:27] Epoch: [5][2000/44376]	Time 0.586 (0.699)	Data 0.573 (0.682)	Loss 90.3826 (90.3796)
[2018-04-18 01:15:31] Epoch: [5][4000/44376]	Time 1.325 (0.711)	Data 1.313 (0.693)	Loss 90.3823 (90.3796)
