[2018-04-21 12:27:48] [Info] use gpu: 2
[2018-04-21 12:27:48] [Info] init dataset
[2018-04-21 12:30:10] [Load] ../data/glove/glove.6B.300d.txt
[2018-04-21 12:30:37] [Info] embedding size: 300
[2018-04-21 12:30:38] [Info] total parameters: 42M
[2018-04-21 12:30:38] [debug] word embedding filling count: 11539/11898
[2018-04-21 12:30:44] [Info] start training...
[2018-04-21 12:40:38] Epoch: [1][2000/44376]	Time 0.649 (0.297)	Data 0.620 (0.270)	Loss 90.3816 (90.3816)
[2018-04-21 12:48:53] Epoch: [1][4000/44376]	Time 0.209 (0.272)	Data 0.190 (0.246)	Loss 90.3826 (90.3813)
[2018-04-21 12:55:44] Epoch: [1][6000/44376]	Time 0.040 (0.250)	Data 0.000 (0.224)	Loss 90.3822 (90.3811)
[2018-04-21 13:01:12] Epoch: [1][8000/44376]	Time 0.040 (0.228)	Data 0.000 (0.202)	Loss 90.3817 (90.3809)
[2018-04-21 13:05:48] Epoch: [1][10000/44376]	Time 0.339 (0.210)	Data 0.321 (0.184)	Loss 90.3809 (90.3809)
[2018-04-21 13:09:33] Epoch: [1][12000/44376]	Time 0.041 (0.194)	Data 0.000 (0.167)	Loss 90.3824 (90.3808)
[2018-04-21 13:12:42] Epoch: [1][14000/44376]	Time 0.040 (0.180)	Data 0.000 (0.152)	Loss 90.3758 (90.3808)
[2018-04-21 13:15:09] Epoch: [1][16000/44376]	Time 0.039 (0.167)	Data 0.000 (0.138)	Loss 90.3818 (90.3807)
[2018-04-21 13:17:14] Epoch: [1][18000/44376]	Time 0.045 (0.155)	Data 0.000 (0.126)	Loss 90.3825 (90.3807)
[2018-04-21 13:18:53] Epoch: [1][20000/44376]	Time 0.041 (0.144)	Data 0.000 (0.115)	Loss 90.3830 (90.3807)
[2018-04-21 13:20:21] Epoch: [1][22000/44376]	Time 0.040 (0.135)	Data 0.000 (0.105)	Loss 90.3821 (90.3806)
[2018-04-21 13:21:46] Epoch: [1][24000/44376]	Time 0.041 (0.128)	Data 0.000 (0.096)	Loss 90.3806 (90.3806)
[2018-04-21 13:23:09] Epoch: [1][26000/44376]	Time 0.041 (0.121)	Data 0.000 (0.089)	Loss 90.3816 (90.3806)
[2018-04-21 13:24:31] Epoch: [1][28000/44376]	Time 0.041 (0.115)	Data 0.000 (0.082)	Loss 90.3694 (90.3806)
[2018-04-21 13:25:53] Epoch: [1][30000/44376]	Time 0.041 (0.110)	Data 0.000 (0.077)	Loss 90.3770 (90.3806)
[2018-04-21 13:27:15] Epoch: [1][32000/44376]	Time 0.041 (0.106)	Data 0.000 (0.072)	Loss 90.3819 (90.3805)
[2018-04-21 13:28:37] Epoch: [1][34000/44376]	Time 0.041 (0.102)	Data 0.000 (0.068)	Loss 90.3768 (90.3805)
[2018-04-21 13:29:58] Epoch: [1][36000/44376]	Time 0.041 (0.099)	Data 0.000 (0.064)	Loss 90.3718 (90.3805)
[2018-04-21 13:31:20] Epoch: [1][38000/44376]	Time 0.041 (0.096)	Data 0.000 (0.061)	Loss 90.3786 (90.3805)
[2018-04-21 13:32:42] Epoch: [1][40000/44376]	Time 0.041 (0.093)	Data 0.000 (0.058)	Loss 90.3814 (90.3805)
[2018-04-21 13:34:03] Epoch: [1][42000/44376]	Time 0.041 (0.090)	Data 0.000 (0.055)	Loss 90.3826 (90.3805)
[2018-04-21 13:35:25] Epoch: [1][44000/44376]	Time 0.041 (0.088)	Data 0.000 (0.053)	Loss 90.3824 (90.3805)
[2018-04-21 13:52:41] [epoch 1]: loss : 90.37986217070339
[2018-04-21 13:52:41] Evaluate Result:	Acc  42.218	Best 42.218 (1)
[2018-04-21 13:57:07] Epoch: [2][2000/44376]	Time 0.091 (0.130)	Data 0.071 (0.103)	Loss 90.3812 (90.3800)
[2018-04-21 14:00:58] Epoch: [2][4000/44376]	Time 0.040 (0.123)	Data 0.000 (0.095)	Loss 90.3810 (90.3800)
[2018-04-21 14:04:43] Epoch: [2][6000/44376]	Time 0.100 (0.120)	Data 0.078 (0.092)	Loss 90.3807 (90.3801)
[2018-04-21 14:08:22] Epoch: [2][8000/44376]	Time 0.091 (0.117)	Data 0.067 (0.089)	Loss 90.3813 (90.3801)
[2018-04-21 14:11:52] Epoch: [2][10000/44376]	Time 0.217 (0.115)	Data 0.192 (0.086)	Loss 90.3831 (90.3800)
[2018-04-21 14:15:22] Epoch: [2][12000/44376]	Time 0.120 (0.113)	Data 0.102 (0.085)	Loss 90.3830 (90.3800)
[2018-04-21 14:18:25] Epoch: [2][14000/44376]	Time 0.127 (0.110)	Data 0.108 (0.081)	Loss 90.3817 (90.3801)
[2018-04-21 14:20:56] Epoch: [2][16000/44376]	Time 0.041 (0.106)	Data 0.000 (0.076)	Loss 90.3781 (90.3801)
[2018-04-21 14:22:56] Epoch: [2][18000/44376]	Time 0.041 (0.101)	Data 0.000 (0.071)	Loss 90.3824 (90.3801)
[2018-04-21 14:24:33] Epoch: [2][20000/44376]	Time 0.040 (0.095)	Data 0.000 (0.065)	Loss 90.3794 (90.3801)
[2018-04-21 14:26:01] Epoch: [2][22000/44376]	Time 0.040 (0.091)	Data 0.000 (0.059)	Loss 90.3812 (90.3801)
[2018-04-21 14:27:23] Epoch: [2][24000/44376]	Time 0.041 (0.087)	Data 0.000 (0.054)	Loss 90.3812 (90.3801)
[2018-04-21 14:28:46] Epoch: [2][26000/44376]	Time 0.041 (0.083)	Data 0.000 (0.050)	Loss 90.3784 (90.3801)
[2018-04-21 14:30:08] Epoch: [2][28000/44376]	Time 0.041 (0.080)	Data 0.000 (0.047)	Loss 90.3760 (90.3800)
[2018-04-21 14:31:30] Epoch: [2][30000/44376]	Time 0.041 (0.077)	Data 0.000 (0.044)	Loss 90.3819 (90.3800)
[2018-04-21 14:32:51] Epoch: [2][32000/44376]	Time 0.041 (0.075)	Data 0.000 (0.041)	Loss 90.3821 (90.3800)
[2018-04-21 14:34:13] Epoch: [2][34000/44376]	Time 0.041 (0.073)	Data 0.000 (0.038)	Loss 90.3792 (90.3800)
[2018-04-21 14:35:35] Epoch: [2][36000/44376]	Time 0.040 (0.071)	Data 0.000 (0.036)	Loss 90.3818 (90.3800)
[2018-04-21 14:36:56] Epoch: [2][38000/44376]	Time 0.041 (0.070)	Data 0.000 (0.034)	Loss 90.3783 (90.3800)
[2018-04-21 14:38:18] Epoch: [2][40000/44376]	Time 0.041 (0.068)	Data 0.000 (0.033)	Loss 90.3826 (90.3800)
[2018-04-21 14:39:40] Epoch: [2][42000/44376]	Time 0.041 (0.067)	Data 0.000 (0.031)	Loss 90.3815 (90.3800)
[2018-04-21 14:41:01] Epoch: [2][44000/44376]	Time 0.041 (0.066)	Data 0.000 (0.030)	Loss 90.3708 (90.3800)
[2018-04-21 14:57:29] [epoch 2]: loss : 90.37943519479158
[2018-04-21 14:57:29] Evaluate Result:	Acc  45.782	Best 45.782 (2)
[2018-04-21 15:01:11] Epoch: [3][2000/44376]	Time 0.041 (0.109)	Data 0.000 (0.080)	Loss 90.3813 (90.3799)
[2018-04-21 15:04:41] Epoch: [3][4000/44376]	Time 0.040 (0.107)	Data 0.000 (0.078)	Loss 90.3745 (90.3799)
[2018-04-21 15:08:06] Epoch: [3][6000/44376]	Time 0.206 (0.105)	Data 0.180 (0.076)	Loss 90.3817 (90.3799)
[2018-04-21 15:11:29] Epoch: [3][8000/44376]	Time 0.041 (0.104)	Data 0.020 (0.075)	Loss 90.3734 (90.3799)
[2018-04-21 15:14:57] Epoch: [3][10000/44376]	Time 0.041 (0.104)	Data 0.000 (0.075)	Loss 90.3814 (90.3799)
[2018-04-21 15:18:25] Epoch: [3][12000/44376]	Time 0.041 (0.104)	Data 0.000 (0.075)	Loss 90.3820 (90.3799)
[2018-04-21 15:21:30] Epoch: [3][14000/44376]	Time 0.040 (0.103)	Data 0.000 (0.073)	Loss 90.3777 (90.3799)
[2018-04-21 15:23:57] Epoch: [3][16000/44376]	Time 0.042 (0.099)	Data 0.000 (0.069)	Loss 90.3823 (90.3799)
[2018-04-21 15:26:00] Epoch: [3][18000/44376]	Time 0.043 (0.095)	Data 0.000 (0.064)	Loss 90.3811 (90.3799)
[2018-04-21 15:27:35] Epoch: [3][20000/44376]	Time 0.042 (0.090)	Data 0.000 (0.059)	Loss 90.3814 (90.3799)
[2018-04-21 15:29:03] Epoch: [3][22000/44376]	Time 0.074 (0.086)	Data 0.052 (0.054)	Loss 90.3756 (90.3799)
[2018-04-21 15:30:26] Epoch: [3][24000/44376]	Time 0.041 (0.082)	Data 0.000 (0.049)	Loss 90.3824 (90.3799)
[2018-04-21 15:31:48] Epoch: [3][26000/44376]	Time 0.041 (0.079)	Data 0.000 (0.046)	Loss 90.3790 (90.3799)
[2018-04-21 15:33:10] Epoch: [3][28000/44376]	Time 0.041 (0.076)	Data 0.000 (0.042)	Loss 90.3782 (90.3799)
[2018-04-21 15:34:32] Epoch: [3][30000/44376]	Time 0.040 (0.074)	Data 0.000 (0.040)	Loss 90.3817 (90.3799)
[2018-04-21 15:35:53] Epoch: [3][32000/44376]	Time 0.040 (0.072)	Data 0.000 (0.037)	Loss 90.3783 (90.3799)
[2018-04-21 15:37:15] Epoch: [3][34000/44376]	Time 0.041 (0.070)	Data 0.000 (0.035)	Loss 90.3803 (90.3799)
[2018-04-21 15:38:36] Epoch: [3][36000/44376]	Time 0.041 (0.068)	Data 0.000 (0.033)	Loss 90.3823 (90.3799)
[2018-04-21 15:39:58] Epoch: [3][38000/44376]	Time 0.042 (0.067)	Data 0.000 (0.031)	Loss 90.3729 (90.3799)
[2018-04-21 15:41:20] Epoch: [3][40000/44376]	Time 0.041 (0.066)	Data 0.000 (0.030)	Loss 90.3807 (90.3799)
[2018-04-21 15:42:41] Epoch: [3][42000/44376]	Time 0.041 (0.064)	Data 0.000 (0.028)	Loss 90.3816 (90.3799)
[2018-04-21 15:44:03] Epoch: [3][44000/44376]	Time 0.041 (0.063)	Data 0.000 (0.027)	Loss 90.3820 (90.3799)
[2018-04-21 16:00:29] [epoch 3]: loss : 90.379257563967
[2018-04-21 16:00:29] Evaluate Result:	Acc  47.739	Best 47.739 (3)
[2018-04-21 16:04:33] Epoch: [4][2000/44376]	Time 0.080 (0.120)	Data 0.057 (0.092)	Loss 90.3786 (90.3797)
[2018-04-21 16:08:16] Epoch: [4][4000/44376]	Time 0.084 (0.116)	Data 0.063 (0.087)	Loss 90.3805 (90.3798)
[2018-04-21 16:11:59] Epoch: [4][6000/44376]	Time 0.344 (0.114)	Data 0.326 (0.085)	Loss 90.3806 (90.3798)
[2018-04-21 16:15:42] Epoch: [4][8000/44376]	Time 0.040 (0.114)	Data 0.000 (0.085)	Loss 90.3817 (90.3798)
[2018-04-21 16:19:23] Epoch: [4][10000/44376]	Time 0.040 (0.113)	Data 0.000 (0.084)	Loss 90.3817 (90.3797)
[2018-04-21 16:23:34] Epoch: [4][12000/44376]	Time 0.397 (0.115)	Data 0.378 (0.086)	Loss 90.3798 (90.3797)
[2018-04-21 16:27:03] Epoch: [4][14000/44376]	Time 0.039 (0.113)	Data 0.000 (0.084)	Loss 90.3815 (90.3797)
[2018-04-21 16:29:33] Epoch: [4][16000/44376]	Time 0.039 (0.109)	Data 0.000 (0.079)	Loss 90.3823 (90.3797)
[2018-04-21 16:31:37] Epoch: [4][18000/44376]	Time 0.139 (0.104)	Data 0.120 (0.073)	Loss 90.3815 (90.3797)
[2018-04-21 16:33:15] Epoch: [4][20000/44376]	Time 0.044 (0.098)	Data 0.000 (0.067)	Loss 90.3820 (90.3797)
[2018-04-21 16:34:43] Epoch: [4][22000/44376]	Time 0.041 (0.093)	Data 0.000 (0.061)	Loss 90.3813 (90.3797)
[2018-04-21 16:36:06] Epoch: [4][24000/44376]	Time 0.041 (0.089)	Data 0.000 (0.056)	Loss 90.3821 (90.3797)
[2018-04-21 16:37:29] Epoch: [4][26000/44376]	Time 0.041 (0.085)	Data 0.000 (0.052)	Loss 90.3822 (90.3797)
[2018-04-21 16:38:51] Epoch: [4][28000/44376]	Time 0.042 (0.082)	Data 0.000 (0.048)	Loss 90.3795 (90.3797)
[2018-04-21 16:40:13] Epoch: [4][30000/44376]	Time 0.041 (0.079)	Data 0.000 (0.045)	Loss 90.3813 (90.3797)
[2018-04-21 16:41:34] Epoch: [4][32000/44376]	Time 0.040 (0.077)	Data 0.000 (0.042)	Loss 90.3821 (90.3797)
[2018-04-21 16:42:56] Epoch: [4][34000/44376]	Time 0.041 (0.075)	Data 0.000 (0.040)	Loss 90.3719 (90.3797)
[2018-04-21 16:44:18] Epoch: [4][36000/44376]	Time 0.041 (0.073)	Data 0.000 (0.038)	Loss 90.3783 (90.3797)
[2018-04-21 16:45:39] Epoch: [4][38000/44376]	Time 0.041 (0.071)	Data 0.000 (0.036)	Loss 90.3774 (90.3797)
[2018-04-21 16:47:01] Epoch: [4][40000/44376]	Time 0.041 (0.070)	Data 0.000 (0.034)	Loss 90.3839 (90.3797)
[2018-04-21 16:48:22] Epoch: [4][42000/44376]	Time 0.041 (0.068)	Data 0.000 (0.032)	Loss 90.3785 (90.3797)
[2018-04-21 16:49:44] Epoch: [4][44000/44376]	Time 0.040 (0.067)	Data 0.000 (0.031)	Loss 90.3768 (90.3797)
[2018-04-21 17:06:37] [epoch 4]: loss : 90.37913606187041
[2018-04-21 17:06:37] Evaluate Result:	Acc  48.911	Best 48.911 (4)
[2018-04-21 17:11:12] Epoch: [5][2000/44376]	Time 0.113 (0.135)	Data 0.095 (0.107)	Loss 90.3810 (90.3797)
[2018-04-21 17:15:20] Epoch: [5][4000/44376]	Time 0.049 (0.130)	Data 0.027 (0.101)	Loss 90.3790 (90.3797)
[2018-04-21 17:19:21] Epoch: [5][6000/44376]	Time 0.114 (0.127)	Data 0.092 (0.098)	Loss 90.3786 (90.3797)
[2018-04-21 17:23:17] Epoch: [5][8000/44376]	Time 0.072 (0.124)	Data 0.051 (0.096)	Loss 90.3816 (90.3797)
[2018-04-21 17:27:11] Epoch: [5][10000/44376]	Time 0.176 (0.123)	Data 0.149 (0.094)	Loss 90.3670 (90.3797)
[2018-04-21 17:30:59] Epoch: [5][12000/44376]	Time 0.351 (0.121)	Data 0.331 (0.093)	Loss 90.3798 (90.3797)
[2018-04-21 17:34:09] Epoch: [5][14000/44376]	Time 0.041 (0.118)	Data 0.022 (0.089)	Loss 90.3777 (90.3797)
[2018-04-21 17:36:37] Epoch: [5][16000/44376]	Time 0.041 (0.112)	Data 0.000 (0.083)	Loss 90.3665 (90.3797)
[2018-04-21 17:38:32] Epoch: [5][18000/44376]	Time 0.038 (0.106)	Data 0.000 (0.076)	Loss 90.3809 (90.3797)
[2018-04-21 17:40:11] Epoch: [5][20000/44376]	Time 0.041 (0.100)	Data 0.000 (0.070)	Loss 90.3820 (90.3797)
[2018-04-21 17:41:40] Epoch: [5][22000/44376]	Time 0.041 (0.095)	Data 0.000 (0.064)	Loss 90.3776 (90.3797)
[2018-04-21 17:43:03] Epoch: [5][24000/44376]	Time 0.041 (0.091)	Data 0.000 (0.059)	Loss 90.3813 (90.3797)
[2018-04-21 17:44:25] Epoch: [5][26000/44376]	Time 0.040 (0.087)	Data 0.000 (0.054)	Loss 90.3825 (90.3797)
[2018-04-21 17:45:47] Epoch: [5][28000/44376]	Time 0.041 (0.084)	Data 0.000 (0.050)	Loss 90.3778 (90.3797)
[2018-04-21 17:47:09] Epoch: [5][30000/44376]	Time 0.040 (0.081)	Data 0.000 (0.047)	Loss 90.3796 (90.3797)
[2018-04-21 17:48:31] Epoch: [5][32000/44376]	Time 0.041 (0.078)	Data 0.000 (0.044)	Loss 90.3817 (90.3797)
[2018-04-21 17:49:52] Epoch: [5][34000/44376]	Time 0.041 (0.076)	Data 0.000 (0.041)	Loss 90.3816 (90.3797)
[2018-04-21 17:51:14] Epoch: [5][36000/44376]	Time 0.038 (0.074)	Data 0.000 (0.039)	Loss 90.3815 (90.3797)
[2018-04-21 17:52:36] Epoch: [5][38000/44376]	Time 0.042 (0.072)	Data 0.000 (0.037)	Loss 90.3800 (90.3797)
[2018-04-21 17:53:57] Epoch: [5][40000/44376]	Time 0.041 (0.071)	Data 0.000 (0.035)	Loss 90.3822 (90.3797)
[2018-04-21 17:55:19] Epoch: [5][42000/44376]	Time 0.041 (0.069)	Data 0.000 (0.034)	Loss 90.3826 (90.3797)
[2018-04-21 17:56:41] Epoch: [5][44000/44376]	Time 0.041 (0.068)	Data 0.000 (0.032)	Loss 90.3751 (90.3797)
[2018-04-21 18:13:30] [epoch 5]: loss : 90.37905719066624
[2018-04-21 18:13:30] Evaluate Result:	Acc  49.348	Best 49.348 (5)
[2018-04-21 18:18:24] Epoch: [6][2000/44376]	Time 0.052 (0.144)	Data 0.033 (0.117)	Loss 90.3821 (90.3796)
[2018-04-21 18:22:43] Epoch: [6][4000/44376]	Time 0.324 (0.137)	Data 0.304 (0.109)	Loss 90.3824 (90.3796)
[2018-04-21 18:27:01] Epoch: [6][6000/44376]	Time 0.042 (0.134)	Data 0.000 (0.106)	Loss 90.3776 (90.3796)
[2018-04-21 18:31:13] Epoch: [6][8000/44376]	Time 0.080 (0.132)	Data 0.062 (0.104)	Loss 90.3786 (90.3796)
[2018-04-21 18:35:22] Epoch: [6][10000/44376]	Time 0.040 (0.131)	Data 0.000 (0.103)	Loss 90.3807 (90.3796)
[2018-04-21 18:39:05] Epoch: [6][12000/44376]	Time 0.041 (0.128)	Data 0.023 (0.099)	Loss 90.3808 (90.3796)
[2018-04-21 18:42:07] Epoch: [6][14000/44376]	Time 0.102 (0.122)	Data 0.082 (0.094)	Loss 90.3769 (90.3796)
[2018-04-21 18:44:42] Epoch: [6][16000/44376]	Time 0.040 (0.117)	Data 0.000 (0.088)	Loss 90.3683 (90.3796)
[2018-04-21 18:46:41] Epoch: [6][18000/44376]	Time 0.040 (0.110)	Data 0.000 (0.081)	Loss 90.3805 (90.3796)
[2018-04-21 18:48:17] Epoch: [6][20000/44376]	Time 0.041 (0.104)	Data 0.000 (0.073)	Loss 90.3815 (90.3796)
[2018-04-21 18:49:46] Epoch: [6][22000/44376]	Time 0.042 (0.099)	Data 0.000 (0.067)	Loss 90.3794 (90.3796)
[2018-04-21 18:51:10] Epoch: [6][24000/44376]	Time 0.041 (0.094)	Data 0.000 (0.062)	Loss 90.3800 (90.3796)
[2018-04-21 18:52:32] Epoch: [6][26000/44376]	Time 0.042 (0.090)	Data 0.000 (0.057)	Loss 90.3788 (90.3796)
[2018-04-21 18:53:54] Epoch: [6][28000/44376]	Time 0.041 (0.086)	Data 0.000 (0.053)	Loss 90.3827 (90.3796)
[2018-04-21 18:55:16] Epoch: [6][30000/44376]	Time 0.041 (0.083)	Data 0.000 (0.050)	Loss 90.3818 (90.3796)
[2018-04-21 18:56:38] Epoch: [6][32000/44376]	Time 0.042 (0.081)	Data 0.000 (0.046)	Loss 90.3777 (90.3796)
[2018-04-21 18:58:00] Epoch: [6][34000/44376]	Time 0.041 (0.078)	Data 0.000 (0.044)	Loss 90.3770 (90.3796)
[2018-04-21 18:59:21] Epoch: [6][36000/44376]	Time 0.042 (0.076)	Data 0.000 (0.041)	Loss 90.3803 (90.3796)
[2018-04-21 19:00:43] Epoch: [6][38000/44376]	Time 0.041 (0.074)	Data 0.000 (0.039)	Loss 90.3824 (90.3796)
[2018-04-21 19:02:05] Epoch: [6][40000/44376]	Time 0.041 (0.073)	Data 0.000 (0.037)	Loss 90.3824 (90.3796)
[2018-04-21 19:03:26] Epoch: [6][42000/44376]	Time 0.041 (0.071)	Data 0.000 (0.035)	Loss 90.3796 (90.3796)
[2018-04-21 19:04:48] Epoch: [6][44000/44376]	Time 0.041 (0.070)	Data 0.000 (0.034)	Loss 90.3748 (90.3796)
[2018-04-21 19:21:55] [epoch 6]: loss : 90.3790091392004
[2018-04-21 19:21:56] Evaluate Result:	Acc  49.569	Best 49.569 (6)
[2018-04-21 19:26:57] Epoch: [7][2000/44376]	Time 0.189 (0.149)	Data 0.165 (0.121)	Loss 90.3804 (90.3795)
[2018-04-21 19:31:39] Epoch: [7][4000/44376]	Time 0.249 (0.145)	Data 0.222 (0.117)	Loss 90.3814 (90.3796)
[2018-04-21 19:36:09] Epoch: [7][6000/44376]	Time 0.115 (0.142)	Data 0.093 (0.114)	Loss 90.3768 (90.3796)
[2018-04-21 19:40:32] Epoch: [7][8000/44376]	Time 0.039 (0.139)	Data 0.000 (0.111)	Loss 90.3811 (90.3796)
[2018-04-21 19:44:55] Epoch: [7][10000/44376]	Time 0.040 (0.137)	Data 0.000 (0.110)	Loss 90.3697 (90.3796)
[2018-04-21 19:48:43] Epoch: [7][12000/44376]	Time 0.106 (0.134)	Data 0.081 (0.106)	Loss 90.3798 (90.3796)
[2018-04-21 19:51:51] Epoch: [7][14000/44376]	Time 0.040 (0.128)	Data 0.000 (0.100)	Loss 90.3816 (90.3796)
[2018-04-21 19:54:18] Epoch: [7][16000/44376]	Time 0.038 (0.121)	Data 0.000 (0.092)	Loss 90.3797 (90.3796)
[2018-04-21 19:56:16] Epoch: [7][18000/44376]	Time 0.041 (0.114)	Data 0.000 (0.085)	Loss 90.3815 (90.3796)
[2018-04-21 19:57:55] Epoch: [7][20000/44376]	Time 0.045 (0.108)	Data 0.000 (0.077)	Loss 90.3767 (90.3796)
[2018-04-21 19:59:22] Epoch: [7][22000/44376]	Time 0.084 (0.102)	Data 0.065 (0.071)	Loss 90.3814 (90.3796)
[2018-04-21 20:00:46] Epoch: [7][24000/44376]	Time 0.041 (0.097)	Data 0.000 (0.065)	Loss 90.3803 (90.3796)
[2018-04-21 20:02:08] Epoch: [7][26000/44376]	Time 0.041 (0.093)	Data 0.000 (0.060)	Loss 90.3749 (90.3796)
[2018-04-21 20:03:30] Epoch: [7][28000/44376]	Time 0.040 (0.089)	Data 0.000 (0.056)	Loss 90.3810 (90.3796)
[2018-04-21 20:04:53] Epoch: [7][30000/44376]	Time 0.043 (0.086)	Data 0.000 (0.052)	Loss 90.3811 (90.3796)
[2018-04-21 20:06:14] Epoch: [7][32000/44376]	Time 0.041 (0.083)	Data 0.000 (0.049)	Loss 90.3811 (90.3796)
[2018-04-21 20:07:36] Epoch: [7][34000/44376]	Time 0.041 (0.080)	Data 0.000 (0.046)	Loss 90.3831 (90.3796)
[2018-04-21 20:08:58] Epoch: [7][36000/44376]	Time 0.040 (0.078)	Data 0.000 (0.043)	Loss 90.3812 (90.3796)
[2018-04-21 20:10:20] Epoch: [7][38000/44376]	Time 0.041 (0.076)	Data 0.000 (0.041)	Loss 90.3819 (90.3796)
[2018-04-21 20:11:42] Epoch: [7][40000/44376]	Time 0.041 (0.075)	Data 0.000 (0.039)	Loss 90.3806 (90.3796)
[2018-04-21 20:13:03] Epoch: [7][42000/44376]	Time 0.041 (0.073)	Data 0.000 (0.037)	Loss 90.3812 (90.3796)
[2018-04-21 20:14:25] Epoch: [7][44000/44376]	Time 0.041 (0.071)	Data 0.000 (0.036)	Loss 90.3765 (90.3796)
[2018-04-21 20:31:34] [epoch 7]: loss : 90.37898079158809
[2018-04-21 20:31:34] Evaluate Result:	Acc  49.645	Best 49.645 (7)
[2018-04-21 20:37:04] Epoch: [8][2000/44376]	Time 0.182 (0.163)	Data 0.163 (0.136)	Loss 90.3820 (90.3795)
[2018-04-21 20:42:02] Epoch: [8][4000/44376]	Time 0.056 (0.156)	Data 0.033 (0.129)	Loss 90.3796 (90.3796)
[2018-04-21 20:46:52] Epoch: [8][6000/44376]	Time 0.223 (0.152)	Data 0.199 (0.125)	Loss 90.3787 (90.3796)
[2018-04-21 20:51:29] Epoch: [8][8000/44376]	Time 0.040 (0.149)	Data 0.000 (0.121)	Loss 90.3813 (90.3796)
[2018-04-21 20:55:53] Epoch: [8][10000/44376]	Time 0.040 (0.145)	Data 0.000 (0.118)	Loss 90.3817 (90.3796)
[2018-04-21 20:59:49] Epoch: [8][12000/44376]	Time 0.040 (0.141)	Data 0.000 (0.113)	Loss 90.3818 (90.3796)
[2018-04-21 21:02:56] Epoch: [8][14000/44376]	Time 0.041 (0.134)	Data 0.008 (0.106)	Loss 90.3811 (90.3796)
[2018-04-21 21:05:29] Epoch: [8][16000/44376]	Time 0.043 (0.127)	Data 0.000 (0.098)	Loss 90.3804 (90.3796)
[2018-04-21 21:07:30] Epoch: [8][18000/44376]	Time 0.040 (0.120)	Data 0.000 (0.090)	Loss 90.3809 (90.3796)
[2018-04-21 21:09:08] Epoch: [8][20000/44376]	Time 0.041 (0.112)	Data 0.000 (0.082)	Loss 90.3808 (90.3796)
[2018-04-21 21:10:38] Epoch: [8][22000/44376]	Time 0.043 (0.106)	Data 0.000 (0.075)	Loss 90.3764 (90.3796)
[2018-04-21 21:12:01] Epoch: [8][24000/44376]	Time 0.044 (0.101)	Data 0.000 (0.069)	Loss 90.3810 (90.3796)
[2018-04-21 21:13:24] Epoch: [8][26000/44376]	Time 0.041 (0.096)	Data 0.000 (0.064)	Loss 90.3818 (90.3796)
[2018-04-21 21:14:46] Epoch: [8][28000/44376]	Time 0.041 (0.092)	Data 0.000 (0.059)	Loss 90.3782 (90.3796)
[2018-04-21 21:16:07] Epoch: [8][30000/44376]	Time 0.041 (0.089)	Data 0.000 (0.055)	Loss 90.3815 (90.3796)
[2018-04-21 21:17:29] Epoch: [8][32000/44376]	Time 0.041 (0.086)	Data 0.000 (0.052)	Loss 90.3743 (90.3796)
[2018-04-21 21:18:51] Epoch: [8][34000/44376]	Time 0.041 (0.083)	Data 0.000 (0.049)	Loss 90.3783 (90.3796)
[2018-04-21 21:20:13] Epoch: [8][36000/44376]	Time 0.043 (0.081)	Data 0.000 (0.046)	Loss 90.3810 (90.3796)
[2018-04-21 21:21:34] Epoch: [8][38000/44376]	Time 0.041 (0.079)	Data 0.000 (0.044)	Loss 90.3822 (90.3796)
[2018-04-21 21:22:56] Epoch: [8][40000/44376]	Time 0.041 (0.077)	Data 0.000 (0.042)	Loss 90.3802 (90.3796)
[2018-04-21 21:24:17] Epoch: [8][42000/44376]	Time 0.041 (0.075)	Data 0.000 (0.040)	Loss 90.3804 (90.3796)
[2018-04-21 21:26:02] Epoch: [8][44000/44376]	Time 0.042 (0.074)	Data 0.017 (0.038)	Loss 90.3820 (90.3796)
[2018-04-21 21:50:32] [epoch 8]: loss : 90.37896664550503
[2018-04-21 21:50:32] Evaluate Result:	Acc  49.647	Best 49.647 (8)
[2018-04-21 21:59:37] Epoch: [9][2000/44376]	Time 0.079 (0.270)	Data 0.058 (0.243)	Loss 90.3806 (90.3795)
[2018-04-21 22:07:12] Epoch: [9][4000/44376]	Time 0.081 (0.249)	Data 0.061 (0.222)	Loss 90.3809 (90.3795)
[2018-04-21 22:13:58] Epoch: [9][6000/44376]	Time 0.054 (0.233)	Data 0.033 (0.207)	Loss 90.3790 (90.3795)
[2018-04-21 22:19:38] Epoch: [9][8000/44376]	Time 0.300 (0.218)	Data 0.281 (0.191)	Loss 90.3677 (90.3795)
[2018-04-21 22:25:01] Epoch: [9][10000/44376]	Time 0.041 (0.206)	Data 0.000 (0.180)	Loss 90.3812 (90.3795)
[2018-04-21 22:28:52] Epoch: [9][12000/44376]	Time 0.041 (0.191)	Data 0.000 (0.164)	Loss 90.3814 (90.3795)
[2018-04-21 22:32:04] Epoch: [9][14000/44376]	Time 0.042 (0.178)	Data 0.000 (0.150)	Loss 90.3812 (90.3796)
[2018-04-21 22:34:56] Epoch: [9][16000/44376]	Time 0.039 (0.166)	Data 0.000 (0.138)	Loss 90.3816 (90.3795)
[2018-04-21 22:37:50] Epoch: [9][18000/44376]	Time 0.041 (0.157)	Data 0.000 (0.129)	Loss 90.3795 (90.3795)
[2018-04-21 22:40:37] Epoch: [9][20000/44376]	Time 0.041 (0.150)	Data 0.000 (0.122)	Loss 90.3807 (90.3795)
[2018-04-21 22:43:24] Epoch: [9][22000/44376]	Time 0.042 (0.144)	Data 0.012 (0.115)	Loss 90.3820 (90.3796)
[2018-04-21 22:46:09] Epoch: [9][24000/44376]	Time 0.041 (0.139)	Data 0.000 (0.110)	Loss 90.3817 (90.3796)
[2018-04-21 22:49:09] Epoch: [9][26000/44376]	Time 0.041 (0.135)	Data 0.000 (0.106)	Loss 90.3801 (90.3796)
[2018-04-21 22:52:20] Epoch: [9][28000/44376]	Time 0.041 (0.132)	Data 0.000 (0.103)	Loss 90.3794 (90.3796)
[2018-04-21 22:55:22] Epoch: [9][30000/44376]	Time 0.131 (0.129)	Data 0.111 (0.100)	Loss 90.3786 (90.3796)
[2018-04-21 22:58:20] Epoch: [9][32000/44376]	Time 0.255 (0.127)	Data 0.237 (0.098)	Loss 90.3813 (90.3796)
[2018-04-21 23:01:15] Epoch: [9][34000/44376]	Time 0.055 (0.125)	Data 0.028 (0.095)	Loss 90.3801 (90.3796)
[2018-04-21 23:04:04] Epoch: [9][36000/44376]	Time 0.041 (0.122)	Data 0.000 (0.093)	Loss 90.3821 (90.3796)
[2018-04-21 23:06:53] Epoch: [9][38000/44376]	Time 0.040 (0.120)	Data 0.000 (0.091)	Loss 90.3813 (90.3796)
[2018-04-21 23:09:45] Epoch: [9][40000/44376]	Time 0.156 (0.119)	Data 0.138 (0.089)	Loss 90.3814 (90.3796)
[2018-04-21 23:12:37] Epoch: [9][42000/44376]	Time 0.149 (0.117)	Data 0.131 (0.088)	Loss 90.3770 (90.3796)
[2018-04-21 23:15:23] Epoch: [9][44000/44376]	Time 0.040 (0.116)	Data 0.000 (0.086)	Loss 90.3787 (90.3796)
[2018-04-21 23:33:49] [epoch 9]: loss : 90.37895890109192
[2018-04-21 23:33:50] Evaluate Result:	Acc  49.901	Best 49.901 (9)
[2018-04-21 23:42:35] Epoch: [10][2000/44376]	Time 0.457 (0.261)	Data 0.438 (0.235)	Loss 90.3793 (90.3795)
[2018-04-21 23:50:36] Epoch: [10][4000/44376]	Time 0.041 (0.251)	Data 0.000 (0.225)	Loss 90.3829 (90.3795)
[2018-04-21 23:57:26] Epoch: [10][6000/44376]	Time 0.317 (0.235)	Data 0.295 (0.209)	Loss 90.3814 (90.3795)
[2018-04-22 00:03:09] Epoch: [10][8000/44376]	Time 0.288 (0.219)	Data 0.268 (0.193)	Loss 90.3795 (90.3795)
[2018-04-22 00:07:52] Epoch: [10][10000/44376]	Time 0.041 (0.204)	Data 0.000 (0.177)	Loss 90.3812 (90.3796)
[2018-04-22 00:11:50] Epoch: [10][12000/44376]	Time 0.259 (0.190)	Data 0.233 (0.163)	Loss 90.3784 (90.3796)
[2018-04-22 00:15:07] Epoch: [10][14000/44376]	Time 0.046 (0.177)	Data 0.000 (0.150)	Loss 90.3789 (90.3796)
[2018-04-22 00:18:27] Epoch: [10][16000/44376]	Time 0.075 (0.167)	Data 0.055 (0.140)	Loss 90.3824 (90.3796)
[2018-04-22 00:21:46] Epoch: [10][18000/44376]	Time 0.186 (0.160)	Data 0.167 (0.132)	Loss 90.3693 (90.3796)
[2018-04-22 00:25:11] Epoch: [10][20000/44376]	Time 0.043 (0.154)	Data 0.000 (0.126)	Loss 90.3784 (90.3796)
[2018-04-22 00:28:30] Epoch: [10][22000/44376]	Time 0.085 (0.149)	Data 0.065 (0.121)	Loss 90.3791 (90.3796)
[2018-04-22 00:31:51] Epoch: [10][24000/44376]	Time 0.113 (0.145)	Data 0.094 (0.117)	Loss 90.3791 (90.3796)
[2018-04-22 00:35:13] Epoch: [10][26000/44376]	Time 0.163 (0.142)	Data 0.146 (0.113)	Loss 90.3808 (90.3796)
[2018-04-22 00:38:27] Epoch: [10][28000/44376]	Time 0.040 (0.138)	Data 0.000 (0.110)	Loss 90.3626 (90.3796)
[2018-04-22 00:42:03] Epoch: [10][30000/44376]	Time 0.064 (0.136)	Data 0.046 (0.108)	Loss 90.3820 (90.3796)
[2018-04-22 00:45:28] Epoch: [10][32000/44376]	Time 0.037 (0.134)	Data 0.000 (0.106)	Loss 90.3821 (90.3796)
[2018-04-22 00:48:40] Epoch: [10][34000/44376]	Time 0.041 (0.132)	Data 0.000 (0.104)	Loss 90.3683 (90.3796)
[2018-04-22 00:51:57] Epoch: [10][36000/44376]	Time 0.057 (0.130)	Data 0.038 (0.102)	Loss 90.3809 (90.3796)
[2018-04-22 00:55:11] Epoch: [10][38000/44376]	Time 0.130 (0.128)	Data 0.108 (0.100)	Loss 90.3738 (90.3796)
[2018-04-22 00:58:20] Epoch: [10][40000/44376]	Time 0.152 (0.127)	Data 0.131 (0.098)	Loss 90.3819 (90.3796)
[2018-04-22 01:01:41] Epoch: [10][42000/44376]	Time 0.108 (0.125)	Data 0.090 (0.097)	Loss 90.3773 (90.3796)
[2018-04-22 01:04:59] Epoch: [10][44000/44376]	Time 0.042 (0.124)	Data 0.000 (0.096)	Loss 90.3821 (90.3796)
[2018-04-22 01:23:22] [epoch 10]: loss : 90.37895569810786
[2018-04-22 01:23:22] Evaluate Result:	Acc  49.583	Best 49.901 (9)
[2018-04-22 01:23:26] Evaluate Result:	best accuracy:  49.901	best epoch9
