[2018-04-16 16:40:27] [Info] use gpu: 0
[2018-04-16 16:40:27] [Info] init dataset
[2018-04-16 16:40:39] [Load] ../data/glove/glove.6B.300d.txt
[2018-04-16 16:40:59] [Info] embedding size: 300
[2018-04-16 16:41:00] [Info] total parameters: 142M
[2018-04-16 16:41:00] [debug] word embedding filling count: 11539/11898
[2018-04-16 16:41:02] [Info] start training...
[2018-04-16 16:59:18] Epoch: [1][2000/44376]	Time 1.283 (0.548)	Data 1.094 (0.264)	Loss 90.3817 (90.3814)
[2018-04-16 17:15:39] Epoch: [1][4000/44376]	Time 0.334 (0.519)	Data 0.000 (0.235)	Loss 90.3811 (90.3811)
[2018-04-16 17:29:08] Epoch: [1][6000/44376]	Time 0.333 (0.481)	Data 0.018 (0.192)	Loss 90.3793 (90.3810)
[2018-04-16 17:43:44] Epoch: [1][8000/44376]	Time 0.331 (0.470)	Data 0.000 (0.184)	Loss 90.3814 (90.3808)
[2018-04-16 17:58:29] Epoch: [1][10000/44376]	Time 0.347 (0.465)	Data 0.161 (0.181)	Loss 90.3820 (90.3807)
[2018-04-16 18:13:54] Epoch: [1][12000/44376]	Time 0.683 (0.464)	Data 0.494 (0.183)	Loss 90.3707 (90.3807)
[2018-04-16 18:29:03] Epoch: [1][14000/44376]	Time 0.483 (0.463)	Data 0.297 (0.183)	Loss 90.3787 (90.3807)
[2018-04-16 18:42:47] Epoch: [1][16000/44376]	Time 0.334 (0.457)	Data 0.000 (0.175)	Loss 90.3677 (90.3806)
[2018-04-16 18:56:24] Epoch: [1][18000/44376]	Time 0.332 (0.451)	Data 0.069 (0.168)	Loss 90.3798 (90.3806)
[2018-04-16 19:10:02] Epoch: [1][20000/44376]	Time 0.331 (0.447)	Data 0.000 (0.163)	Loss 90.3816 (90.3806)
[2018-04-16 19:24:05] Epoch: [1][22000/44376]	Time 0.493 (0.445)	Data 0.306 (0.161)	Loss 90.3814 (90.3806)
[2018-04-16 19:38:20] Epoch: [1][24000/44376]	Time 0.329 (0.443)	Data 0.000 (0.159)	Loss 90.3825 (90.3805)
[2018-04-16 19:53:13] Epoch: [1][26000/44376]	Time 0.525 (0.443)	Data 0.339 (0.160)	Loss 90.3817 (90.3805)
[2018-04-16 20:08:07] Epoch: [1][28000/44376]	Time 0.330 (0.444)	Data 0.000 (0.161)	Loss 90.3833 (90.3805)
[2018-04-16 20:23:13] Epoch: [1][30000/44376]	Time 0.588 (0.444)	Data 0.402 (0.163)	Loss 90.3771 (90.3805)
[2018-04-16 20:38:37] Epoch: [1][32000/44376]	Time 0.329 (0.445)	Data 0.000 (0.164)	Loss 90.3805 (90.3805)
[2018-04-16 20:54:29] Epoch: [1][34000/44376]	Time 0.680 (0.447)	Data 0.495 (0.167)	Loss 90.3809 (90.3805)
[2018-04-16 21:10:13] Epoch: [1][36000/44376]	Time 0.331 (0.449)	Data 0.000 (0.169)	Loss 90.3745 (90.3805)
[2018-04-16 21:27:30] Epoch: [1][38000/44376]	Time 0.332 (0.452)	Data 0.000 (0.174)	Loss 90.3776 (90.3804)
[2018-04-16 21:44:09] Epoch: [1][40000/44376]	Time 0.329 (0.455)	Data 0.000 (0.178)	Loss 90.3809 (90.3804)
[2018-04-16 22:01:17] Epoch: [1][42000/44376]	Time 0.621 (0.457)	Data 0.430 (0.182)	Loss 90.3778 (90.3804)
[2018-04-16 22:18:29] Epoch: [1][44000/44376]	Time 0.740 (0.460)	Data 0.551 (0.186)	Loss 90.3811 (90.3804)
[2018-04-16 22:23:24] [epoch 1]: loss : 90.37980707671291
[2018-04-16 22:23:25] Evaluate Result:	Acc  43.0	Best 43.0 (1)
[2018-04-16 22:41:19] Epoch: [2][2000/44376]	Time 0.337 (0.532)	Data 0.145 (0.291)	Loss 90.3821 (90.3801)
[2018-04-16 22:59:34] Epoch: [2][4000/44376]	Time 0.330 (0.539)	Data 0.000 (0.298)	Loss 90.3815 (90.3800)
[2018-04-16 23:18:32] Epoch: [2][6000/44376]	Time 0.450 (0.549)	Data 0.264 (0.308)	Loss 90.3788 (90.3800)
[2018-04-16 23:37:27] Epoch: [2][8000/44376]	Time 0.494 (0.554)	Data 0.306 (0.314)	Loss 90.3809 (90.3800)
[2018-04-16 23:56:39] Epoch: [2][10000/44376]	Time 0.326 (0.558)	Data 0.000 (0.318)	Loss 90.3822 (90.3800)
[2018-04-17 00:16:13] Epoch: [2][12000/44376]	Time 0.791 (0.563)	Data 0.598 (0.323)	Loss 90.3812 (90.3800)
[2018-04-17 00:35:56] Epoch: [2][14000/44376]	Time 0.330 (0.567)	Data 0.050 (0.327)	Loss 90.3811 (90.3800)
[2018-04-17 00:56:00] Epoch: [2][16000/44376]	Time 0.331 (0.572)	Data 0.000 (0.332)	Loss 90.3794 (90.3800)
[2018-04-17 01:16:24] Epoch: [2][18000/44376]	Time 0.911 (0.576)	Data 0.720 (0.337)	Loss 90.3747 (90.3800)
[2018-04-17 01:37:06] Epoch: [2][20000/44376]	Time 0.386 (0.580)	Data 0.199 (0.342)	Loss 90.3811 (90.3800)
[2018-04-17 01:58:05] Epoch: [2][22000/44376]	Time 0.802 (0.585)	Data 0.615 (0.347)	Loss 90.3749 (90.3800)
[2018-04-17 02:19:29] Epoch: [2][24000/44376]	Time 1.068 (0.590)	Data 0.875 (0.353)	Loss 90.3817 (90.3800)
[2018-04-17 02:41:16] Epoch: [2][26000/44376]	Time 1.112 (0.595)	Data 0.922 (0.358)	Loss 90.3714 (90.3800)
[2018-04-17 03:03:13] Epoch: [2][28000/44376]	Time 0.331 (0.599)	Data 0.000 (0.363)	Loss 90.3805 (90.3800)
[2018-04-17 03:24:58] Epoch: [2][30000/44376]	Time 0.657 (0.603)	Data 0.470 (0.367)	Loss 90.3808 (90.3800)
[2018-04-17 03:47:16] Epoch: [2][32000/44376]	Time 0.442 (0.607)	Data 0.248 (0.371)	Loss 90.3809 (90.3800)
[2018-04-17 04:10:00] Epoch: [2][34000/44376]	Time 1.065 (0.611)	Data 0.878 (0.376)	Loss 90.3828 (90.3800)
[2018-04-17 04:32:39] Epoch: [2][36000/44376]	Time 0.331 (0.615)	Data 0.019 (0.381)	Loss 90.3811 (90.3800)
[2018-04-17 04:55:28] Epoch: [2][38000/44376]	Time 1.182 (0.619)	Data 0.988 (0.385)	Loss 90.3807 (90.3800)
[2018-04-17 05:18:20] Epoch: [2][40000/44376]	Time 0.388 (0.622)	Data 0.201 (0.388)	Loss 90.3829 (90.3800)
[2018-04-17 05:41:24] Epoch: [2][42000/44376]	Time 0.331 (0.625)	Data 0.000 (0.392)	Loss 90.3790 (90.3800)
[2018-04-17 06:04:14] Epoch: [2][44000/44376]	Time 0.555 (0.628)	Data 0.365 (0.395)	Loss 90.3768 (90.3800)
[2018-04-17 06:10:26] [epoch 2]: loss : 90.37939717186363
[2018-04-17 06:10:26] Evaluate Result:	Acc  43.9	Best 43.9 (2)
[2018-04-17 06:33:09] Epoch: [3][2000/44376]	Time 0.330 (0.674)	Data 0.000 (0.451)	Loss 90.3822 (90.3800)
[2018-04-17 06:56:34] Epoch: [3][4000/44376]	Time 0.929 (0.688)	Data 0.734 (0.463)	Loss 90.3808 (90.3799)
[2018-04-17 07:20:00] Epoch: [3][6000/44376]	Time 0.813 (0.693)	Data 0.617 (0.468)	Loss 90.3813 (90.3799)
[2018-04-17 07:44:19] Epoch: [3][8000/44376]	Time 0.954 (0.702)	Data 0.766 (0.478)	Loss 90.3804 (90.3799)
[2018-04-17 08:11:41] Epoch: [3][10000/44376]	Time 0.332 (0.726)	Data 0.000 (0.502)	Loss 90.3821 (90.3799)
[2018-04-17 08:36:51] Epoch: [3][12000/44376]	Time 1.433 (0.731)	Data 1.235 (0.506)	Loss 90.3792 (90.3799)
[2018-04-17 09:02:04] Epoch: [3][14000/44376]	Time 0.405 (0.735)	Data 0.217 (0.510)	Loss 90.3785 (90.3799)
[2018-04-17 09:27:20] Epoch: [3][16000/44376]	Time 0.599 (0.737)	Data 0.413 (0.513)	Loss 90.3820 (90.3799)
[2018-04-17 09:52:44] Epoch: [3][18000/44376]	Time 0.459 (0.740)	Data 0.269 (0.516)	Loss 90.3818 (90.3799)
[2018-04-17 10:18:10] Epoch: [3][20000/44376]	Time 0.326 (0.742)	Data 0.000 (0.518)	Loss 90.3800 (90.3798)
[2018-04-17 10:43:19] Epoch: [3][22000/44376]	Time 0.331 (0.744)	Data 0.000 (0.519)	Loss 90.3821 (90.3798)
[2018-04-17 11:08:55] Epoch: [3][24000/44376]	Time 0.784 (0.746)	Data 0.592 (0.521)	Loss 90.3823 (90.3798)
[2018-04-17 11:33:59] Epoch: [3][26000/44376]	Time 0.730 (0.746)	Data 0.539 (0.522)	Loss 90.3818 (90.3798)
[2018-04-17 11:59:09] Epoch: [3][28000/44376]	Time 0.446 (0.747)	Data 0.252 (0.523)	Loss 90.3830 (90.3798)
[2018-04-17 12:24:01] Epoch: [3][30000/44376]	Time 1.110 (0.747)	Data 0.922 (0.522)	Loss 90.3757 (90.3798)
[2018-04-17 12:49:24] Epoch: [3][32000/44376]	Time 0.326 (0.748)	Data 0.000 (0.524)	Loss 90.3817 (90.3798)
[2018-04-17 13:13:52] Epoch: [3][34000/44376]	Time 0.328 (0.747)	Data 0.000 (0.523)	Loss 90.3705 (90.3798)
[2018-04-17 13:39:43] Epoch: [3][36000/44376]	Time 0.713 (0.748)	Data 0.521 (0.524)	Loss 90.3801 (90.3798)
[2018-04-17 14:04:38] Epoch: [3][38000/44376]	Time 1.477 (0.748)	Data 1.288 (0.524)	Loss 90.3752 (90.3798)
[2018-04-17 14:29:36] Epoch: [3][40000/44376]	Time 0.918 (0.748)	Data 0.729 (0.524)	Loss 90.3834 (90.3798)
[2018-04-17 14:56:28] Epoch: [3][42000/44376]	Time 0.852 (0.751)	Data 0.663 (0.527)	Loss 90.3701 (90.3798)
[2018-04-17 15:20:59] Epoch: [3][44000/44376]	Time 0.873 (0.750)	Data 0.683 (0.526)	Loss 90.3816 (90.3798)
[2018-04-17 15:27:34] [epoch 3]: loss : 90.3792104926521
[2018-04-17 15:27:34] Evaluate Result:	Acc  49.9	Best 49.9 (3)
[2018-04-17 15:51:31] Epoch: [4][2000/44376]	Time 0.886 (0.710)	Data 0.697 (0.487)	Loss 90.3803 (90.3797)
[2018-04-17 16:15:42] Epoch: [4][4000/44376]	Time 0.330 (0.718)	Data 0.000 (0.494)	Loss 90.3831 (90.3796)
[2018-04-17 16:39:44] Epoch: [4][6000/44376]	Time 0.697 (0.719)	Data 0.506 (0.494)	Loss 90.3643 (90.3797)
[2018-04-17 17:04:26] Epoch: [4][8000/44376]	Time 0.935 (0.724)	Data 0.746 (0.500)	Loss 90.3818 (90.3797)
[2018-04-17 17:28:40] Epoch: [4][10000/44376]	Time 0.470 (0.725)	Data 0.278 (0.500)	Loss 90.3826 (90.3796)
[2018-04-17 17:52:35] Epoch: [4][12000/44376]	Time 0.330 (0.724)	Data 0.000 (0.499)	Loss 90.3816 (90.3797)
[2018-04-17 18:16:54] Epoch: [4][14000/44376]	Time 0.719 (0.724)	Data 0.527 (0.499)	Loss 90.3824 (90.3797)
[2018-04-17 18:41:11] Epoch: [4][16000/44376]	Time 1.517 (0.725)	Data 1.322 (0.500)	Loss 90.3785 (90.3797)
[2018-04-17 19:05:17] Epoch: [4][18000/44376]	Time 0.870 (0.725)	Data 0.679 (0.499)	Loss 90.3805 (90.3797)
[2018-04-17 19:28:47] Epoch: [4][20000/44376]	Time 0.658 (0.723)	Data 0.464 (0.497)	Loss 90.3745 (90.3797)
[2018-04-17 19:52:54] Epoch: [4][22000/44376]	Time 0.853 (0.723)	Data 0.664 (0.498)	Loss 90.3808 (90.3797)
[2018-04-17 20:17:06] Epoch: [4][24000/44376]	Time 0.715 (0.723)	Data 0.525 (0.498)	Loss 90.3779 (90.3797)
[2018-04-17 20:41:26] Epoch: [4][26000/44376]	Time 0.330 (0.724)	Data 0.001 (0.499)	Loss 90.3802 (90.3797)
[2018-04-17 21:05:52] Epoch: [4][28000/44376]	Time 0.334 (0.724)	Data 0.000 (0.499)	Loss 90.3814 (90.3797)
[2018-04-17 21:30:00] Epoch: [4][30000/44376]	Time 1.359 (0.724)	Data 1.172 (0.499)	Loss 90.3760 (90.3797)
[2018-04-17 21:54:31] Epoch: [4][32000/44376]	Time 0.757 (0.725)	Data 0.560 (0.500)	Loss 90.3818 (90.3797)
[2018-04-17 22:18:57] Epoch: [4][34000/44376]	Time 1.113 (0.725)	Data 0.917 (0.501)	Loss 90.3817 (90.3797)
[2018-04-17 22:43:17] Epoch: [4][36000/44376]	Time 0.323 (0.726)	Data 0.000 (0.501)	Loss 90.3813 (90.3797)
[2018-04-17 23:07:32] Epoch: [4][38000/44376]	Time 0.335 (0.726)	Data 0.000 (0.501)	Loss 90.3792 (90.3797)
[2018-04-17 23:32:12] Epoch: [4][40000/44376]	Time 0.811 (0.727)	Data 0.622 (0.502)	Loss 90.3812 (90.3797)
[2018-04-17 23:56:38] Epoch: [4][42000/44376]	Time 0.328 (0.727)	Data 0.009 (0.502)	Loss 90.3815 (90.3797)
[2018-04-18 00:20:55] Epoch: [4][44000/44376]	Time 0.333 (0.727)	Data 0.068 (0.502)	Loss 90.3801 (90.3797)
[2018-04-18 00:27:50] [epoch 4]: loss : 90.37908319896549
[2018-04-18 00:27:51] Evaluate Result:	Acc  48.4	Best 49.9 (3)
[2018-04-18 00:51:27] Epoch: [5][2000/44376]	Time 0.590 (0.696)	Data 0.392 (0.471)	Loss 90.3825 (90.3795)
[2018-04-18 01:15:32] Epoch: [5][4000/44376]	Time 1.023 (0.709)	Data 0.837 (0.484)	Loss 90.3824 (90.3796)
[2018-04-18 01:43:32] Epoch: [5][6000/44376]	Time 0.640 (0.753)	Data 0.447 (0.525)	Loss 90.3805 (90.3796)
[2018-04-18 02:00:12] Epoch: [5][8000/44376]	Time 0.332 (0.690)	Data 0.000 (0.454)	Loss 90.3753 (90.3796)
[2018-04-18 02:12:26] Epoch: [5][10000/44376]	Time 0.328 (0.625)	Data 0.000 (0.372)	Loss 90.3815 (90.3796)
[2018-04-18 02:24:15] Epoch: [5][12000/44376]	Time 0.332 (0.580)	Data 0.000 (0.314)	Loss 90.3820 (90.3796)
