[2018-04-12 20:57:51] [Info] use gpu: 2
[2018-04-12 20:57:51] [Info] init dataset
[2018-04-12 20:58:05] [Load] ../data/glove/glove.6B.300d.txt
[2018-04-12 20:58:27] [Info] embedding size: 300
[2018-04-12 20:58:28] [Info] total parameters: 142M
[2018-04-12 20:58:28] [debug] word embedding filling count: 11539/11898
[2018-04-12 20:58:49] [Info] start training...
[2018-04-12 21:13:45] Epoch: [1][2000/44376]	Time 0.378 (0.448)	Data 0.000 (0.120)	Loss 68.0539 (71.2456)
[2018-04-12 21:26:31] Epoch: [1][4000/44376]	Time 0.341 (0.416)	Data 0.000 (0.081)	Loss 55.6357 (68.2889)
[2018-04-12 21:38:26] Epoch: [1][6000/44376]	Time 0.345 (0.396)	Data 0.000 (0.060)	Loss 56.9336 (67.0878)
[2018-04-12 21:50:25] Epoch: [1][8000/44376]	Time 0.336 (0.387)	Data 0.000 (0.050)	Loss 61.6672 (66.3385)
[2018-04-12 22:02:43] Epoch: [1][10000/44376]	Time 0.340 (0.383)	Data 0.000 (0.047)	Loss 70.4881 (65.8230)
[2018-04-12 22:14:43] Epoch: [1][12000/44376]	Time 0.337 (0.379)	Data 0.000 (0.042)	Loss 62.6087 (65.4023)
[2018-04-12 22:26:25] Epoch: [1][14000/44376]	Time 0.339 (0.375)	Data 0.000 (0.038)	Loss 59.1137 (65.0174)
[2018-04-12 22:38:15] Epoch: [1][16000/44376]	Time 0.339 (0.373)	Data 0.000 (0.035)	Loss 61.1818 (64.7000)
[2018-04-12 22:50:09] Epoch: [1][18000/44376]	Time 0.342 (0.371)	Data 0.000 (0.033)	Loss 60.8801 (64.4418)
[2018-04-12 23:03:11] Epoch: [1][20000/44376]	Time 0.341 (0.373)	Data 0.000 (0.036)	Loss 68.2948 (64.1818)
[2018-04-12 23:22:18] Epoch: [1][22000/44376]	Time 0.640 (0.391)	Data 0.000 (0.039)	Loss 74.4911 (64.0226)
[2018-04-12 23:44:20] Epoch: [1][24000/44376]	Time 0.537 (0.414)	Data 0.000 (0.042)	Loss 82.7504 (63.8566)
[2018-04-13 00:06:16] Epoch: [1][26000/44376]	Time 0.626 (0.433)	Data 0.000 (0.044)	Loss 49.2805 (63.6993)
[2018-04-13 00:23:19] Epoch: [1][28000/44376]	Time 0.337 (0.438)	Data 0.000 (0.047)	Loss 52.0044 (63.5619)
[2018-04-13 00:36:51] Epoch: [1][30000/44376]	Time 0.340 (0.436)	Data 0.000 (0.049)	Loss 52.1417 (63.4348)
[2018-04-13 00:50:30] Epoch: [1][32000/44376]	Time 0.339 (0.434)	Data 0.000 (0.051)	Loss 77.0097 (63.3235)
[2018-04-13 01:04:26] Epoch: [1][34000/44376]	Time 0.340 (0.433)	Data 0.000 (0.054)	Loss 62.6612 (63.2374)
[2018-04-13 01:24:49] Epoch: [1][36000/44376]	Time 0.540 (0.443)	Data 0.000 (0.054)	Loss 58.5201 (63.1284)
[2018-04-13 01:44:35] Epoch: [1][38000/44376]	Time 0.547 (0.451)	Data 0.004 (0.055)	Loss 61.2789 (63.0270)
[2018-04-13 02:05:05] Epoch: [1][40000/44376]	Time 0.507 (0.459)	Data 0.000 (0.057)	Loss 53.0258 (62.9291)
[2018-04-13 02:22:54] Epoch: [1][42000/44376]	Time 0.400 (0.463)	Data 0.000 (0.063)	Loss 63.7561 (62.8536)
[2018-04-13 02:39:10] Epoch: [1][44000/44376]	Time 0.412 (0.464)	Data 0.000 (0.065)	Loss 55.4893 (62.7814)
[2018-04-13 02:43:54] [epoch 1]: loss : 62.76796201858431
[2018-04-13 02:43:54] Evaluate Result:	Acc  46.8	Best 46.8 (1)
[2018-04-13 02:59:38] Epoch: [2][2000/44376]	Time 0.668 (0.468)	Data 0.474 (0.177)	Loss 67.7054 (61.1138)
[2018-04-13 03:15:16] Epoch: [2][4000/44376]	Time 0.345 (0.468)	Data 0.000 (0.178)	Loss 57.9338 (60.8164)
[2018-04-13 03:32:01] Epoch: [2][6000/44376]	Time 0.343 (0.480)	Data 0.000 (0.192)	Loss 59.1965 (60.8019)
[2018-04-13 03:48:41] Epoch: [2][8000/44376]	Time 0.339 (0.485)	Data 0.000 (0.197)	Loss 61.6291 (60.7141)
[2018-04-13 04:05:13] Epoch: [2][10000/44376]	Time 0.340 (0.487)	Data 0.000 (0.200)	Loss 55.5838 (60.7380)
[2018-04-13 04:23:00] Epoch: [2][12000/44376]	Time 0.338 (0.495)	Data 0.000 (0.209)	Loss 63.5300 (60.8076)
[2018-04-13 04:40:24] Epoch: [2][14000/44376]	Time 0.347 (0.499)	Data 0.000 (0.215)	Loss 66.9104 (60.8124)
[2018-04-13 04:58:08] Epoch: [2][16000/44376]	Time 0.816 (0.503)	Data 0.620 (0.220)	Loss 56.9528 (60.7739)
[2018-04-13 05:15:56] Epoch: [2][18000/44376]	Time 0.347 (0.506)	Data 0.000 (0.226)	Loss 57.4779 (60.7481)
[2018-04-13 05:34:11] Epoch: [2][20000/44376]	Time 0.338 (0.510)	Data 0.017 (0.231)	Loss 69.5064 (60.7375)
[2018-04-13 05:51:47] Epoch: [2][22000/44376]	Time 0.336 (0.512)	Data 0.005 (0.234)	Loss 65.6596 (60.7094)
[2018-04-13 06:09:49] Epoch: [2][24000/44376]	Time 0.338 (0.514)	Data 0.000 (0.237)	Loss 46.8121 (60.7146)
[2018-04-13 06:28:22] Epoch: [2][26000/44376]	Time 0.341 (0.518)	Data 0.098 (0.241)	Loss 51.7453 (60.7081)
[2018-04-13 06:47:32] Epoch: [2][28000/44376]	Time 0.805 (0.522)	Data 0.612 (0.246)	Loss 63.7894 (60.6822)
[2018-04-13 07:07:20] Epoch: [2][30000/44376]	Time 1.199 (0.527)	Data 1.001 (0.252)	Loss 65.8028 (60.6773)
[2018-04-13 07:27:28] Epoch: [2][32000/44376]	Time 0.344 (0.531)	Data 0.049 (0.258)	Loss 58.3565 (60.6669)
[2018-04-13 07:49:07] Epoch: [2][34000/44376]	Time 0.807 (0.538)	Data 0.613 (0.267)	Loss 58.2462 (60.6849)
[2018-04-13 08:14:00] Epoch: [2][36000/44376]	Time 0.919 (0.550)	Data 0.723 (0.280)	Loss 62.2118 (60.6799)
[2018-04-13 08:37:05] Epoch: [2][38000/44376]	Time 0.691 (0.557)	Data 0.497 (0.289)	Loss 63.2888 (60.6715)
[2018-04-13 09:00:43] Epoch: [2][40000/44376]	Time 0.335 (0.565)	Data 0.000 (0.298)	Loss 48.6821 (60.6542)
[2018-04-13 09:23:15] Epoch: [2][42000/44376]	Time 0.337 (0.570)	Data 0.000 (0.304)	Loss 67.1756 (60.6426)
[2018-04-13 09:46:11] Epoch: [2][44000/44376]	Time 0.630 (0.576)	Data 0.435 (0.310)	Loss 68.1924 (60.6494)
[2018-04-13 09:52:19] [epoch 2]: loss : 60.65023268861601
[2018-04-13 09:52:19] Evaluate Result:	Acc  45.2	Best 46.8 (1)
[2018-04-13 10:15:37] Epoch: [3][2000/44376]	Time 0.778 (0.694)	Data 0.582 (0.454)	Loss 57.0889 (59.7649)
[2018-04-13 10:46:07] Epoch: [3][4000/44376]	Time 0.409 (0.804)	Data 0.215 (0.568)	Loss 75.0859 (59.8412)
[2018-04-13 11:17:40] Epoch: [3][6000/44376]	Time 2.734 (0.852)	Data 2.539 (0.618)	Loss 62.6512 (59.9133)
[2018-04-13 11:56:06] Epoch: [3][8000/44376]	Time 1.203 (0.927)	Data 1.006 (0.695)	Loss 64.9071 (59.9028)
[2018-04-13 12:36:41] Epoch: [3][10000/44376]	Time 0.425 (0.985)	Data 0.226 (0.755)	Loss 42.5140 (59.9279)
[2018-04-13 13:16:07] Epoch: [3][12000/44376]	Time 1.960 (1.018)	Data 1.766 (0.788)	Loss 49.9617 (59.8941)
[2018-04-13 14:14:08] Epoch: [3][14000/44376]	Time 1.588 (1.121)	Data 1.389 (0.861)	Loss 56.7639 (59.9059)
[2018-04-13 15:03:21] Epoch: [3][16000/44376]	Time 0.764 (1.166)	Data 0.565 (0.892)	Loss 66.2078 (59.9198)
