[2018-04-21 12:28:13] [Info] use gpu: 3
[2018-04-21 12:28:13] [Info] init dataset
[2018-04-21 12:30:10] [Load] ../data/glove/glove.6B.300d.txt
[2018-04-21 12:30:37] [Info] embedding size: 300
[2018-04-21 12:30:38] [Info] total parameters: 42M
[2018-04-21 12:30:38] [debug] word embedding filling count: 11539/11898
[2018-04-21 12:30:44] [Info] start training...
[2018-04-21 12:40:38] Epoch: [1][2000/44376]	Time 0.641 (0.297)	Data 0.610 (0.266)	Loss 90.3815 (90.3813)
[2018-04-21 12:48:53] Epoch: [1][4000/44376]	Time 0.206 (0.272)	Data 0.184 (0.242)	Loss 90.3826 (90.3811)
[2018-04-21 12:55:44] Epoch: [1][6000/44376]	Time 0.045 (0.250)	Data 0.000 (0.219)	Loss 90.3821 (90.3809)
[2018-04-21 13:01:12] Epoch: [1][8000/44376]	Time 0.046 (0.229)	Data 0.000 (0.198)	Loss 90.3816 (90.3808)
[2018-04-21 13:05:48] Epoch: [1][10000/44376]	Time 0.344 (0.210)	Data 0.316 (0.179)	Loss 90.3810 (90.3808)
[2018-04-21 13:09:33] Epoch: [1][12000/44376]	Time 0.046 (0.194)	Data 0.000 (0.162)	Loss 90.3824 (90.3807)
[2018-04-21 13:12:42] Epoch: [1][14000/44376]	Time 0.046 (0.180)	Data 0.000 (0.147)	Loss 90.3759 (90.3807)
[2018-04-21 13:15:09] Epoch: [1][16000/44376]	Time 0.046 (0.167)	Data 0.000 (0.133)	Loss 90.3820 (90.3807)
[2018-04-21 13:17:15] Epoch: [1][18000/44376]	Time 0.040 (0.155)	Data 0.000 (0.121)	Loss 90.3824 (90.3806)
[2018-04-21 13:18:54] Epoch: [1][20000/44376]	Time 0.048 (0.144)	Data 0.000 (0.109)	Loss 90.3832 (90.3806)
[2018-04-21 13:20:27] Epoch: [1][22000/44376]	Time 0.047 (0.136)	Data 0.000 (0.099)	Loss 90.3824 (90.3806)
[2018-04-21 13:21:59] Epoch: [1][24000/44376]	Time 0.046 (0.128)	Data 0.000 (0.091)	Loss 90.3809 (90.3806)
[2018-04-21 13:23:32] Epoch: [1][26000/44376]	Time 0.046 (0.122)	Data 0.000 (0.084)	Loss 90.3815 (90.3805)
[2018-04-21 13:25:05] Epoch: [1][28000/44376]	Time 0.046 (0.116)	Data 0.000 (0.078)	Loss 90.3694 (90.3805)
[2018-04-21 13:26:38] Epoch: [1][30000/44376]	Time 0.046 (0.112)	Data 0.000 (0.073)	Loss 90.3770 (90.3805)
[2018-04-21 13:28:11] Epoch: [1][32000/44376]	Time 0.046 (0.108)	Data 0.000 (0.068)	Loss 90.3819 (90.3805)
[2018-04-21 13:29:44] Epoch: [1][34000/44376]	Time 0.047 (0.104)	Data 0.000 (0.064)	Loss 90.3763 (90.3805)
[2018-04-21 13:31:16] Epoch: [1][36000/44376]	Time 0.047 (0.101)	Data 0.000 (0.061)	Loss 90.3719 (90.3805)
[2018-04-21 13:32:49] Epoch: [1][38000/44376]	Time 0.046 (0.098)	Data 0.000 (0.058)	Loss 90.3786 (90.3805)
[2018-04-21 13:34:22] Epoch: [1][40000/44376]	Time 0.047 (0.095)	Data 0.000 (0.055)	Loss 90.3814 (90.3805)
[2018-04-21 13:35:55] Epoch: [1][42000/44376]	Time 0.046 (0.093)	Data 0.000 (0.052)	Loss 90.3826 (90.3804)
[2018-04-21 13:37:28] Epoch: [1][44000/44376]	Time 0.046 (0.091)	Data 0.000 (0.050)	Loss 90.3824 (90.3804)
[2018-04-21 13:52:41] [epoch 1]: loss : 90.3798216582849
[2018-04-21 13:52:41] Evaluate Result:	Acc  42.293	Best 42.293 (1)
[2018-04-21 13:57:07] Epoch: [2][2000/44376]	Time 0.082 (0.130)	Data 0.059 (0.098)	Loss 90.3811 (90.3800)
[2018-04-21 14:00:58] Epoch: [2][4000/44376]	Time 0.047 (0.123)	Data 0.000 (0.090)	Loss 90.3809 (90.3800)
[2018-04-21 14:04:43] Epoch: [2][6000/44376]	Time 0.094 (0.120)	Data 0.072 (0.087)	Loss 90.3805 (90.3800)
[2018-04-21 14:08:22] Epoch: [2][8000/44376]	Time 0.093 (0.117)	Data 0.068 (0.084)	Loss 90.3813 (90.3800)
[2018-04-21 14:11:52] Epoch: [2][10000/44376]	Time 0.212 (0.115)	Data 0.185 (0.081)	Loss 90.3831 (90.3800)
[2018-04-21 14:15:22] Epoch: [2][12000/44376]	Time 0.117 (0.113)	Data 0.090 (0.080)	Loss 90.3832 (90.3800)
[2018-04-21 14:18:25] Epoch: [2][14000/44376]	Time 0.083 (0.110)	Data 0.057 (0.076)	Loss 90.3818 (90.3800)
[2018-04-21 14:20:56] Epoch: [2][16000/44376]	Time 0.048 (0.106)	Data 0.000 (0.071)	Loss 90.3780 (90.3800)
[2018-04-21 14:22:56] Epoch: [2][18000/44376]	Time 0.046 (0.101)	Data 0.000 (0.065)	Loss 90.3823 (90.3800)
[2018-04-21 14:24:34] Epoch: [2][20000/44376]	Time 0.046 (0.095)	Data 0.000 (0.059)	Loss 90.3795 (90.3800)
[2018-04-21 14:26:06] Epoch: [2][22000/44376]	Time 0.046 (0.091)	Data 0.000 (0.054)	Loss 90.3813 (90.3800)
[2018-04-21 14:27:39] Epoch: [2][24000/44376]	Time 0.046 (0.087)	Data 0.000 (0.049)	Loss 90.3813 (90.3800)
[2018-04-21 14:29:12] Epoch: [2][26000/44376]	Time 0.046 (0.084)	Data 0.000 (0.046)	Loss 90.3786 (90.3800)
[2018-04-21 14:30:45] Epoch: [2][28000/44376]	Time 0.046 (0.081)	Data 0.000 (0.042)	Loss 90.3760 (90.3800)
[2018-04-21 14:32:18] Epoch: [2][30000/44376]	Time 0.046 (0.079)	Data 0.000 (0.039)	Loss 90.3820 (90.3800)
[2018-04-21 14:33:51] Epoch: [2][32000/44376]	Time 0.046 (0.077)	Data 0.000 (0.037)	Loss 90.3821 (90.3800)
[2018-04-21 14:35:23] Epoch: [2][34000/44376]	Time 0.046 (0.075)	Data 0.000 (0.035)	Loss 90.3792 (90.3800)
[2018-04-21 14:36:56] Epoch: [2][36000/44376]	Time 0.046 (0.074)	Data 0.000 (0.033)	Loss 90.3819 (90.3800)
[2018-04-21 14:38:29] Epoch: [2][38000/44376]	Time 0.046 (0.072)	Data 0.000 (0.031)	Loss 90.3777 (90.3800)
[2018-04-21 14:40:02] Epoch: [2][40000/44376]	Time 0.046 (0.071)	Data 0.000 (0.030)	Loss 90.3827 (90.3800)
[2018-04-21 14:41:35] Epoch: [2][42000/44376]	Time 0.046 (0.070)	Data 0.000 (0.028)	Loss 90.3814 (90.3800)
[2018-04-21 14:43:07] Epoch: [2][44000/44376]	Time 0.046 (0.069)	Data 0.000 (0.027)	Loss 90.3708 (90.3800)
[2018-04-21 14:57:29] [epoch 2]: loss : 90.37940749620046
[2018-04-21 14:57:29] Evaluate Result:	Acc  46.092	Best 46.092 (2)
[2018-04-21 15:01:11] Epoch: [3][2000/44376]	Time 0.046 (0.109)	Data 0.000 (0.075)	Loss 90.3813 (90.3799)
[2018-04-21 15:04:41] Epoch: [3][4000/44376]	Time 0.045 (0.107)	Data 0.000 (0.073)	Loss 90.3747 (90.3799)
[2018-04-21 15:08:06] Epoch: [3][6000/44376]	Time 0.201 (0.105)	Data 0.177 (0.071)	Loss 90.3817 (90.3798)
[2018-04-21 15:11:29] Epoch: [3][8000/44376]	Time 0.043 (0.104)	Data 0.000 (0.070)	Loss 90.3729 (90.3798)
[2018-04-21 15:14:57] Epoch: [3][10000/44376]	Time 0.046 (0.104)	Data 0.000 (0.070)	Loss 90.3813 (90.3799)
[2018-04-21 15:18:25] Epoch: [3][12000/44376]	Time 0.046 (0.104)	Data 0.000 (0.070)	Loss 90.3817 (90.3799)
[2018-04-21 15:21:30] Epoch: [3][14000/44376]	Time 0.047 (0.103)	Data 0.000 (0.068)	Loss 90.3779 (90.3799)
[2018-04-21 15:23:57] Epoch: [3][16000/44376]	Time 0.046 (0.099)	Data 0.000 (0.064)	Loss 90.3821 (90.3799)
[2018-04-21 15:26:00] Epoch: [3][18000/44376]	Time 0.053 (0.095)	Data 0.000 (0.059)	Loss 90.3809 (90.3799)
[2018-04-21 15:27:37] Epoch: [3][20000/44376]	Time 0.043 (0.090)	Data 0.000 (0.053)	Loss 90.3814 (90.3799)
[2018-04-21 15:29:09] Epoch: [3][22000/44376]	Time 0.046 (0.086)	Data 0.000 (0.048)	Loss 90.3759 (90.3799)
[2018-04-21 15:30:42] Epoch: [3][24000/44376]	Time 0.046 (0.083)	Data 0.000 (0.044)	Loss 90.3821 (90.3798)
[2018-04-21 15:32:15] Epoch: [3][26000/44376]	Time 0.046 (0.080)	Data 0.000 (0.041)	Loss 90.3788 (90.3798)
[2018-04-21 15:33:48] Epoch: [3][28000/44376]	Time 0.046 (0.078)	Data 0.000 (0.038)	Loss 90.3777 (90.3798)
[2018-04-21 15:35:21] Epoch: [3][30000/44376]	Time 0.046 (0.076)	Data 0.000 (0.036)	Loss 90.3817 (90.3798)
[2018-04-21 15:36:53] Epoch: [3][32000/44376]	Time 0.047 (0.074)	Data 0.000 (0.033)	Loss 90.3780 (90.3798)
[2018-04-21 15:38:26] Epoch: [3][34000/44376]	Time 0.046 (0.072)	Data 0.000 (0.031)	Loss 90.3800 (90.3798)
[2018-04-21 15:39:59] Epoch: [3][36000/44376]	Time 0.046 (0.071)	Data 0.000 (0.030)	Loss 90.3825 (90.3798)
[2018-04-21 15:41:31] Epoch: [3][38000/44376]	Time 0.047 (0.069)	Data 0.000 (0.028)	Loss 90.3727 (90.3798)
[2018-04-21 15:43:04] Epoch: [3][40000/44376]	Time 0.046 (0.068)	Data 0.000 (0.027)	Loss 90.3807 (90.3798)
[2018-04-21 15:44:37] Epoch: [3][42000/44376]	Time 0.047 (0.067)	Data 0.000 (0.025)	Loss 90.3813 (90.3798)
[2018-04-21 15:46:09] Epoch: [3][44000/44376]	Time 0.046 (0.066)	Data 0.000 (0.024)	Loss 90.3819 (90.3798)
[2018-04-21 16:00:29] [epoch 3]: loss : 90.37922555819618
[2018-04-21 16:00:29] Evaluate Result:	Acc  47.677	Best 47.677 (3)
[2018-04-21 16:04:33] Epoch: [4][2000/44376]	Time 0.078 (0.120)	Data 0.052 (0.087)	Loss 90.3788 (90.3797)
[2018-04-21 16:08:16] Epoch: [4][4000/44376]	Time 0.090 (0.116)	Data 0.058 (0.082)	Loss 90.3808 (90.3797)
[2018-04-21 16:11:59] Epoch: [4][6000/44376]	Time 0.332 (0.114)	Data 0.310 (0.080)	Loss 90.3806 (90.3797)
[2018-04-21 16:15:42] Epoch: [4][8000/44376]	Time 0.046 (0.114)	Data 0.000 (0.080)	Loss 90.3816 (90.3797)
[2018-04-21 16:19:23] Epoch: [4][10000/44376]	Time 0.043 (0.113)	Data 0.000 (0.079)	Loss 90.3817 (90.3797)
[2018-04-21 16:23:34] Epoch: [4][12000/44376]	Time 0.373 (0.115)	Data 0.350 (0.081)	Loss 90.3794 (90.3797)
[2018-04-21 16:27:03] Epoch: [4][14000/44376]	Time 0.046 (0.113)	Data 0.000 (0.079)	Loss 90.3814 (90.3797)
[2018-04-21 16:29:33] Epoch: [4][16000/44376]	Time 0.044 (0.109)	Data 0.000 (0.074)	Loss 90.3822 (90.3797)
[2018-04-21 16:31:37] Epoch: [4][18000/44376]	Time 0.128 (0.104)	Data 0.105 (0.068)	Loss 90.3815 (90.3797)
[2018-04-21 16:33:15] Epoch: [4][20000/44376]	Time 0.046 (0.098)	Data 0.000 (0.062)	Loss 90.3818 (90.3797)
[2018-04-21 16:34:48] Epoch: [4][22000/44376]	Time 0.046 (0.093)	Data 0.000 (0.056)	Loss 90.3814 (90.3797)
[2018-04-21 16:36:20] Epoch: [4][24000/44376]	Time 0.046 (0.089)	Data 0.000 (0.051)	Loss 90.3822 (90.3797)
[2018-04-21 16:37:53] Epoch: [4][26000/44376]	Time 0.046 (0.086)	Data 0.000 (0.048)	Loss 90.3822 (90.3797)
[2018-04-21 16:39:26] Epoch: [4][28000/44376]	Time 0.047 (0.083)	Data 0.000 (0.044)	Loss 90.3796 (90.3797)
[2018-04-21 16:40:58] Epoch: [4][30000/44376]	Time 0.046 (0.081)	Data 0.000 (0.041)	Loss 90.3813 (90.3797)
[2018-04-21 16:42:31] Epoch: [4][32000/44376]	Time 0.046 (0.079)	Data 0.000 (0.039)	Loss 90.3821 (90.3797)
[2018-04-21 16:44:04] Epoch: [4][34000/44376]	Time 0.048 (0.077)	Data 0.000 (0.036)	Loss 90.3715 (90.3797)
[2018-04-21 16:45:37] Epoch: [4][36000/44376]	Time 0.046 (0.075)	Data 0.000 (0.034)	Loss 90.3782 (90.3797)
[2018-04-21 16:47:09] Epoch: [4][38000/44376]	Time 0.046 (0.074)	Data 0.000 (0.033)	Loss 90.3774 (90.3797)
[2018-04-21 16:48:42] Epoch: [4][40000/44376]	Time 0.046 (0.072)	Data 0.000 (0.031)	Loss 90.3839 (90.3797)
[2018-04-21 16:50:14] Epoch: [4][42000/44376]	Time 0.046 (0.071)	Data 0.000 (0.029)	Loss 90.3787 (90.3797)
[2018-04-21 16:51:47] Epoch: [4][44000/44376]	Time 0.046 (0.070)	Data 0.000 (0.028)	Loss 90.3771 (90.3797)
[2018-04-21 17:06:37] [epoch 4]: loss : 90.37910309451667
[2018-04-21 17:06:37] Evaluate Result:	Acc  49.139	Best 49.139 (4)
[2018-04-21 17:11:12] Epoch: [5][2000/44376]	Time 0.113 (0.135)	Data 0.084 (0.102)	Loss 90.3810 (90.3796)
[2018-04-21 17:15:20] Epoch: [5][4000/44376]	Time 0.045 (0.130)	Data 0.022 (0.097)	Loss 90.3789 (90.3797)
[2018-04-21 17:19:21] Epoch: [5][6000/44376]	Time 0.108 (0.127)	Data 0.084 (0.093)	Loss 90.3786 (90.3796)
[2018-04-21 17:23:17] Epoch: [5][8000/44376]	Time 0.068 (0.124)	Data 0.046 (0.091)	Loss 90.3818 (90.3797)
[2018-04-21 17:27:11] Epoch: [5][10000/44376]	Time 0.169 (0.123)	Data 0.146 (0.089)	Loss 90.3666 (90.3797)
[2018-04-21 17:30:59] Epoch: [5][12000/44376]	Time 0.356 (0.121)	Data 0.327 (0.088)	Loss 90.3798 (90.3796)
[2018-04-21 17:34:09] Epoch: [5][14000/44376]	Time 0.044 (0.118)	Data 0.000 (0.084)	Loss 90.3773 (90.3797)
[2018-04-21 17:36:37] Epoch: [5][16000/44376]	Time 0.046 (0.112)	Data 0.000 (0.078)	Loss 90.3667 (90.3796)
[2018-04-21 17:38:32] Epoch: [5][18000/44376]	Time 0.046 (0.106)	Data 0.000 (0.071)	Loss 90.3809 (90.3796)
[2018-04-21 17:40:12] Epoch: [5][20000/44376]	Time 0.046 (0.101)	Data 0.000 (0.064)	Loss 90.3820 (90.3796)
[2018-04-21 17:41:45] Epoch: [5][22000/44376]	Time 0.049 (0.096)	Data 0.000 (0.058)	Loss 90.3777 (90.3796)
[2018-04-21 17:43:18] Epoch: [5][24000/44376]	Time 0.048 (0.092)	Data 0.000 (0.054)	Loss 90.3814 (90.3797)
[2018-04-21 17:44:51] Epoch: [5][26000/44376]	Time 0.050 (0.088)	Data 0.000 (0.049)	Loss 90.3826 (90.3796)
[2018-04-21 17:46:24] Epoch: [5][28000/44376]	Time 0.047 (0.085)	Data 0.000 (0.046)	Loss 90.3783 (90.3796)
[2018-04-21 17:47:57] Epoch: [5][30000/44376]	Time 0.046 (0.083)	Data 0.000 (0.043)	Loss 90.3796 (90.3796)
[2018-04-21 17:49:30] Epoch: [5][32000/44376]	Time 0.046 (0.080)	Data 0.000 (0.040)	Loss 90.3815 (90.3796)
[2018-04-21 17:51:03] Epoch: [5][34000/44376]	Time 0.046 (0.078)	Data 0.000 (0.038)	Loss 90.3815 (90.3796)
[2018-04-21 17:52:36] Epoch: [5][36000/44376]	Time 0.048 (0.076)	Data 0.000 (0.036)	Loss 90.3814 (90.3796)
[2018-04-21 17:54:08] Epoch: [5][38000/44376]	Time 0.046 (0.075)	Data 0.000 (0.034)	Loss 90.3799 (90.3796)
[2018-04-21 17:55:41] Epoch: [5][40000/44376]	Time 0.047 (0.073)	Data 0.000 (0.032)	Loss 90.3823 (90.3796)
[2018-04-21 17:57:14] Epoch: [5][42000/44376]	Time 0.046 (0.072)	Data 0.000 (0.031)	Loss 90.3831 (90.3796)
[2018-04-21 17:58:47] Epoch: [5][44000/44376]	Time 0.046 (0.071)	Data 0.000 (0.029)	Loss 90.3749 (90.3796)
[2018-04-21 18:13:30] [epoch 5]: loss : 90.37902286415039
[2018-04-21 18:13:31] Evaluate Result:	Acc  49.593	Best 49.593 (5)
[2018-04-21 18:18:24] Epoch: [6][2000/44376]	Time 0.050 (0.144)	Data 0.025 (0.112)	Loss 90.3823 (90.3795)
[2018-04-21 18:22:43] Epoch: [6][4000/44376]	Time 0.327 (0.137)	Data 0.298 (0.104)	Loss 90.3822 (90.3796)
[2018-04-21 18:27:01] Epoch: [6][6000/44376]	Time 0.045 (0.134)	Data 0.000 (0.101)	Loss 90.3773 (90.3795)
[2018-04-21 18:31:13] Epoch: [6][8000/44376]	Time 0.082 (0.132)	Data 0.057 (0.099)	Loss 90.3783 (90.3796)
[2018-04-21 18:35:22] Epoch: [6][10000/44376]	Time 0.049 (0.131)	Data 0.000 (0.098)	Loss 90.3807 (90.3796)
[2018-04-21 18:39:05] Epoch: [6][12000/44376]	Time 0.046 (0.128)	Data 0.004 (0.094)	Loss 90.3807 (90.3796)
[2018-04-21 18:42:07] Epoch: [6][14000/44376]	Time 0.046 (0.122)	Data 0.024 (0.089)	Loss 90.3769 (90.3796)
[2018-04-21 18:44:43] Epoch: [6][16000/44376]	Time 0.046 (0.117)	Data 0.000 (0.082)	Loss 90.3685 (90.3796)
[2018-04-21 18:46:42] Epoch: [6][18000/44376]	Time 0.046 (0.110)	Data 0.000 (0.075)	Loss 90.3807 (90.3796)
[2018-04-21 18:48:17] Epoch: [6][20000/44376]	Time 0.046 (0.104)	Data 0.000 (0.068)	Loss 90.3815 (90.3796)
[2018-04-21 18:49:50] Epoch: [6][22000/44376]	Time 0.046 (0.099)	Data 0.000 (0.062)	Loss 90.3790 (90.3796)
[2018-04-21 18:51:23] Epoch: [6][24000/44376]	Time 0.046 (0.095)	Data 0.000 (0.057)	Loss 90.3800 (90.3796)
[2018-04-21 18:52:56] Epoch: [6][26000/44376]	Time 0.047 (0.091)	Data 0.000 (0.052)	Loss 90.3782 (90.3796)
[2018-04-21 18:54:29] Epoch: [6][28000/44376]	Time 0.047 (0.088)	Data 0.000 (0.049)	Loss 90.3831 (90.3796)
[2018-04-21 18:56:02] Epoch: [6][30000/44376]	Time 0.046 (0.085)	Data 0.000 (0.045)	Loss 90.3819 (90.3796)
[2018-04-21 18:57:35] Epoch: [6][32000/44376]	Time 0.046 (0.082)	Data 0.000 (0.043)	Loss 90.3782 (90.3796)
[2018-04-21 18:59:08] Epoch: [6][34000/44376]	Time 0.046 (0.080)	Data 0.000 (0.040)	Loss 90.3773 (90.3796)
[2018-04-21 19:00:41] Epoch: [6][36000/44376]	Time 0.045 (0.078)	Data 0.000 (0.038)	Loss 90.3804 (90.3796)
[2018-04-21 19:02:14] Epoch: [6][38000/44376]	Time 0.047 (0.077)	Data 0.000 (0.036)	Loss 90.3821 (90.3796)
[2018-04-21 19:03:47] Epoch: [6][40000/44376]	Time 0.047 (0.075)	Data 0.000 (0.034)	Loss 90.3821 (90.3796)
[2018-04-21 19:05:19] Epoch: [6][42000/44376]	Time 0.046 (0.074)	Data 0.000 (0.032)	Loss 90.3794 (90.3796)
[2018-04-21 19:06:52] Epoch: [6][44000/44376]	Time 0.046 (0.073)	Data 0.000 (0.031)	Loss 90.3754 (90.3796)
[2018-04-21 19:21:56] [epoch 6]: loss : 90.37897365923205
[2018-04-21 19:21:56] Evaluate Result:	Acc  49.633	Best 49.633 (6)
[2018-04-21 19:26:57] Epoch: [7][2000/44376]	Time 0.187 (0.149)	Data 0.158 (0.116)	Loss 90.3805 (90.3795)
[2018-04-21 19:31:39] Epoch: [7][4000/44376]	Time 0.235 (0.145)	Data 0.213 (0.113)	Loss 90.3823 (90.3795)
[2018-04-21 19:36:09] Epoch: [7][6000/44376]	Time 0.114 (0.142)	Data 0.091 (0.109)	Loss 90.3767 (90.3795)
[2018-04-21 19:40:32] Epoch: [7][8000/44376]	Time 0.046 (0.139)	Data 0.000 (0.107)	Loss 90.3811 (90.3796)
[2018-04-21 19:44:55] Epoch: [7][10000/44376]	Time 0.047 (0.137)	Data 0.000 (0.105)	Loss 90.3695 (90.3795)
[2018-04-21 19:48:43] Epoch: [7][12000/44376]	Time 0.101 (0.134)	Data 0.079 (0.101)	Loss 90.3798 (90.3795)
[2018-04-21 19:51:51] Epoch: [7][14000/44376]	Time 0.046 (0.128)	Data 0.000 (0.095)	Loss 90.3811 (90.3795)
[2018-04-21 19:54:18] Epoch: [7][16000/44376]	Time 0.046 (0.121)	Data 0.000 (0.087)	Loss 90.3796 (90.3795)
[2018-04-21 19:56:16] Epoch: [7][18000/44376]	Time 0.046 (0.114)	Data 0.000 (0.079)	Loss 90.3815 (90.3796)
[2018-04-21 19:57:55] Epoch: [7][20000/44376]	Time 0.048 (0.108)	Data 0.000 (0.072)	Loss 90.3762 (90.3796)
[2018-04-21 19:59:28] Epoch: [7][22000/44376]	Time 0.048 (0.102)	Data 0.000 (0.065)	Loss 90.3815 (90.3796)
[2018-04-21 20:01:01] Epoch: [7][24000/44376]	Time 0.046 (0.098)	Data 0.000 (0.060)	Loss 90.3800 (90.3796)
[2018-04-21 20:02:34] Epoch: [7][26000/44376]	Time 0.047 (0.094)	Data 0.000 (0.055)	Loss 90.3758 (90.3795)
[2018-04-21 20:04:07] Epoch: [7][28000/44376]	Time 0.046 (0.090)	Data 0.000 (0.051)	Loss 90.3810 (90.3796)
[2018-04-21 20:05:40] Epoch: [7][30000/44376]	Time 0.048 (0.087)	Data 0.000 (0.048)	Loss 90.3811 (90.3796)
[2018-04-21 20:07:13] Epoch: [7][32000/44376]	Time 0.046 (0.085)	Data 0.000 (0.045)	Loss 90.3813 (90.3796)
[2018-04-21 20:08:46] Epoch: [7][34000/44376]	Time 0.045 (0.083)	Data 0.000 (0.042)	Loss 90.3831 (90.3796)
[2018-04-21 20:10:19] Epoch: [7][36000/44376]	Time 0.050 (0.081)	Data 0.000 (0.040)	Loss 90.3811 (90.3796)
[2018-04-21 20:11:52] Epoch: [7][38000/44376]	Time 0.047 (0.079)	Data 0.000 (0.038)	Loss 90.3819 (90.3796)
[2018-04-21 20:13:25] Epoch: [7][40000/44376]	Time 0.046 (0.077)	Data 0.000 (0.036)	Loss 90.3806 (90.3796)
[2018-04-21 20:14:58] Epoch: [7][42000/44376]	Time 0.047 (0.076)	Data 0.000 (0.034)	Loss 90.3814 (90.3796)
[2018-04-21 20:16:31] Epoch: [7][44000/44376]	Time 0.046 (0.074)	Data 0.000 (0.033)	Loss 90.3764 (90.3796)
[2018-04-21 20:31:34] [epoch 7]: loss : 90.37894726323935
[2018-04-21 20:31:34] Evaluate Result:	Acc  49.719	Best 49.719 (7)
[2018-04-21 20:37:04] Epoch: [8][2000/44376]	Time 0.186 (0.163)	Data 0.161 (0.131)	Loss 90.3819 (90.3795)
[2018-04-21 20:42:02] Epoch: [8][4000/44376]	Time 0.059 (0.156)	Data 0.036 (0.124)	Loss 90.3801 (90.3796)
[2018-04-21 20:46:52] Epoch: [8][6000/44376]	Time 0.223 (0.152)	Data 0.196 (0.120)	Loss 90.3790 (90.3795)
[2018-04-21 20:51:29] Epoch: [8][8000/44376]	Time 0.045 (0.149)	Data 0.000 (0.117)	Loss 90.3814 (90.3795)
[2018-04-21 20:55:53] Epoch: [8][10000/44376]	Time 0.044 (0.145)	Data 0.000 (0.113)	Loss 90.3818 (90.3795)
[2018-04-21 20:59:49] Epoch: [8][12000/44376]	Time 0.046 (0.141)	Data 0.000 (0.108)	Loss 90.3818 (90.3795)
[2018-04-21 21:02:56] Epoch: [8][14000/44376]	Time 0.044 (0.134)	Data 0.006 (0.101)	Loss 90.3811 (90.3795)
[2018-04-21 21:05:29] Epoch: [8][16000/44376]	Time 0.044 (0.127)	Data 0.000 (0.093)	Loss 90.3801 (90.3795)
[2018-04-21 21:07:30] Epoch: [8][18000/44376]	Time 0.044 (0.120)	Data 0.000 (0.085)	Loss 90.3809 (90.3795)
[2018-04-21 21:09:09] Epoch: [8][20000/44376]	Time 0.047 (0.113)	Data 0.000 (0.077)	Loss 90.3807 (90.3795)
[2018-04-21 21:10:42] Epoch: [8][22000/44376]	Time 0.047 (0.107)	Data 0.000 (0.070)	Loss 90.3764 (90.3795)
[2018-04-21 21:12:15] Epoch: [8][24000/44376]	Time 0.046 (0.102)	Data 0.000 (0.064)	Loss 90.3811 (90.3795)
[2018-04-21 21:13:48] Epoch: [8][26000/44376]	Time 0.046 (0.097)	Data 0.000 (0.059)	Loss 90.3819 (90.3795)
[2018-04-21 21:15:21] Epoch: [8][28000/44376]	Time 0.047 (0.094)	Data 0.000 (0.055)	Loss 90.3780 (90.3795)
[2018-04-21 21:16:54] Epoch: [8][30000/44376]	Time 0.047 (0.091)	Data 0.000 (0.051)	Loss 90.3815 (90.3795)
[2018-04-21 21:18:27] Epoch: [8][32000/44376]	Time 0.047 (0.088)	Data 0.000 (0.048)	Loss 90.3741 (90.3795)
[2018-04-21 21:20:00] Epoch: [8][34000/44376]	Time 0.047 (0.085)	Data 0.000 (0.045)	Loss 90.3784 (90.3795)
[2018-04-21 21:21:33] Epoch: [8][36000/44376]	Time 0.046 (0.083)	Data 0.000 (0.043)	Loss 90.3809 (90.3795)
[2018-04-21 21:23:06] Epoch: [8][38000/44376]	Time 0.046 (0.081)	Data 0.000 (0.041)	Loss 90.3821 (90.3795)
[2018-04-21 21:24:39] Epoch: [8][40000/44376]	Time 0.047 (0.079)	Data 0.000 (0.039)	Loss 90.3803 (90.3795)
[2018-04-21 21:26:12] Epoch: [8][42000/44376]	Time 0.047 (0.078)	Data 0.000 (0.037)	Loss 90.3803 (90.3795)
[2018-04-21 21:27:44] Epoch: [8][44000/44376]	Time 0.046 (0.076)	Data 0.000 (0.035)	Loss 90.3817 (90.3795)
[2018-04-21 21:50:32] [epoch 8]: loss : 90.37893257301005
[2018-04-21 21:50:32] Evaluate Result:	Acc  49.929	Best 49.929 (8)
[2018-04-21 21:59:37] Epoch: [9][2000/44376]	Time 0.061 (0.270)	Data 0.036 (0.239)	Loss 90.3806 (90.3795)
[2018-04-21 22:07:12] Epoch: [9][4000/44376]	Time 0.080 (0.249)	Data 0.051 (0.218)	Loss 90.3807 (90.3795)
[2018-04-21 22:13:58] Epoch: [9][6000/44376]	Time 0.047 (0.233)	Data 0.025 (0.203)	Loss 90.3789 (90.3795)
[2018-04-21 22:19:38] Epoch: [9][8000/44376]	Time 0.313 (0.218)	Data 0.283 (0.187)	Loss 90.3671 (90.3795)
[2018-04-21 22:25:01] Epoch: [9][10000/44376]	Time 0.046 (0.206)	Data 0.000 (0.175)	Loss 90.3812 (90.3795)
[2018-04-21 22:28:52] Epoch: [9][12000/44376]	Time 0.046 (0.191)	Data 0.000 (0.160)	Loss 90.3813 (90.3795)
[2018-04-21 22:32:04] Epoch: [9][14000/44376]	Time 0.046 (0.178)	Data 0.000 (0.146)	Loss 90.3812 (90.3795)
[2018-04-21 22:34:56] Epoch: [9][16000/44376]	Time 0.045 (0.166)	Data 0.000 (0.134)	Loss 90.3815 (90.3795)
[2018-04-21 22:37:50] Epoch: [9][18000/44376]	Time 0.046 (0.157)	Data 0.000 (0.124)	Loss 90.3796 (90.3795)
[2018-04-21 22:40:37] Epoch: [9][20000/44376]	Time 0.046 (0.150)	Data 0.000 (0.117)	Loss 90.3809 (90.3795)
[2018-04-21 22:43:24] Epoch: [9][22000/44376]	Time 0.044 (0.144)	Data 0.000 (0.110)	Loss 90.3819 (90.3795)
[2018-04-21 22:46:09] Epoch: [9][24000/44376]	Time 0.043 (0.139)	Data 0.000 (0.105)	Loss 90.3818 (90.3795)
[2018-04-21 22:49:09] Epoch: [9][26000/44376]	Time 0.046 (0.135)	Data 0.000 (0.101)	Loss 90.3800 (90.3795)
[2018-04-21 22:52:20] Epoch: [9][28000/44376]	Time 0.050 (0.132)	Data 0.000 (0.098)	Loss 90.3804 (90.3795)
[2018-04-21 22:55:22] Epoch: [9][30000/44376]	Time 0.130 (0.129)	Data 0.106 (0.095)	Loss 90.3785 (90.3795)
[2018-04-21 22:58:20] Epoch: [9][32000/44376]	Time 0.238 (0.127)	Data 0.217 (0.093)	Loss 90.3813 (90.3795)
[2018-04-21 23:01:15] Epoch: [9][34000/44376]	Time 0.058 (0.125)	Data 0.029 (0.090)	Loss 90.3801 (90.3795)
[2018-04-21 23:04:04] Epoch: [9][36000/44376]	Time 0.047 (0.122)	Data 0.000 (0.088)	Loss 90.3819 (90.3795)
[2018-04-21 23:06:53] Epoch: [9][38000/44376]	Time 0.045 (0.120)	Data 0.000 (0.086)	Loss 90.3813 (90.3795)
[2018-04-21 23:09:45] Epoch: [9][40000/44376]	Time 0.110 (0.119)	Data 0.088 (0.084)	Loss 90.3814 (90.3795)
[2018-04-21 23:12:37] Epoch: [9][42000/44376]	Time 0.144 (0.117)	Data 0.122 (0.082)	Loss 90.3764 (90.3795)
[2018-04-21 23:15:23] Epoch: [9][44000/44376]	Time 0.046 (0.116)	Data 0.000 (0.081)	Loss 90.3789 (90.3795)
[2018-04-21 23:33:49] [epoch 9]: loss : 90.37892492074934
[2018-04-21 23:33:50] Evaluate Result:	Acc  49.995	Best 49.995 (9)
[2018-04-21 23:42:35] Epoch: [10][2000/44376]	Time 0.464 (0.261)	Data 0.436 (0.231)	Loss 90.3792 (90.3795)
[2018-04-21 23:50:36] Epoch: [10][4000/44376]	Time 0.047 (0.251)	Data 0.000 (0.221)	Loss 90.3827 (90.3795)
[2018-04-21 23:57:26] Epoch: [10][6000/44376]	Time 0.311 (0.235)	Data 0.285 (0.205)	Loss 90.3813 (90.3795)
[2018-04-22 00:03:09] Epoch: [10][8000/44376]	Time 0.293 (0.219)	Data 0.263 (0.189)	Loss 90.3791 (90.3795)
[2018-04-22 00:07:52] Epoch: [10][10000/44376]	Time 0.047 (0.204)	Data 0.000 (0.173)	Loss 90.3810 (90.3795)
[2018-04-22 00:11:50] Epoch: [10][12000/44376]	Time 0.245 (0.190)	Data 0.223 (0.158)	Loss 90.3787 (90.3795)
[2018-04-22 00:15:07] Epoch: [10][14000/44376]	Time 0.046 (0.177)	Data 0.000 (0.145)	Loss 90.3793 (90.3795)
[2018-04-22 00:18:27] Epoch: [10][16000/44376]	Time 0.067 (0.167)	Data 0.043 (0.135)	Loss 90.3824 (90.3795)
[2018-04-22 00:21:46] Epoch: [10][18000/44376]	Time 0.177 (0.160)	Data 0.155 (0.127)	Loss 90.3692 (90.3795)
[2018-04-22 00:25:11] Epoch: [10][20000/44376]	Time 0.045 (0.154)	Data 0.000 (0.121)	Loss 90.3783 (90.3795)
[2018-04-22 00:28:30] Epoch: [10][22000/44376]	Time 0.081 (0.149)	Data 0.058 (0.116)	Loss 90.3792 (90.3795)
[2018-04-22 00:31:51] Epoch: [10][24000/44376]	Time 0.115 (0.145)	Data 0.091 (0.112)	Loss 90.3787 (90.3795)
[2018-04-22 00:35:13] Epoch: [10][26000/44376]	Time 0.155 (0.142)	Data 0.134 (0.109)	Loss 90.3807 (90.3795)
[2018-04-22 00:38:27] Epoch: [10][28000/44376]	Time 0.044 (0.138)	Data 0.000 (0.105)	Loss 90.3634 (90.3795)
[2018-04-22 00:42:03] Epoch: [10][30000/44376]	Time 0.058 (0.136)	Data 0.034 (0.103)	Loss 90.3822 (90.3795)
[2018-04-22 00:45:28] Epoch: [10][32000/44376]	Time 0.043 (0.134)	Data 0.000 (0.101)	Loss 90.3821 (90.3795)
[2018-04-22 00:48:40] Epoch: [10][34000/44376]	Time 0.045 (0.132)	Data 0.000 (0.099)	Loss 90.3677 (90.3795)
[2018-04-22 00:51:57] Epoch: [10][36000/44376]	Time 0.058 (0.130)	Data 0.037 (0.097)	Loss 90.3807 (90.3795)
[2018-04-22 00:55:11] Epoch: [10][38000/44376]	Time 0.129 (0.128)	Data 0.106 (0.095)	Loss 90.3740 (90.3795)
[2018-04-22 00:58:20] Epoch: [10][40000/44376]	Time 0.144 (0.127)	Data 0.123 (0.093)	Loss 90.3820 (90.3795)
[2018-04-22 01:01:41] Epoch: [10][42000/44376]	Time 0.106 (0.125)	Data 0.084 (0.092)	Loss 90.3775 (90.3795)
[2018-04-22 01:04:59] Epoch: [10][44000/44376]	Time 0.047 (0.124)	Data 0.000 (0.091)	Loss 90.3821 (90.3795)
[2018-04-22 01:23:22] [epoch 10]: loss : 90.37891940424115
[2018-04-22 01:23:22] Evaluate Result:	Acc  49.828	Best 49.995 (9)
[2018-04-22 01:23:26] Evaluate Result:	best accuracy:  49.995	best epoch9
