[2018-04-22 09:04:45] [Info] use gpu: 2
[2018-04-22 09:04:45] [Info] init dataset
[2018-04-22 09:05:00] [Load] ../data/glove/glove.6B.300d.txt
[2018-04-22 09:05:19] [Info] embedding size: 300
[2018-04-22 09:05:20] [Info] total parameters: 42M
[2018-04-22 09:05:20] [debug] word embedding filling count: 11539/11898
[2018-04-22 09:05:22] [Info] start training...
[2018-04-22 09:26:00] Epoch: [1][2000/44376]	Time 0.438 (0.619)	Data 0.412 (0.585)	Loss 90.3827 (90.3824)
[2018-04-22 09:39:27] Epoch: [1][4000/44376]	Time 0.049 (0.511)	Data 0.000 (0.477)	Loss 90.3834 (90.3824)
[2018-04-22 09:48:35] Epoch: [1][6000/44376]	Time 0.078 (0.432)	Data 0.048 (0.398)	Loss 90.3823 (90.3821)
[2018-04-22 09:54:05] Epoch: [1][8000/44376]	Time 0.242 (0.365)	Data 0.218 (0.330)	Loss 90.3817 (90.3817)
[2018-04-22 09:58:09] Epoch: [1][10000/44376]	Time 0.324 (0.317)	Data 0.299 (0.281)	Loss 90.3811 (90.3815)
[2018-04-22 10:01:06] Epoch: [1][12000/44376]	Time 0.052 (0.279)	Data 0.000 (0.241)	Loss 90.3824 (90.3814)
[2018-04-22 10:03:18] Epoch: [1][14000/44376]	Time 0.053 (0.248)	Data 0.000 (0.209)	Loss 90.3761 (90.3812)
[2018-04-22 10:05:14] Epoch: [1][16000/44376]	Time 0.053 (0.225)	Data 0.000 (0.184)	Loss 90.3818 (90.3812)
[2018-04-22 10:07:09] Epoch: [1][18000/44376]	Time 0.052 (0.206)	Data 0.000 (0.164)	Loss 90.3824 (90.3811)
[2018-04-22 10:08:55] Epoch: [1][20000/44376]	Time 0.051 (0.191)	Data 0.000 (0.148)	Loss 90.3830 (90.3810)
[2018-04-22 10:10:41] Epoch: [1][22000/44376]	Time 0.052 (0.178)	Data 0.000 (0.135)	Loss 90.3825 (90.3809)
[2018-04-22 10:12:26] Epoch: [1][24000/44376]	Time 0.053 (0.168)	Data 0.000 (0.124)	Loss 90.3807 (90.3809)
[2018-04-22 10:14:11] Epoch: [1][26000/44376]	Time 0.052 (0.159)	Data 0.000 (0.114)	Loss 90.3816 (90.3809)
[2018-04-22 10:15:56] Epoch: [1][28000/44376]	Time 0.052 (0.151)	Data 0.000 (0.106)	Loss 90.3692 (90.3808)
[2018-04-22 10:17:41] Epoch: [1][30000/44376]	Time 0.052 (0.145)	Data 0.000 (0.099)	Loss 90.3770 (90.3808)
[2018-04-22 10:19:26] Epoch: [1][32000/44376]	Time 0.052 (0.139)	Data 0.000 (0.093)	Loss 90.3820 (90.3808)
[2018-04-22 10:21:11] Epoch: [1][34000/44376]	Time 0.053 (0.134)	Data 0.000 (0.087)	Loss 90.3761 (90.3807)
[2018-04-22 10:22:56] Epoch: [1][36000/44376]	Time 0.052 (0.129)	Data 0.000 (0.082)	Loss 90.3718 (90.3807)
[2018-04-22 10:24:41] Epoch: [1][38000/44376]	Time 0.053 (0.125)	Data 0.000 (0.078)	Loss 90.3791 (90.3807)
[2018-04-22 10:26:26] Epoch: [1][40000/44376]	Time 0.053 (0.122)	Data 0.000 (0.074)	Loss 90.3814 (90.3807)
[2018-04-22 10:28:11] Epoch: [1][42000/44376]	Time 0.053 (0.118)	Data 0.000 (0.071)	Loss 90.3826 (90.3807)
[2018-04-22 10:29:56] Epoch: [1][44000/44376]	Time 0.053 (0.115)	Data 0.000 (0.067)	Loss 90.3825 (90.3806)
[2018-04-22 11:11:05] [epoch 1]: loss : 90.38002527815298
[2018-04-22 11:11:05] Evaluate Result:	Acc  41.70111124588298	Best 41.70111124588298 (1)
[2018-04-22 11:26:46] Epoch: [2][2000/44376]	Time 1.760 (0.469)	Data 1.730 (0.432)	Loss 90.3814 (90.3800)
[2018-04-22 11:41:39] Epoch: [2][4000/44376]	Time 0.390 (0.458)	Data 0.364 (0.421)	Loss 90.3817 (90.3801)
[2018-04-22 11:48:44] Epoch: [2][6000/44376]	Time 0.052 (0.376)	Data 0.000 (0.339)	Loss 90.3819 (90.3801)
[2018-04-22 11:52:44] Epoch: [2][8000/44376]	Time 0.137 (0.312)	Data 0.113 (0.274)	Loss 90.3800 (90.3802)
[2018-04-22 11:55:08] Epoch: [2][10000/44376]	Time 0.051 (0.264)	Data 0.000 (0.224)	Loss 90.3711 (90.3801)
[2018-04-22 11:57:07] Epoch: [2][12000/44376]	Time 0.052 (0.230)	Data 0.000 (0.188)	Loss 90.3830 (90.3801)
[2018-04-22 11:58:55] Epoch: [2][14000/44376]	Time 0.052 (0.205)	Data 0.000 (0.162)	Loss 90.3690 (90.3801)
[2018-04-22 12:00:41] Epoch: [2][16000/44376]	Time 0.052 (0.186)	Data 0.000 (0.142)	Loss 90.3817 (90.3801)
[2018-04-22 12:02:26] Epoch: [2][18000/44376]	Time 0.054 (0.171)	Data 0.000 (0.126)	Loss 90.3817 (90.3801)
[2018-04-22 12:04:11] Epoch: [2][20000/44376]	Time 0.052 (0.159)	Data 0.000 (0.113)	Loss 90.3781 (90.3801)
[2018-04-22 12:05:55] Epoch: [2][22000/44376]	Time 0.052 (0.149)	Data 0.000 (0.103)	Loss 90.3816 (90.3801)
[2018-04-22 12:07:40] Epoch: [2][24000/44376]	Time 0.052 (0.141)	Data 0.000 (0.095)	Loss 90.3753 (90.3801)
[2018-04-22 12:09:25] Epoch: [2][26000/44376]	Time 0.052 (0.134)	Data 0.000 (0.087)	Loss 90.3814 (90.3801)
[2018-04-22 12:11:10] Epoch: [2][28000/44376]	Time 0.052 (0.129)	Data 0.000 (0.081)	Loss 90.3824 (90.3801)
[2018-04-22 12:12:54] Epoch: [2][30000/44376]	Time 0.052 (0.124)	Data 0.000 (0.076)	Loss 90.3783 (90.3801)
[2018-04-22 12:14:39] Epoch: [2][32000/44376]	Time 0.053 (0.119)	Data 0.000 (0.071)	Loss 90.3751 (90.3801)
[2018-04-22 12:16:24] Epoch: [2][34000/44376]	Time 0.052 (0.115)	Data 0.000 (0.067)	Loss 90.3764 (90.3801)
[2018-04-22 12:18:08] Epoch: [2][36000/44376]	Time 0.052 (0.112)	Data 0.000 (0.063)	Loss 90.3690 (90.3801)
[2018-04-22 12:19:53] Epoch: [2][38000/44376]	Time 0.052 (0.109)	Data 0.000 (0.060)	Loss 90.3793 (90.3801)
[2018-04-22 12:21:38] Epoch: [2][40000/44376]	Time 0.053 (0.106)	Data 0.000 (0.057)	Loss 90.3819 (90.3801)
[2018-04-22 12:23:23] Epoch: [2][42000/44376]	Time 0.052 (0.103)	Data 0.000 (0.054)	Loss 90.3812 (90.3801)
[2018-04-22 12:25:07] Epoch: [2][44000/44376]	Time 0.052 (0.101)	Data 0.000 (0.052)	Loss 90.3763 (90.3801)
[2018-04-22 13:38:37] [epoch 2]: loss : 90.37945381920682
[2018-04-22 13:38:38] Evaluate Result:	Acc  45.61426425445758	Best 45.61426425445758 (2)
[2018-04-22 13:48:06] Epoch: [3][2000/44376]	Time 0.214 (0.282)	Data 0.188 (0.245)	Loss 90.3770 (90.3798)
[2018-04-22 13:59:35] Epoch: [3][4000/44376]	Time 0.057 (0.313)	Data 0.000 (0.277)	Loss 90.3737 (90.3798)
[2018-04-22 14:11:21] Epoch: [3][6000/44376]	Time 0.052 (0.327)	Data 0.000 (0.291)	Loss 90.3820 (90.3799)
[2018-04-22 14:23:38] Epoch: [3][8000/44376]	Time 0.049 (0.337)	Data 0.000 (0.301)	Loss 90.3821 (90.3799)
[2018-04-22 14:35:11] Epoch: [3][10000/44376]	Time 0.052 (0.339)	Data 0.000 (0.303)	Loss 90.3706 (90.3799)
[2018-04-22 14:44:48] Epoch: [3][12000/44376]	Time 0.492 (0.330)	Data 0.467 (0.295)	Loss 90.3822 (90.3799)
[2018-04-22 14:52:44] Epoch: [3][14000/44376]	Time 0.560 (0.317)	Data 0.527 (0.281)	Loss 90.3792 (90.3799)
[2018-04-22 15:00:22] Epoch: [3][16000/44376]	Time 0.569 (0.306)	Data 0.544 (0.270)	Loss 90.3816 (90.3799)
[2018-04-22 15:09:26] Epoch: [3][18000/44376]	Time 0.445 (0.302)	Data 0.410 (0.266)	Loss 90.3803 (90.3799)
[2018-04-22 15:20:07] Epoch: [3][20000/44376]	Time 0.098 (0.304)	Data 0.070 (0.268)	Loss 90.3815 (90.3799)
[2018-04-22 15:31:18] Epoch: [3][22000/44376]	Time 0.277 (0.307)	Data 0.250 (0.271)	Loss 90.3808 (90.3799)
[2018-04-22 15:42:15] Epoch: [3][24000/44376]	Time 0.209 (0.309)	Data 0.183 (0.273)	Loss 90.3826 (90.3799)
[2018-04-22 16:08:32] Epoch: [3][26000/44376]	Time 0.709 (0.346)	Data 0.677 (0.309)	Loss 90.3814 (90.3799)
[2018-04-22 16:24:28] Epoch: [3][28000/44376]	Time 0.052 (0.355)	Data 0.000 (0.319)	Loss 90.3797 (90.3799)
[2018-04-22 16:32:17] Epoch: [3][30000/44376]	Time 0.332 (0.347)	Data 0.304 (0.311)	Loss 90.3762 (90.3799)
[2018-04-22 16:37:59] Epoch: [3][32000/44376]	Time 0.052 (0.336)	Data 0.000 (0.300)	Loss 90.3783 (90.3799)
[2018-04-22 16:42:08] Epoch: [3][34000/44376]	Time 0.052 (0.324)	Data 0.000 (0.287)	Loss 90.3734 (90.3799)
[2018-04-22 16:45:35] Epoch: [3][36000/44376]	Time 0.052 (0.311)	Data 0.000 (0.274)	Loss 90.3811 (90.3799)
[2018-04-22 16:48:19] Epoch: [3][38000/44376]	Time 0.052 (0.299)	Data 0.000 (0.262)	Loss 90.3813 (90.3799)
[2018-04-22 16:50:33] Epoch: [3][40000/44376]	Time 0.049 (0.288)	Data 0.000 (0.250)	Loss 90.3810 (90.3799)
[2018-04-22 16:52:31] Epoch: [3][42000/44376]	Time 0.303 (0.277)	Data 0.272 (0.238)	Loss 90.3801 (90.3799)
[2018-04-22 16:54:25] Epoch: [3][44000/44376]	Time 0.055 (0.267)	Data 0.000 (0.228)	Loss 90.3821 (90.3799)
[2018-04-22 19:01:52] [epoch 3]: loss : 90.3792762604193
[2018-04-22 19:01:52] Evaluate Result:	Acc  47.1663696502048	Best 47.1663696502048 (3)
[2018-04-22 19:07:09] Epoch: [4][2000/44376]	Time 0.052 (0.156)	Data 0.000 (0.116)	Loss 90.3817 (90.3797)
[2018-04-22 19:11:33] Epoch: [4][4000/44376]	Time 0.049 (0.144)	Data 0.000 (0.104)	Loss 90.3753 (90.3797)
[2018-04-22 19:15:14] Epoch: [4][6000/44376]	Time 0.052 (0.133)	Data 0.000 (0.092)	Loss 90.3814 (90.3798)
[2018-04-22 19:18:12] Epoch: [4][8000/44376]	Time 0.048 (0.122)	Data 0.000 (0.080)	Loss 90.3822 (90.3798)
[2018-04-22 19:20:37] Epoch: [4][10000/44376]	Time 0.051 (0.112)	Data 0.000 (0.069)	Loss 90.3761 (90.3798)
[2018-04-22 19:22:46] Epoch: [4][12000/44376]	Time 0.053 (0.104)	Data 0.000 (0.060)	Loss 90.3827 (90.3798)
[2018-04-22 19:24:40] Epoch: [4][14000/44376]	Time 0.052 (0.097)	Data 0.000 (0.053)	Loss 90.3743 (90.3798)
[2018-04-22 19:26:29] Epoch: [4][16000/44376]	Time 0.052 (0.092)	Data 0.000 (0.047)	Loss 90.3811 (90.3798)
[2018-04-22 19:28:16] Epoch: [4][18000/44376]	Time 0.053 (0.088)	Data 0.000 (0.042)	Loss 90.3783 (90.3798)
[2018-04-22 19:30:01] Epoch: [4][20000/44376]	Time 0.052 (0.084)	Data 0.000 (0.037)	Loss 90.3790 (90.3798)
[2018-04-22 19:31:46] Epoch: [4][22000/44376]	Time 0.052 (0.081)	Data 0.000 (0.034)	Loss 90.3822 (90.3798)
[2018-04-22 19:33:31] Epoch: [4][24000/44376]	Time 0.052 (0.079)	Data 0.000 (0.031)	Loss 90.3804 (90.3798)
[2018-04-22 19:35:15] Epoch: [4][26000/44376]	Time 0.052 (0.077)	Data 0.000 (0.029)	Loss 90.3757 (90.3798)
[2018-04-22 19:37:00] Epoch: [4][28000/44376]	Time 0.053 (0.075)	Data 0.000 (0.027)	Loss 90.3815 (90.3798)
[2018-04-22 19:38:45] Epoch: [4][30000/44376]	Time 0.052 (0.074)	Data 0.000 (0.025)	Loss 90.3746 (90.3798)
[2018-04-22 19:40:30] Epoch: [4][32000/44376]	Time 0.052 (0.072)	Data 0.000 (0.023)	Loss 90.3815 (90.3798)
[2018-04-22 19:42:14] Epoch: [4][34000/44376]	Time 0.052 (0.071)	Data 0.000 (0.022)	Loss 90.3827 (90.3798)
[2018-04-22 19:43:59] Epoch: [4][36000/44376]	Time 0.053 (0.070)	Data 0.000 (0.021)	Loss 90.3773 (90.3798)
[2018-04-22 19:45:43] Epoch: [4][38000/44376]	Time 0.052 (0.069)	Data 0.000 (0.020)	Loss 90.3801 (90.3798)
[2018-04-22 19:47:28] Epoch: [4][40000/44376]	Time 0.052 (0.068)	Data 0.000 (0.019)	Loss 90.3811 (90.3798)
[2018-04-22 19:49:13] Epoch: [4][42000/44376]	Time 0.052 (0.068)	Data 0.000 (0.018)	Loss 90.3794 (90.3798)
[2018-04-22 19:50:57] Epoch: [4][44000/44376]	Time 0.052 (0.067)	Data 0.000 (0.017)	Loss 90.3762 (90.3798)
[2018-04-22 20:28:52] [epoch 4]: loss : 90.37915571044968
[2018-04-22 20:28:52] Evaluate Result:	Acc  48.351325377646326	Best 48.351325377646326 (4)
[2018-04-22 20:49:58] Epoch: [5][2000/44376]	Time 0.306 (0.631)	Data 0.275 (0.594)	Loss 90.3809 (90.3796)
[2018-04-22 21:08:38] Epoch: [5][4000/44376]	Time 0.177 (0.596)	Data 0.147 (0.558)	Loss 90.3820 (90.3797)
[2018-04-22 21:20:32] Epoch: [5][6000/44376]	Time 0.051 (0.516)	Data 0.000 (0.478)	Loss 90.3818 (90.3797)
[2018-04-22 21:28:28] Epoch: [5][8000/44376]	Time 0.050 (0.446)	Data 0.000 (0.409)	Loss 90.3821 (90.3797)
[2018-04-22 21:36:10] Epoch: [5][10000/44376]	Time 0.507 (0.403)	Data 0.476 (0.366)	Loss 90.3809 (90.3797)
[2018-04-22 21:43:37] Epoch: [5][12000/44376]	Time 0.202 (0.373)	Data 0.177 (0.336)	Loss 90.3793 (90.3797)
[2018-04-22 21:51:00] Epoch: [5][14000/44376]	Time 0.053 (0.352)	Data 0.019 (0.314)	Loss 90.3699 (90.3797)
[2018-04-22 21:57:51] Epoch: [5][16000/44376]	Time 0.073 (0.333)	Data 0.048 (0.296)	Loss 90.3808 (90.3797)
[2018-04-22 22:02:57] Epoch: [5][18000/44376]	Time 0.419 (0.313)	Data 0.389 (0.276)	Loss 90.3808 (90.3797)
[2018-04-22 22:06:55] Epoch: [5][20000/44376]	Time 0.086 (0.294)	Data 0.062 (0.256)	Loss 90.3815 (90.3797)
[2018-04-22 22:09:54] Epoch: [5][22000/44376]	Time 0.080 (0.275)	Data 0.055 (0.237)	Loss 90.3758 (90.3797)
[2018-04-22 22:12:09] Epoch: [5][24000/44376]	Time 0.050 (0.258)	Data 0.000 (0.219)	Loss 90.3817 (90.3797)
[2018-04-22 22:14:10] Epoch: [5][26000/44376]	Time 0.051 (0.243)	Data 0.000 (0.203)	Loss 90.3792 (90.3797)
[2018-04-22 22:16:02] Epoch: [5][28000/44376]	Time 0.053 (0.230)	Data 0.000 (0.189)	Loss 90.3782 (90.3797)
[2018-04-22 22:17:50] Epoch: [5][30000/44376]	Time 0.053 (0.218)	Data 0.000 (0.176)	Loss 90.3816 (90.3797)
[2018-04-22 22:19:36] Epoch: [5][32000/44376]	Time 0.053 (0.207)	Data 0.000 (0.165)	Loss 90.3810 (90.3797)
[2018-04-22 22:21:21] Epoch: [5][34000/44376]	Time 0.052 (0.198)	Data 0.000 (0.156)	Loss 90.3736 (90.3797)
[2018-04-22 22:23:05] Epoch: [5][36000/44376]	Time 0.052 (0.190)	Data 0.000 (0.147)	Loss 90.3811 (90.3797)
[2018-04-22 22:24:50] Epoch: [5][38000/44376]	Time 0.052 (0.183)	Data 0.000 (0.139)	Loss 90.3823 (90.3797)
[2018-04-22 22:26:35] Epoch: [5][40000/44376]	Time 0.052 (0.176)	Data 0.000 (0.132)	Loss 90.3821 (90.3797)
[2018-04-22 22:28:20] Epoch: [5][42000/44376]	Time 0.052 (0.171)	Data 0.000 (0.126)	Loss 90.3794 (90.3797)
[2018-04-22 22:30:04] Epoch: [5][44000/44376]	Time 0.052 (0.165)	Data 0.000 (0.120)	Loss 90.3814 (90.3797)
[2018-04-22 22:53:51] [epoch 5]: loss : 90.37907685875913
[2018-04-22 22:53:51] Evaluate Result:	Acc  48.47915131044907	Best 48.47915131044907 (5)
[2018-04-22 22:59:51] Epoch: [6][2000/44376]	Time 0.070 (0.178)	Data 0.041 (0.141)	Loss 90.3806 (90.3797)
[2018-04-22 23:05:34] Epoch: [6][4000/44376]	Time 0.239 (0.175)	Data 0.206 (0.138)	Loss 90.3798 (90.3797)
[2018-04-22 23:11:08] Epoch: [6][6000/44376]	Time 0.733 (0.172)	Data 0.704 (0.135)	Loss 90.3707 (90.3797)
[2018-04-22 23:16:33] Epoch: [6][8000/44376]	Time 0.053 (0.170)	Data 0.000 (0.132)	Loss 90.3797 (90.3797)
[2018-04-22 23:22:14] Epoch: [6][10000/44376]	Time 0.267 (0.170)	Data 0.241 (0.132)	Loss 90.3811 (90.3797)
[2018-04-22 23:27:56] Epoch: [6][12000/44376]	Time 0.052 (0.170)	Data 0.000 (0.132)	Loss 90.3800 (90.3797)
[2018-04-22 23:33:38] Epoch: [6][14000/44376]	Time 0.095 (0.170)	Data 0.071 (0.132)	Loss 90.3821 (90.3797)
[2018-04-22 23:39:41] Epoch: [6][16000/44376]	Time 0.492 (0.172)	Data 0.465 (0.133)	Loss 90.3819 (90.3797)
[2018-04-22 23:45:38] Epoch: [6][18000/44376]	Time 0.051 (0.172)	Data 0.006 (0.134)	Loss 90.3812 (90.3796)
[2018-04-22 23:50:17] Epoch: [6][20000/44376]	Time 0.400 (0.169)	Data 0.369 (0.131)	Loss 90.3822 (90.3796)
[2018-04-22 23:54:01] Epoch: [6][22000/44376]	Time 0.052 (0.164)	Data 0.000 (0.125)	Loss 90.3812 (90.3797)
[2018-04-22 23:56:55] Epoch: [6][24000/44376]	Time 0.052 (0.157)	Data 0.018 (0.118)	Loss 90.3814 (90.3797)
[2018-04-22 23:59:17] Epoch: [6][26000/44376]	Time 0.052 (0.151)	Data 0.000 (0.111)	Loss 90.3772 (90.3797)
[2018-04-23 00:01:18] Epoch: [6][28000/44376]	Time 0.057 (0.144)	Data 0.000 (0.104)	Loss 90.3820 (90.3797)
[2018-04-23 00:03:07] Epoch: [6][30000/44376]	Time 0.048 (0.138)	Data 0.000 (0.097)	Loss 90.3819 (90.3797)
[2018-04-23 00:04:53] Epoch: [6][32000/44376]	Time 0.052 (0.133)	Data 0.000 (0.091)	Loss 90.3819 (90.3797)
[2018-04-23 00:06:39] Epoch: [6][34000/44376]	Time 0.052 (0.128)	Data 0.000 (0.086)	Loss 90.3820 (90.3797)
[2018-04-23 00:08:24] Epoch: [6][36000/44376]	Time 0.052 (0.124)	Data 0.000 (0.081)	Loss 90.3812 (90.3796)
[2018-04-23 00:10:09] Epoch: [6][38000/44376]	Time 0.052 (0.120)	Data 0.000 (0.077)	Loss 90.3824 (90.3796)
[2018-04-23 00:11:54] Epoch: [6][40000/44376]	Time 0.052 (0.117)	Data 0.000 (0.073)	Loss 90.3821 (90.3796)
[2018-04-23 00:13:39] Epoch: [6][42000/44376]	Time 0.053 (0.114)	Data 0.000 (0.070)	Loss 90.3699 (90.3796)
[2018-04-23 00:15:24] Epoch: [6][44000/44376]	Time 0.053 (0.111)	Data 0.000 (0.066)	Loss 90.3792 (90.3796)
[2018-04-23 00:49:47] [epoch 6]: loss : 90.37902917383984
[2018-04-23 00:49:47] Evaluate Result:	Acc  48.96013137146962	Best 48.96013137146962 (6)
[2018-04-23 00:56:09] Epoch: [7][2000/44376]	Time 0.052 (0.189)	Data 0.000 (0.150)	Loss 90.3780 (90.3797)
[2018-04-23 01:02:01] Epoch: [7][4000/44376]	Time 0.345 (0.182)	Data 0.320 (0.144)	Loss 90.3814 (90.3797)
[2018-04-23 01:06:27] Epoch: [7][6000/44376]	Time 0.052 (0.166)	Data 0.000 (0.127)	Loss 90.3799 (90.3796)
[2018-04-23 01:09:54] Epoch: [7][8000/44376]	Time 0.052 (0.150)	Data 0.000 (0.110)	Loss 90.3821 (90.3796)
[2018-04-23 01:12:43] Epoch: [7][10000/44376]	Time 0.052 (0.137)	Data 0.000 (0.096)	Loss 90.3806 (90.3796)
[2018-04-23 01:15:09] Epoch: [7][12000/44376]	Time 0.051 (0.126)	Data 0.000 (0.084)	Loss 90.3816 (90.3796)
[2018-04-23 01:17:13] Epoch: [7][14000/44376]	Time 0.054 (0.117)	Data 0.000 (0.074)	Loss 90.3795 (90.3796)
[2018-04-23 01:19:07] Epoch: [7][16000/44376]	Time 0.052 (0.110)	Data 0.000 (0.066)	Loss 90.3820 (90.3796)
[2018-04-23 01:20:54] Epoch: [7][18000/44376]	Time 0.053 (0.103)	Data 0.000 (0.059)	Loss 90.3809 (90.3796)
[2018-04-23 01:22:41] Epoch: [7][20000/44376]	Time 0.053 (0.098)	Data 0.000 (0.053)	Loss 90.3817 (90.3796)
[2018-04-23 01:24:26] Epoch: [7][22000/44376]	Time 0.052 (0.094)	Data 0.000 (0.048)	Loss 90.3819 (90.3796)
[2018-04-23 01:26:11] Epoch: [7][24000/44376]	Time 0.052 (0.091)	Data 0.000 (0.044)	Loss 90.3817 (90.3796)
[2018-04-23 01:27:56] Epoch: [7][26000/44376]	Time 0.053 (0.088)	Data 0.000 (0.041)	Loss 90.3783 (90.3796)
[2018-04-23 01:29:40] Epoch: [7][28000/44376]	Time 0.053 (0.085)	Data 0.000 (0.038)	Loss 90.3739 (90.3796)
[2018-04-23 01:31:25] Epoch: [7][30000/44376]	Time 0.053 (0.083)	Data 0.000 (0.035)	Loss 90.3788 (90.3796)
[2018-04-23 01:33:10] Epoch: [7][32000/44376]	Time 0.052 (0.081)	Data 0.000 (0.033)	Loss 90.3797 (90.3796)
[2018-04-23 01:34:55] Epoch: [7][34000/44376]	Time 0.052 (0.079)	Data 0.000 (0.031)	Loss 90.3824 (90.3796)
[2018-04-23 01:36:40] Epoch: [7][36000/44376]	Time 0.052 (0.078)	Data 0.000 (0.030)	Loss 90.3798 (90.3796)
[2018-04-23 01:38:25] Epoch: [7][38000/44376]	Time 0.052 (0.077)	Data 0.000 (0.028)	Loss 90.3822 (90.3796)
[2018-04-23 01:40:09] Epoch: [7][40000/44376]	Time 0.053 (0.075)	Data 0.000 (0.027)	Loss 90.3782 (90.3796)
[2018-04-23 01:41:54] Epoch: [7][42000/44376]	Time 0.053 (0.074)	Data 0.000 (0.025)	Loss 90.3825 (90.3796)
[2018-04-23 01:43:39] Epoch: [7][44000/44376]	Time 0.052 (0.073)	Data 0.000 (0.024)	Loss 90.3796 (90.3796)
[2018-04-23 02:09:50] [epoch 7]: loss : 90.37900318419459
[2018-04-23 02:09:50] Evaluate Result:	Acc  49.02544389187979	Best 49.02544389187979 (7)
[2018-04-23 02:14:31] Epoch: [8][2000/44376]	Time 0.046 (0.138)	Data 0.000 (0.100)	Loss 90.3682 (90.3796)
[2018-04-23 02:19:02] Epoch: [8][4000/44376]	Time 0.052 (0.137)	Data 0.000 (0.098)	Loss 90.3822 (90.3796)
[2018-04-23 02:23:28] Epoch: [8][6000/44376]	Time 0.181 (0.136)	Data 0.153 (0.097)	Loss 90.3799 (90.3796)
[2018-04-23 02:27:47] Epoch: [8][8000/44376]	Time 0.052 (0.134)	Data 0.000 (0.095)	Loss 90.3789 (90.3796)
[2018-04-23 02:32:21] Epoch: [8][10000/44376]	Time 0.051 (0.135)	Data 0.000 (0.096)	Loss 90.3812 (90.3796)
[2018-04-23 02:37:04] Epoch: [8][12000/44376]	Time 0.460 (0.136)	Data 0.432 (0.097)	Loss 90.3718 (90.3796)
[2018-04-23 02:42:00] Epoch: [8][14000/44376]	Time 0.375 (0.138)	Data 0.349 (0.099)	Loss 90.3814 (90.3796)
[2018-04-23 02:46:56] Epoch: [8][16000/44376]	Time 0.664 (0.139)	Data 0.639 (0.100)	Loss 90.3769 (90.3796)
[2018-04-23 02:51:44] Epoch: [8][18000/44376]	Time 0.052 (0.139)	Data 0.000 (0.100)	Loss 90.3786 (90.3796)
[2018-04-23 02:56:39] Epoch: [8][20000/44376]	Time 0.182 (0.140)	Data 0.156 (0.101)	Loss 90.3826 (90.3796)
[2018-04-23 03:00:53] Epoch: [8][22000/44376]	Time 0.590 (0.139)	Data 0.558 (0.100)	Loss 90.3762 (90.3796)
[2018-04-23 03:04:29] Epoch: [8][24000/44376]	Time 0.169 (0.136)	Data 0.141 (0.097)	Loss 90.3817 (90.3796)
[2018-04-23 03:07:26] Epoch: [8][26000/44376]	Time 0.052 (0.133)	Data 0.000 (0.093)	Loss 90.3813 (90.3796)
[2018-04-23 03:09:40] Epoch: [8][28000/44376]	Time 0.051 (0.128)	Data 0.000 (0.088)	Loss 90.3805 (90.3796)
[2018-04-23 03:11:38] Epoch: [8][30000/44376]	Time 0.053 (0.123)	Data 0.000 (0.082)	Loss 90.3780 (90.3796)
[2018-04-23 03:13:27] Epoch: [8][32000/44376]	Time 0.053 (0.119)	Data 0.000 (0.077)	Loss 90.3808 (90.3796)
[2018-04-23 03:15:14] Epoch: [8][34000/44376]	Time 0.052 (0.115)	Data 0.000 (0.073)	Loss 90.3775 (90.3796)
[2018-04-23 03:16:59] Epoch: [8][36000/44376]	Time 0.052 (0.112)	Data 0.000 (0.069)	Loss 90.3820 (90.3796)
[2018-04-23 03:18:44] Epoch: [8][38000/44376]	Time 0.052 (0.109)	Data 0.000 (0.065)	Loss 90.3807 (90.3796)
[2018-04-23 03:20:29] Epoch: [8][40000/44376]	Time 0.053 (0.106)	Data 0.000 (0.062)	Loss 90.3815 (90.3796)
[2018-04-23 03:22:14] Epoch: [8][42000/44376]	Time 0.053 (0.103)	Data 0.000 (0.059)	Loss 90.3818 (90.3796)
[2018-04-23 03:23:59] Epoch: [8][44000/44376]	Time 0.052 (0.101)	Data 0.000 (0.056)	Loss 90.3809 (90.3796)
[2018-04-23 03:49:30] [epoch 8]: loss : 90.37898796598009
[2018-04-23 03:49:30] Evaluate Result:	Acc  49.19245733692863	Best 49.19245733692863 (8)
[2018-04-23 03:54:03] Epoch: [9][2000/44376]	Time 0.052 (0.134)	Data 0.000 (0.093)	Loss 90.3815 (90.3796)
[2018-04-23 03:58:35] Epoch: [9][4000/44376]	Time 0.052 (0.135)	Data 0.000 (0.095)	Loss 90.3787 (90.3796)
[2018-04-23 04:03:01] Epoch: [9][6000/44376]	Time 0.365 (0.134)	Data 0.331 (0.094)	Loss 90.3791 (90.3796)
[2018-04-23 04:06:32] Epoch: [9][8000/44376]	Time 0.052 (0.127)	Data 0.000 (0.086)	Loss 90.3732 (90.3796)
[2018-04-23 04:09:02] Epoch: [9][10000/44376]	Time 0.051 (0.117)	Data 0.000 (0.075)	Loss 90.3810 (90.3796)
[2018-04-23 04:11:06] Epoch: [9][12000/44376]	Time 0.086 (0.108)	Data 0.052 (0.064)	Loss 90.3797 (90.3796)
[2018-04-23 04:12:58] Epoch: [9][14000/44376]	Time 0.052 (0.100)	Data 0.000 (0.056)	Loss 90.3799 (90.3796)
[2018-04-23 04:14:47] Epoch: [9][16000/44376]	Time 0.054 (0.094)	Data 0.000 (0.049)	Loss 90.3809 (90.3796)
[2018-04-23 04:16:32] Epoch: [9][18000/44376]	Time 0.052 (0.090)	Data 0.000 (0.044)	Loss 90.3798 (90.3796)
[2018-04-23 04:18:17] Epoch: [9][20000/44376]	Time 0.052 (0.086)	Data 0.000 (0.040)	Loss 90.3818 (90.3796)
[2018-04-23 04:20:02] Epoch: [9][22000/44376]	Time 0.052 (0.083)	Data 0.000 (0.036)	Loss 90.3820 (90.3796)
[2018-04-23 04:21:47] Epoch: [9][24000/44376]	Time 0.052 (0.080)	Data 0.000 (0.033)	Loss 90.3824 (90.3796)
[2018-04-23 04:23:31] Epoch: [9][26000/44376]	Time 0.052 (0.078)	Data 0.000 (0.030)	Loss 90.3819 (90.3796)
[2018-04-23 04:25:16] Epoch: [9][28000/44376]	Time 0.053 (0.076)	Data 0.000 (0.028)	Loss 90.3819 (90.3796)
[2018-04-23 04:27:01] Epoch: [9][30000/44376]	Time 0.052 (0.075)	Data 0.000 (0.026)	Loss 90.3664 (90.3796)
[2018-04-23 04:28:46] Epoch: [9][32000/44376]	Time 0.052 (0.073)	Data 0.000 (0.025)	Loss 90.3746 (90.3796)
[2018-04-23 04:30:31] Epoch: [9][34000/44376]	Time 0.052 (0.072)	Data 0.000 (0.023)	Loss 90.3761 (90.3796)
[2018-04-23 04:32:16] Epoch: [9][36000/44376]	Time 0.052 (0.071)	Data 0.000 (0.022)	Loss 90.3674 (90.3796)
[2018-04-23 04:34:00] Epoch: [9][38000/44376]	Time 0.052 (0.070)	Data 0.000 (0.021)	Loss 90.3818 (90.3796)
[2018-04-23 04:35:45] Epoch: [9][40000/44376]	Time 0.052 (0.069)	Data 0.000 (0.020)	Loss 90.3763 (90.3796)
[2018-04-23 04:37:30] Epoch: [9][42000/44376]	Time 0.052 (0.068)	Data 0.000 (0.019)	Loss 90.3786 (90.3796)
[2018-04-23 04:39:15] Epoch: [9][44000/44376]	Time 0.052 (0.068)	Data 0.000 (0.018)	Loss 90.3817 (90.3796)
[2018-04-23 05:03:33] [epoch 9]: loss : 90.37898173460299
[2018-04-23 05:03:33] Evaluate Result:	Acc  49.193390372934495	Best 49.193390372934495 (9)
[2018-04-23 05:07:40] Epoch: [10][2000/44376]	Time 0.054 (0.122)	Data 0.000 (0.081)	Loss 90.3818 (90.3796)
[2018-04-23 05:11:08] Epoch: [10][4000/44376]	Time 0.053 (0.113)	Data 0.005 (0.072)	Loss 90.3805 (90.3796)
[2018-04-23 05:14:25] Epoch: [10][6000/44376]	Time 0.052 (0.108)	Data 0.000 (0.067)	Loss 90.3814 (90.3796)
[2018-04-23 05:17:48] Epoch: [10][8000/44376]	Time 0.090 (0.106)	Data 0.065 (0.065)	Loss 90.3777 (90.3796)
[2018-04-23 05:21:00] Epoch: [10][10000/44376]	Time 0.053 (0.104)	Data 0.000 (0.063)	Loss 90.3735 (90.3796)
[2018-04-23 05:24:27] Epoch: [10][12000/44376]	Time 0.052 (0.104)	Data 0.000 (0.062)	Loss 90.3820 (90.3796)
[2018-04-23 05:27:46] Epoch: [10][14000/44376]	Time 0.253 (0.103)	Data 0.226 (0.061)	Loss 90.3596 (90.3796)
[2018-04-23 05:31:19] Epoch: [10][16000/44376]	Time 0.156 (0.104)	Data 0.129 (0.062)	Loss 90.3757 (90.3796)
[2018-04-23 05:34:51] Epoch: [10][18000/44376]	Time 0.052 (0.104)	Data 0.000 (0.062)	Loss 90.3823 (90.3796)
[2018-04-23 05:38:11] Epoch: [10][20000/44376]	Time 0.051 (0.104)	Data 0.018 (0.061)	Loss 90.3829 (90.3796)
[2018-04-23 05:41:26] Epoch: [10][22000/44376]	Time 0.051 (0.103)	Data 0.000 (0.061)	Loss 90.3817 (90.3796)
[2018-04-23 05:44:51] Epoch: [10][24000/44376]	Time 0.051 (0.103)	Data 0.000 (0.061)	Loss 90.3824 (90.3796)
[2018-04-23 05:48:11] Epoch: [10][26000/44376]	Time 0.253 (0.103)	Data 0.217 (0.060)	Loss 90.3804 (90.3796)
[2018-04-23 05:51:32] Epoch: [10][28000/44376]	Time 0.053 (0.103)	Data 0.000 (0.060)	Loss 90.3820 (90.3796)
[2018-04-23 05:55:00] Epoch: [10][30000/44376]	Time 0.053 (0.103)	Data 0.000 (0.060)	Loss 90.3755 (90.3796)
[2018-04-23 05:58:20] Epoch: [10][32000/44376]	Time 0.052 (0.103)	Data 0.000 (0.060)	Loss 90.3820 (90.3796)
[2018-04-23 06:01:35] Epoch: [10][34000/44376]	Time 0.054 (0.102)	Data 0.030 (0.059)	Loss 90.3812 (90.3796)
[2018-04-23 06:04:52] Epoch: [10][36000/44376]	Time 0.061 (0.102)	Data 0.036 (0.059)	Loss 90.3784 (90.3796)
[2018-04-23 06:08:16] Epoch: [10][38000/44376]	Time 0.052 (0.102)	Data 0.000 (0.059)	Loss 90.3814 (90.3796)
[2018-04-23 06:11:30] Epoch: [10][40000/44376]	Time 0.052 (0.102)	Data 0.000 (0.059)	Loss 90.3817 (90.3796)
[2018-04-23 06:14:40] Epoch: [10][42000/44376]	Time 0.052 (0.102)	Data 0.000 (0.059)	Loss 90.3817 (90.3796)
[2018-04-23 06:17:28] Epoch: [10][44000/44376]	Time 0.052 (0.101)	Data 0.000 (0.058)	Loss 90.3700 (90.3796)
[2018-04-23 06:29:29] [epoch 10]: loss : 90.37897693571452
[2018-04-23 06:29:29] Evaluate Result:	Acc  49.193390372934495	Best 49.193390372934495 (9)
[2018-04-23 06:32:41] Epoch: [11][2000/44376]	Time 0.053 (0.094)	Data 0.000 (0.050)	Loss 90.3812 (90.3796)
[2018-04-23 06:35:57] Epoch: [11][4000/44376]	Time 0.052 (0.096)	Data 0.000 (0.052)	Loss 90.3765 (90.3796)
[2018-04-23 06:39:30] Epoch: [11][6000/44376]	Time 0.053 (0.099)	Data 0.000 (0.056)	Loss 90.3792 (90.3796)
[2018-04-23 06:42:29] Epoch: [11][8000/44376]	Time 0.054 (0.097)	Data 0.000 (0.054)	Loss 90.3818 (90.3796)
[2018-04-23 06:45:00] Epoch: [11][10000/44376]	Time 0.053 (0.093)	Data 0.000 (0.049)	Loss 90.3805 (90.3796)
[2018-04-23 06:47:13] Epoch: [11][12000/44376]	Time 0.052 (0.088)	Data 0.000 (0.044)	Loss 90.3738 (90.3796)
[2018-04-23 06:49:12] Epoch: [11][14000/44376]	Time 0.053 (0.084)	Data 0.000 (0.039)	Loss 90.3818 (90.3796)
[2018-04-23 06:51:03] Epoch: [11][16000/44376]	Time 0.054 (0.081)	Data 0.000 (0.035)	Loss 90.3808 (90.3796)
[2018-04-23 06:52:55] Epoch: [11][18000/44376]	Time 0.052 (0.078)	Data 0.000 (0.031)	Loss 90.3772 (90.3796)
[2018-04-23 06:54:42] Epoch: [11][20000/44376]	Time 0.052 (0.075)	Data 0.000 (0.028)	Loss 90.3812 (90.3796)
[2018-04-23 06:56:27] Epoch: [11][22000/44376]	Time 0.053 (0.073)	Data 0.000 (0.026)	Loss 90.3739 (90.3796)
[2018-04-23 06:58:12] Epoch: [11][24000/44376]	Time 0.052 (0.072)	Data 0.000 (0.024)	Loss 90.3798 (90.3796)
[2018-04-23 06:59:57] Epoch: [11][26000/44376]	Time 0.052 (0.070)	Data 0.000 (0.022)	Loss 90.3813 (90.3796)
[2018-04-23 07:01:42] Epoch: [11][28000/44376]	Time 0.053 (0.069)	Data 0.000 (0.020)	Loss 90.3811 (90.3796)
[2018-04-23 07:03:27] Epoch: [11][30000/44376]	Time 0.052 (0.068)	Data 0.000 (0.019)	Loss 90.3820 (90.3796)
[2018-04-23 07:05:18] Epoch: [11][32000/44376]	Time 0.053 (0.067)	Data 0.000 (0.018)	Loss 90.3825 (90.3796)
[2018-04-23 07:07:08] Epoch: [11][34000/44376]	Time 0.052 (0.066)	Data 0.000 (0.017)	Loss 90.3815 (90.3796)
[2018-04-23 07:08:55] Epoch: [11][36000/44376]	Time 0.052 (0.066)	Data 0.000 (0.016)	Loss 90.3747 (90.3796)
[2018-04-23 07:10:40] Epoch: [11][38000/44376]	Time 0.053 (0.065)	Data 0.000 (0.016)	Loss 90.3788 (90.3796)
[2018-04-23 07:12:26] Epoch: [11][40000/44376]	Time 0.053 (0.064)	Data 0.000 (0.015)	Loss 90.3797 (90.3796)
[2018-04-23 07:14:11] Epoch: [11][42000/44376]	Time 0.053 (0.064)	Data 0.000 (0.014)	Loss 90.3742 (90.3796)
[2018-04-23 07:16:03] Epoch: [11][44000/44376]	Time 0.052 (0.063)	Data 0.000 (0.014)	Loss 90.3810 (90.3796)
[2018-04-23 07:26:09] [epoch 11]: loss : 90.37897564704211
[2018-04-23 07:26:09] Evaluate Result:	Acc  49.20551984101066	Best 49.20551984101066 (11)
[2018-04-23 07:28:51] Epoch: [12][2000/44376]	Time 0.267 (0.079)	Data 0.243 (0.034)	Loss 90.3659 (90.3796)
[2018-04-23 07:31:31] Epoch: [12][4000/44376]	Time 0.052 (0.079)	Data 0.000 (0.034)	Loss 90.3829 (90.3796)
[2018-04-23 07:34:11] Epoch: [12][6000/44376]	Time 0.163 (0.080)	Data 0.135 (0.035)	Loss 90.3821 (90.3796)
[2018-04-23 07:38:09] Epoch: [12][8000/44376]	Time 0.142 (0.089)	Data 0.117 (0.046)	Loss 90.3780 (90.3796)
[2018-04-23 07:42:35] Epoch: [12][10000/44376]	Time 0.263 (0.098)	Data 0.230 (0.055)	Loss 90.3765 (90.3796)
[2018-04-23 07:47:29] Epoch: [12][12000/44376]	Time 0.218 (0.106)	Data 0.193 (0.064)	Loss 90.3791 (90.3796)
[2018-04-23 07:52:52] Epoch: [12][14000/44376]	Time 0.052 (0.114)	Data 0.000 (0.072)	Loss 90.3818 (90.3796)
[2018-04-23 07:58:18] Epoch: [12][16000/44376]	Time 0.729 (0.120)	Data 0.704 (0.078)	Loss 90.3818 (90.3796)
[2018-04-23 08:02:32] Epoch: [12][18000/44376]	Time 0.206 (0.121)	Data 0.180 (0.079)	Loss 90.3824 (90.3796)
[2018-04-23 08:06:32] Epoch: [12][20000/44376]	Time 0.363 (0.121)	Data 0.331 (0.079)	Loss 90.3815 (90.3796)
[2018-04-23 08:10:06] Epoch: [12][22000/44376]	Time 0.049 (0.120)	Data 0.000 (0.078)	Loss 90.3805 (90.3796)
[2018-04-23 08:13:26] Epoch: [12][24000/44376]	Time 0.053 (0.118)	Data 0.000 (0.076)	Loss 90.3811 (90.3796)
[2018-04-23 08:16:20] Epoch: [12][26000/44376]	Time 0.052 (0.116)	Data 0.000 (0.074)	Loss 90.3801 (90.3796)
[2018-04-23 08:19:01] Epoch: [12][28000/44376]	Time 0.052 (0.113)	Data 0.000 (0.071)	Loss 90.3803 (90.3796)
[2018-04-23 08:21:23] Epoch: [12][30000/44376]	Time 0.052 (0.110)	Data 0.000 (0.068)	Loss 90.3782 (90.3796)
[2018-04-23 08:23:35] Epoch: [12][32000/44376]	Time 0.052 (0.108)	Data 0.000 (0.065)	Loss 90.3810 (90.3796)
[2018-04-23 08:25:37] Epoch: [12][34000/44376]	Time 0.052 (0.105)	Data 0.000 (0.062)	Loss 90.3813 (90.3796)
[2018-04-23 08:27:32] Epoch: [12][36000/44376]	Time 0.052 (0.102)	Data 0.000 (0.059)	Loss 90.3820 (90.3796)
[2018-04-23 08:29:29] Epoch: [12][38000/44376]	Time 0.053 (0.100)	Data 0.000 (0.056)	Loss 90.3827 (90.3796)
[2018-04-23 08:31:22] Epoch: [12][40000/44376]	Time 0.053 (0.098)	Data 0.000 (0.054)	Loss 90.3803 (90.3796)
[2018-04-23 08:33:10] Epoch: [12][42000/44376]	Time 0.052 (0.096)	Data 0.000 (0.051)	Loss 90.3764 (90.3796)
[2018-04-23 08:34:55] Epoch: [12][44000/44376]	Time 0.053 (0.094)	Data 0.000 (0.049)	Loss 90.3816 (90.3796)
[2018-04-23 09:01:17] [epoch 12]: loss : 90.37897382110052
[2018-04-23 09:01:17] Evaluate Result:	Acc  49.2092519850341	Best 49.2092519850341 (12)
[2018-04-23 09:05:33] Epoch: [13][2000/44376]	Time 0.350 (0.125)	Data 0.320 (0.084)	Loss 90.3801 (90.3796)
[2018-04-23 09:09:29] Epoch: [13][4000/44376]	Time 0.356 (0.122)	Data 0.326 (0.081)	Loss 90.3811 (90.3796)
[2018-04-23 09:13:29] Epoch: [13][6000/44376]	Time 0.052 (0.121)	Data 0.000 (0.080)	Loss 90.3748 (90.3796)
[2018-04-23 09:16:54] Epoch: [13][8000/44376]	Time 0.052 (0.117)	Data 0.025 (0.075)	Loss 90.3805 (90.3796)
[2018-04-23 09:19:34] Epoch: [13][10000/44376]	Time 0.098 (0.109)	Data 0.069 (0.067)	Loss 90.3785 (90.3796)
[2018-04-23 09:21:42] Epoch: [13][12000/44376]	Time 0.054 (0.102)	Data 0.000 (0.058)	Loss 90.3799 (90.3796)
[2018-04-23 09:23:35] Epoch: [13][14000/44376]	Time 0.052 (0.095)	Data 0.000 (0.051)	Loss 90.3813 (90.3796)
[2018-04-23 09:25:23] Epoch: [13][16000/44376]	Time 0.052 (0.090)	Data 0.000 (0.045)	Loss 90.3830 (90.3796)
[2018-04-23 09:27:09] Epoch: [13][18000/44376]	Time 0.052 (0.086)	Data 0.000 (0.040)	Loss 90.3831 (90.3796)
[2018-04-23 09:28:54] Epoch: [13][20000/44376]	Time 0.052 (0.083)	Data 0.000 (0.036)	Loss 90.3814 (90.3796)
[2018-04-23 09:30:39] Epoch: [13][22000/44376]	Time 0.052 (0.080)	Data 0.000 (0.033)	Loss 90.3808 (90.3796)
[2018-04-23 09:32:24] Epoch: [13][24000/44376]	Time 0.053 (0.078)	Data 0.000 (0.030)	Loss 90.3815 (90.3796)
[2018-04-23 09:34:09] Epoch: [13][26000/44376]	Time 0.053 (0.076)	Data 0.000 (0.028)	Loss 90.3814 (90.3796)
[2018-04-23 09:35:54] Epoch: [13][28000/44376]	Time 0.053 (0.074)	Data 0.000 (0.026)	Loss 90.3805 (90.3796)
[2018-04-23 09:37:39] Epoch: [13][30000/44376]	Time 0.052 (0.073)	Data 0.000 (0.024)	Loss 90.3817 (90.3796)
[2018-04-23 09:39:24] Epoch: [13][32000/44376]	Time 0.053 (0.071)	Data 0.000 (0.023)	Loss 90.3792 (90.3796)
[2018-04-23 09:41:09] Epoch: [13][34000/44376]	Time 0.052 (0.070)	Data 0.000 (0.021)	Loss 90.3817 (90.3796)
[2018-04-23 09:42:54] Epoch: [13][36000/44376]	Time 0.052 (0.069)	Data 0.000 (0.020)	Loss 90.3815 (90.3796)
[2018-04-23 09:44:39] Epoch: [13][38000/44376]	Time 0.052 (0.068)	Data 0.000 (0.019)	Loss 90.3799 (90.3796)
[2018-04-23 09:46:23] Epoch: [13][40000/44376]	Time 0.052 (0.068)	Data 0.000 (0.018)	Loss 90.3829 (90.3796)
[2018-04-23 09:48:08] Epoch: [13][42000/44376]	Time 0.053 (0.067)	Data 0.000 (0.017)	Loss 90.3817 (90.3796)
[2018-04-23 09:49:53] Epoch: [13][44000/44376]	Time 0.052 (0.066)	Data 0.000 (0.016)	Loss 90.3819 (90.3796)
[2018-04-23 10:10:56] [epoch 13]: loss : 90.3789748081285
[2018-04-23 10:10:56] Evaluate Result:	Acc  49.20318725099602	Best 49.2092519850341 (12)
[2018-04-23 10:14:24] Epoch: [14][2000/44376]	Time 0.156 (0.102)	Data 0.131 (0.060)	Loss 90.3809 (90.3795)
[2018-04-23 10:17:31] Epoch: [14][4000/44376]	Time 0.052 (0.098)	Data 0.000 (0.055)	Loss 90.3824 (90.3796)
[2018-04-23 10:20:35] Epoch: [14][6000/44376]	Time 0.054 (0.096)	Data 0.010 (0.053)	Loss 90.3774 (90.3796)
[2018-04-23 10:23:36] Epoch: [14][8000/44376]	Time 0.052 (0.095)	Data 0.000 (0.051)	Loss 90.3818 (90.3796)
[2018-04-23 10:26:26] Epoch: [14][10000/44376]	Time 0.052 (0.093)	Data 0.000 (0.049)	Loss 90.3818 (90.3796)
[2018-04-23 10:28:44] Epoch: [14][12000/44376]	Time 0.053 (0.089)	Data 0.000 (0.044)	Loss 90.3818 (90.3796)
[2018-04-23 10:30:41] Epoch: [14][14000/44376]	Time 0.052 (0.084)	Data 0.000 (0.039)	Loss 90.3820 (90.3796)
[2018-04-23 10:32:28] Epoch: [14][16000/44376]	Time 0.052 (0.081)	Data 0.000 (0.035)	Loss 90.3816 (90.3796)
[2018-04-23 10:34:14] Epoch: [14][18000/44376]	Time 0.052 (0.077)	Data 0.000 (0.031)	Loss 90.3785 (90.3796)
[2018-04-23 10:35:59] Epoch: [14][20000/44376]	Time 0.052 (0.075)	Data 0.000 (0.028)	Loss 90.3818 (90.3796)
[2018-04-23 10:37:44] Epoch: [14][22000/44376]	Time 0.053 (0.073)	Data 0.000 (0.025)	Loss 90.3804 (90.3796)
[2018-04-23 10:39:29] Epoch: [14][24000/44376]	Time 0.052 (0.071)	Data 0.000 (0.023)	Loss 90.3800 (90.3796)
[2018-04-23 10:41:13] Epoch: [14][26000/44376]	Time 0.053 (0.070)	Data 0.000 (0.021)	Loss 90.3817 (90.3796)
[2018-04-23 10:42:58] Epoch: [14][28000/44376]	Time 0.052 (0.068)	Data 0.000 (0.020)	Loss 90.3805 (90.3796)
[2018-04-23 10:44:43] Epoch: [14][30000/44376]	Time 0.052 (0.067)	Data 0.000 (0.019)	Loss 90.3808 (90.3796)
[2018-04-23 10:46:28] Epoch: [14][32000/44376]	Time 0.052 (0.066)	Data 0.000 (0.017)	Loss 90.3745 (90.3796)
[2018-04-23 10:48:12] Epoch: [14][34000/44376]	Time 0.052 (0.066)	Data 0.000 (0.016)	Loss 90.3772 (90.3796)
[2018-04-23 10:49:57] Epoch: [14][36000/44376]	Time 0.054 (0.065)	Data 0.000 (0.016)	Loss 90.3818 (90.3796)
[2018-04-23 10:51:42] Epoch: [14][38000/44376]	Time 0.052 (0.064)	Data 0.000 (0.015)	Loss 90.3811 (90.3796)
[2018-04-23 10:53:27] Epoch: [14][40000/44376]	Time 0.052 (0.064)	Data 0.000 (0.014)	Loss 90.3811 (90.3796)
[2018-04-23 10:55:11] Epoch: [14][42000/44376]	Time 0.052 (0.063)	Data 0.000 (0.013)	Loss 90.3814 (90.3796)
[2018-04-23 10:56:56] Epoch: [14][44000/44376]	Time 0.052 (0.063)	Data 0.000 (0.013)	Loss 90.3808 (90.3796)
[2018-04-23 11:16:02] [epoch 14]: loss : 90.37897434590506
[2018-04-23 11:16:02] Evaluate Result:	Acc  49.20365376899895	Best 49.2092519850341 (12)
[2018-04-23 11:18:53] Epoch: [15][2000/44376]	Time 0.109 (0.084)	Data 0.085 (0.039)	Loss 90.3799 (90.3797)
[2018-04-23 11:21:22] Epoch: [15][4000/44376]	Time 0.052 (0.079)	Data 0.000 (0.033)	Loss 90.3802 (90.3796)
[2018-04-23 11:23:56] Epoch: [15][6000/44376]	Time 0.052 (0.078)	Data 0.011 (0.032)	Loss 90.3803 (90.3796)
[2018-04-23 11:26:30] Epoch: [15][8000/44376]	Time 0.052 (0.078)	Data 0.000 (0.032)	Loss 90.3770 (90.3796)
[2018-04-23 11:29:03] Epoch: [15][10000/44376]	Time 0.052 (0.078)	Data 0.000 (0.032)	Loss 90.3818 (90.3796)
[2018-04-23 11:31:27] Epoch: [15][12000/44376]	Time 0.053 (0.077)	Data 0.000 (0.031)	Loss 90.3817 (90.3796)
[2018-04-23 11:33:28] Epoch: [15][14000/44376]	Time 0.051 (0.074)	Data 0.000 (0.028)	Loss 90.3819 (90.3796)
[2018-04-23 11:35:37] Epoch: [15][16000/44376]	Time 0.052 (0.073)	Data 0.000 (0.026)	Loss 90.3780 (90.3796)
[2018-04-23 11:37:23] Epoch: [15][18000/44376]	Time 0.052 (0.071)	Data 0.000 (0.024)	Loss 90.3784 (90.3796)
[2018-04-23 11:39:09] Epoch: [15][20000/44376]	Time 0.053 (0.069)	Data 0.000 (0.021)	Loss 90.3822 (90.3796)
[2018-04-23 11:41:18] Epoch: [15][22000/44376]	Time 0.052 (0.069)	Data 0.000 (0.021)	Loss 90.3817 (90.3796)
[2018-04-23 11:43:13] Epoch: [15][24000/44376]	Time 0.053 (0.068)	Data 0.000 (0.019)	Loss 90.3821 (90.3796)
[2018-04-23 11:45:01] Epoch: [15][26000/44376]	Time 0.052 (0.067)	Data 0.000 (0.018)	Loss 90.3780 (90.3796)
[2018-04-23 11:46:48] Epoch: [15][28000/44376]	Time 0.052 (0.066)	Data 0.000 (0.017)	Loss 90.3818 (90.3796)
[2018-04-23 11:48:35] Epoch: [15][30000/44376]	Time 0.053 (0.065)	Data 0.000 (0.016)	Loss 90.3800 (90.3796)
[2018-04-23 11:50:21] Epoch: [15][32000/44376]	Time 0.052 (0.064)	Data 0.000 (0.015)	Loss 90.3810 (90.3796)
[2018-04-23 11:52:07] Epoch: [15][34000/44376]	Time 0.053 (0.064)	Data 0.000 (0.014)	Loss 90.3758 (90.3796)
[2018-04-23 11:53:53] Epoch: [15][36000/44376]	Time 0.050 (0.063)	Data 0.000 (0.013)	Loss 90.3764 (90.3796)
[2018-04-23 11:56:08] Epoch: [15][38000/44376]	Time 0.184 (0.063)	Data 0.159 (0.014)	Loss 90.3783 (90.3796)
[2018-04-23 11:58:27] Epoch: [15][40000/44376]	Time 0.052 (0.064)	Data 0.000 (0.014)	Loss 90.3813 (90.3796)
[2018-04-23 12:09:39] Epoch: [15][42000/44376]	Time 1.004 (0.076)	Data 0.968 (0.027)	Loss 90.3685 (90.3796)
[2018-04-23 12:34:25] Epoch: [15][44000/44376]	Time 0.211 (0.107)	Data 0.180 (0.058)	Loss 90.3791 (90.3796)
[2018-04-23 12:42:25] [epoch 15]: loss : 90.37897479162359
[2018-04-23 12:42:25] Evaluate Result:	Acc  49.20365376899895	Best 49.2092519850341 (12)
[2018-04-23 12:49:26] Epoch: [16][2000/44376]	Time 0.052 (0.208)	Data 0.000 (0.176)	Loss 90.3796 (90.3796)
[2018-04-23 12:55:11] Epoch: [16][4000/44376]	Time 0.052 (0.190)	Data 0.021 (0.157)	Loss 90.3758 (90.3796)
[2018-04-23 12:59:53] Epoch: [16][6000/44376]	Time 0.053 (0.174)	Data 0.000 (0.139)	Loss 90.3811 (90.3796)
[2018-04-23 13:04:12] Epoch: [16][8000/44376]	Time 0.052 (0.163)	Data 0.000 (0.127)	Loss 90.3802 (90.3795)
[2018-04-23 13:07:45] Epoch: [16][10000/44376]	Time 0.071 (0.152)	Data 0.047 (0.115)	Loss 90.3816 (90.3796)
[2018-04-23 13:11:05] Epoch: [16][12000/44376]	Time 0.052 (0.143)	Data 0.008 (0.106)	Loss 90.3788 (90.3796)
