[2018-04-16 16:41:28] [Info] use gpu: 1
[2018-04-16 16:41:28] [Info] init dataset
[2018-04-16 16:41:40] [Load] ../data/glove/glove.6B.300d.txt
[2018-04-16 16:41:59] [Info] embedding size: 300
[2018-04-16 16:42:01] [Info] total parameters: 142M
[2018-04-16 16:42:01] [debug] word embedding filling count: 11539/11898
[2018-04-16 16:42:03] [Info] start training...
[2018-04-16 16:59:18] Epoch: [1][2000/44376]	Time 0.970 (0.518)	Data 0.724 (0.119)	Loss 90.3817 (90.3813)
[2018-04-16 17:17:00] Epoch: [1][4000/44376]	Time 0.427 (0.524)	Data 0.000 (0.119)	Loss 90.3809 (90.3810)
[2018-04-16 17:31:43] Epoch: [1][6000/44376]	Time 0.432 (0.497)	Data 0.000 (0.082)	Loss 90.3793 (90.3809)
[2018-04-16 17:46:25] Epoch: [1][8000/44376]	Time 0.434 (0.483)	Data 0.000 (0.064)	Loss 90.3813 (90.3808)
[2018-04-16 18:01:08] Epoch: [1][10000/44376]	Time 0.433 (0.475)	Data 0.000 (0.053)	Loss 90.3818 (90.3807)
[2018-04-16 18:15:50] Epoch: [1][12000/44376]	Time 0.432 (0.469)	Data 0.000 (0.046)	Loss 90.3704 (90.3807)
[2018-04-16 18:30:32] Epoch: [1][14000/44376]	Time 0.439 (0.465)	Data 0.000 (0.041)	Loss 90.3787 (90.3806)
[2018-04-16 18:45:14] Epoch: [1][16000/44376]	Time 0.430 (0.462)	Data 0.000 (0.037)	Loss 90.3680 (90.3806)
[2018-04-16 18:59:56] Epoch: [1][18000/44376]	Time 0.435 (0.460)	Data 0.000 (0.034)	Loss 90.3798 (90.3806)
[2018-04-16 19:14:39] Epoch: [1][20000/44376]	Time 0.436 (0.458)	Data 0.000 (0.032)	Loss 90.3816 (90.3806)
[2018-04-16 19:29:21] Epoch: [1][22000/44376]	Time 0.426 (0.456)	Data 0.000 (0.030)	Loss 90.3814 (90.3805)
[2018-04-16 19:44:04] Epoch: [1][24000/44376]	Time 0.428 (0.455)	Data 0.000 (0.028)	Loss 90.3824 (90.3805)
[2018-04-16 19:58:46] Epoch: [1][26000/44376]	Time 0.433 (0.454)	Data 0.000 (0.027)	Loss 90.3817 (90.3805)
[2018-04-16 20:13:28] Epoch: [1][28000/44376]	Time 0.433 (0.453)	Data 0.000 (0.025)	Loss 90.3832 (90.3805)
[2018-04-16 20:28:11] Epoch: [1][30000/44376]	Time 0.434 (0.452)	Data 0.000 (0.024)	Loss 90.3767 (90.3805)
[2018-04-16 20:42:53] Epoch: [1][32000/44376]	Time 0.433 (0.452)	Data 0.000 (0.023)	Loss 90.3805 (90.3805)
[2018-04-16 20:57:36] Epoch: [1][34000/44376]	Time 0.428 (0.451)	Data 0.000 (0.023)	Loss 90.3811 (90.3805)
[2018-04-16 21:12:18] Epoch: [1][36000/44376]	Time 0.430 (0.450)	Data 0.000 (0.022)	Loss 90.3742 (90.3804)
[2018-04-16 21:27:30] Epoch: [1][38000/44376]	Time 0.428 (0.451)	Data 0.000 (0.023)	Loss 90.3774 (90.3804)
[2018-04-16 21:44:09] Epoch: [1][40000/44376]	Time 0.430 (0.453)	Data 0.000 (0.027)	Loss 90.3809 (90.3804)
[2018-04-16 22:01:18] Epoch: [1][42000/44376]	Time 0.442 (0.456)	Data 0.000 (0.032)	Loss 90.3778 (90.3804)
[2018-04-16 22:18:29] Epoch: [1][44000/44376]	Time 0.739 (0.459)	Data 0.494 (0.037)	Loss 90.3811 (90.3804)
[2018-04-16 22:23:25] [epoch 1]: loss : 90.37979901440835
[2018-04-16 22:23:25] Evaluate Result:	Acc  43.7	Best 43.7 (1)
[2018-04-16 22:41:20] Epoch: [2][2000/44376]	Time 0.436 (0.532)	Data 0.000 (0.185)	Loss 90.3821 (90.3801)
[2018-04-16 22:59:34] Epoch: [2][4000/44376]	Time 0.439 (0.540)	Data 0.000 (0.190)	Loss 90.3816 (90.3800)
[2018-04-16 23:18:32] Epoch: [2][6000/44376]	Time 0.445 (0.549)	Data 0.203 (0.200)	Loss 90.3776 (90.3800)
[2018-04-16 23:37:27] Epoch: [2][8000/44376]	Time 0.434 (0.554)	Data 0.081 (0.206)	Loss 90.3809 (90.3800)
[2018-04-16 23:56:40] Epoch: [2][10000/44376]	Time 0.432 (0.558)	Data 0.000 (0.211)	Loss 90.3820 (90.3800)
[2018-04-17 00:16:13] Epoch: [2][12000/44376]	Time 0.788 (0.563)	Data 0.533 (0.217)	Loss 90.3810 (90.3800)
[2018-04-17 00:35:56] Epoch: [2][14000/44376]	Time 0.431 (0.567)	Data 0.000 (0.222)	Loss 90.3811 (90.3800)
[2018-04-17 00:56:01] Epoch: [2][16000/44376]	Time 0.432 (0.572)	Data 0.000 (0.228)	Loss 90.3792 (90.3800)
[2018-04-17 01:16:24] Epoch: [2][18000/44376]	Time 0.922 (0.576)	Data 0.668 (0.234)	Loss 90.3749 (90.3800)
[2018-04-17 01:37:06] Epoch: [2][20000/44376]	Time 0.442 (0.580)	Data 0.138 (0.240)	Loss 90.3811 (90.3800)
[2018-04-17 01:58:05] Epoch: [2][22000/44376]	Time 0.805 (0.585)	Data 0.555 (0.246)	Loss 90.3749 (90.3800)
[2018-04-17 02:19:29] Epoch: [2][24000/44376]	Time 0.967 (0.590)	Data 0.723 (0.253)	Loss 90.3817 (90.3800)
[2018-04-17 02:41:16] Epoch: [2][26000/44376]	Time 1.016 (0.595)	Data 0.768 (0.259)	Loss 90.3713 (90.3800)
[2018-04-17 03:03:13] Epoch: [2][28000/44376]	Time 0.430 (0.599)	Data 0.000 (0.265)	Loss 90.3807 (90.3800)
[2018-04-17 03:24:58] Epoch: [2][30000/44376]	Time 0.555 (0.603)	Data 0.310 (0.269)	Loss 90.3809 (90.3800)
[2018-04-17 03:47:16] Epoch: [2][32000/44376]	Time 0.427 (0.607)	Data 0.172 (0.275)	Loss 90.3808 (90.3800)
[2018-04-17 04:10:01] Epoch: [2][34000/44376]	Time 0.973 (0.611)	Data 0.727 (0.281)	Loss 90.3827 (90.3800)
[2018-04-17 04:32:40] Epoch: [2][36000/44376]	Time 0.434 (0.615)	Data 0.000 (0.286)	Loss 90.3809 (90.3800)
[2018-04-17 04:55:28] Epoch: [2][38000/44376]	Time 1.130 (0.619)	Data 0.882 (0.290)	Loss 90.3807 (90.3800)
[2018-04-17 05:18:20] Epoch: [2][40000/44376]	Time 0.431 (0.622)	Data 0.136 (0.295)	Loss 90.3831 (90.3800)
[2018-04-17 05:41:24] Epoch: [2][42000/44376]	Time 0.437 (0.625)	Data 0.000 (0.299)	Loss 90.3788 (90.3800)
[2018-04-17 06:04:14] Epoch: [2][44000/44376]	Time 0.446 (0.628)	Data 0.198 (0.302)	Loss 90.3767 (90.3800)
[2018-04-17 06:10:26] [epoch 2]: loss : 90.37939250011455
[2018-04-17 06:10:26] Evaluate Result:	Acc  44.6	Best 44.6 (2)
[2018-04-17 06:33:09] Epoch: [3][2000/44376]	Time 0.433 (0.675)	Data 0.000 (0.371)	Loss 90.3821 (90.3799)
[2018-04-17 06:56:34] Epoch: [3][4000/44376]	Time 0.819 (0.688)	Data 0.574 (0.382)	Loss 90.3809 (90.3799)
[2018-04-17 07:20:00] Epoch: [3][6000/44376]	Time 0.809 (0.693)	Data 0.559 (0.387)	Loss 90.3810 (90.3799)
[2018-04-17 07:44:19] Epoch: [3][8000/44376]	Time 0.955 (0.702)	Data 0.710 (0.397)	Loss 90.3801 (90.3798)
[2018-04-17 08:11:41] Epoch: [3][10000/44376]	Time 0.441 (0.726)	Data 0.000 (0.422)	Loss 90.3821 (90.3799)
[2018-04-17 08:36:51] Epoch: [3][12000/44376]	Time 1.327 (0.731)	Data 1.072 (0.427)	Loss 90.3793 (90.3798)
[2018-04-17 09:02:04] Epoch: [3][14000/44376]	Time 0.435 (0.735)	Data 0.052 (0.431)	Loss 90.3786 (90.3799)
[2018-04-17 09:27:20] Epoch: [3][16000/44376]	Time 0.495 (0.737)	Data 0.250 (0.434)	Loss 90.3819 (90.3799)
[2018-04-17 09:52:45] Epoch: [3][18000/44376]	Time 0.452 (0.740)	Data 0.207 (0.437)	Loss 90.3820 (90.3799)
[2018-04-17 10:18:10] Epoch: [3][20000/44376]	Time 0.432 (0.742)	Data 0.000 (0.439)	Loss 90.3802 (90.3798)
[2018-04-17 10:43:19] Epoch: [3][22000/44376]	Time 0.431 (0.744)	Data 0.000 (0.440)	Loss 90.3822 (90.3798)
[2018-04-17 11:08:55] Epoch: [3][24000/44376]	Time 0.787 (0.746)	Data 0.535 (0.443)	Loss 90.3824 (90.3798)
[2018-04-17 11:33:59] Epoch: [3][26000/44376]	Time 0.568 (0.746)	Data 0.324 (0.443)	Loss 90.3818 (90.3798)
[2018-04-17 11:59:09] Epoch: [3][28000/44376]	Time 0.430 (0.747)	Data 0.000 (0.444)	Loss 90.3833 (90.3798)
[2018-04-17 12:24:01] Epoch: [3][30000/44376]	Time 1.018 (0.747)	Data 0.769 (0.444)	Loss 90.3757 (90.3798)
[2018-04-17 12:49:24] Epoch: [3][32000/44376]	Time 0.422 (0.748)	Data 0.000 (0.445)	Loss 90.3815 (90.3798)
[2018-04-17 13:13:52] Epoch: [3][34000/44376]	Time 0.430 (0.747)	Data 0.000 (0.444)	Loss 90.3699 (90.3798)
[2018-04-17 13:39:43] Epoch: [3][36000/44376]	Time 0.714 (0.748)	Data 0.461 (0.446)	Loss 90.3802 (90.3798)
[2018-04-17 14:04:38] Epoch: [3][38000/44376]	Time 1.375 (0.748)	Data 1.122 (0.445)	Loss 90.3759 (90.3798)
[2018-04-17 14:29:36] Epoch: [3][40000/44376]	Time 0.819 (0.748)	Data 0.571 (0.445)	Loss 90.3833 (90.3798)
[2018-04-17 14:56:28] Epoch: [3][42000/44376]	Time 0.852 (0.751)	Data 0.602 (0.448)	Loss 90.3704 (90.3798)
[2018-04-17 15:20:59] Epoch: [3][44000/44376]	Time 0.871 (0.750)	Data 0.625 (0.448)	Loss 90.3816 (90.3798)
[2018-04-17 15:27:34] [epoch 3]: loss : 90.37920427227829
[2018-04-17 15:27:34] Evaluate Result:	Acc  50.9	Best 50.9 (3)
[2018-04-17 15:51:31] Epoch: [4][2000/44376]	Time 0.899 (0.710)	Data 0.650 (0.409)	Loss 90.3805 (90.3797)
[2018-04-17 16:15:42] Epoch: [4][4000/44376]	Time 0.433 (0.718)	Data 0.000 (0.415)	Loss 90.3827 (90.3796)
[2018-04-17 16:39:44] Epoch: [4][6000/44376]	Time 0.704 (0.719)	Data 0.443 (0.415)	Loss 90.3643 (90.3796)
[2018-04-17 17:04:26] Epoch: [4][8000/44376]	Time 0.840 (0.724)	Data 0.591 (0.421)	Loss 90.3819 (90.3797)
[2018-04-17 17:28:40] Epoch: [4][10000/44376]	Time 0.461 (0.725)	Data 0.215 (0.421)	Loss 90.3823 (90.3796)
[2018-04-17 17:52:35] Epoch: [4][12000/44376]	Time 0.431 (0.724)	Data 0.000 (0.419)	Loss 90.3822 (90.3797)
[2018-04-17 18:16:54] Epoch: [4][14000/44376]	Time 0.724 (0.725)	Data 0.473 (0.419)	Loss 90.3823 (90.3797)
[2018-04-17 18:41:11] Epoch: [4][16000/44376]	Time 1.419 (0.725)	Data 1.171 (0.420)	Loss 90.3801 (90.3797)
[2018-04-17 19:05:17] Epoch: [4][18000/44376]	Time 0.871 (0.725)	Data 0.620 (0.420)	Loss 90.3806 (90.3797)
[2018-04-17 19:28:47] Epoch: [4][20000/44376]	Time 0.553 (0.723)	Data 0.295 (0.418)	Loss 90.3747 (90.3797)
[2018-04-17 19:52:54] Epoch: [4][22000/44376]	Time 0.755 (0.723)	Data 0.512 (0.418)	Loss 90.3808 (90.3797)
[2018-04-17 20:17:06] Epoch: [4][24000/44376]	Time 0.616 (0.723)	Data 0.373 (0.418)	Loss 90.3772 (90.3797)
[2018-04-17 20:41:26] Epoch: [4][26000/44376]	Time 0.440 (0.724)	Data 0.000 (0.419)	Loss 90.3798 (90.3797)
[2018-04-17 21:05:53] Epoch: [4][28000/44376]	Time 0.436 (0.724)	Data 0.000 (0.420)	Loss 90.3811 (90.3797)
[2018-04-17 21:30:00] Epoch: [4][30000/44376]	Time 1.356 (0.724)	Data 1.111 (0.420)	Loss 90.3750 (90.3797)
[2018-04-17 21:54:31] Epoch: [4][32000/44376]	Time 0.657 (0.725)	Data 0.405 (0.421)	Loss 90.3818 (90.3797)
[2018-04-17 22:18:57] Epoch: [4][34000/44376]	Time 0.784 (0.725)	Data 0.530 (0.421)	Loss 90.3818 (90.3797)
[2018-04-17 22:43:18] Epoch: [4][36000/44376]	Time 0.434 (0.726)	Data 0.000 (0.422)	Loss 90.3819 (90.3797)
[2018-04-17 23:07:32] Epoch: [4][38000/44376]	Time 0.438 (0.726)	Data 0.000 (0.422)	Loss 90.3792 (90.3797)
[2018-04-17 23:32:13] Epoch: [4][40000/44376]	Time 0.710 (0.727)	Data 0.462 (0.422)	Loss 90.3811 (90.3797)
[2018-04-17 23:56:38] Epoch: [4][42000/44376]	Time 0.440 (0.727)	Data 0.000 (0.422)	Loss 90.3815 (90.3797)
[2018-04-18 00:20:55] Epoch: [4][44000/44376]	Time 0.428 (0.727)	Data 0.011 (0.422)	Loss 90.3803 (90.3797)
[2018-04-18 00:27:50] [epoch 4]: loss : 90.37907635424187
[2018-04-18 00:27:50] Evaluate Result:	Acc  49.3	Best 50.9 (3)
[2018-04-18 00:51:27] Epoch: [5][2000/44376]	Time 0.601 (0.696)	Data 0.341 (0.391)	Loss 90.3825 (90.3795)
[2018-04-18 01:15:32] Epoch: [5][4000/44376]	Time 0.928 (0.709)	Data 0.686 (0.404)	Loss 90.3823 (90.3796)
[2018-04-18 01:43:32] Epoch: [5][6000/44376]	Time 0.642 (0.753)	Data 0.390 (0.446)	Loss 90.3807 (90.3796)
[2018-04-18 02:00:23] Epoch: [5][8000/44376]	Time 0.441 (0.691)	Data 0.000 (0.363)	Loss 90.3755 (90.3796)
[2018-04-18 02:15:24] Epoch: [5][10000/44376]	Time 0.427 (0.643)	Data 0.000 (0.294)	Loss 90.3815 (90.3796)
[2018-04-18 02:30:37] Epoch: [5][12000/44376]	Time 0.429 (0.612)	Data 0.000 (0.248)	Loss 90.3819 (90.3796)
