[2018-04-12 20:57:43] [Info] use gpu: 1
[2018-04-12 20:57:43] [Info] init dataset
[2018-04-12 20:57:57] [Load] ../data/glove/glove.6B.300d.txt
[2018-04-12 20:58:25] [Info] embedding size: 300
[2018-04-12 20:58:26] [Info] total parameters: 142M
[2018-04-12 20:58:26] [debug] word embedding filling count: 11539/11898
[2018-04-12 20:58:49] [Info] start training...
[2018-04-12 21:13:38] Epoch: [1][2000/44376]	Time 0.029 (0.444)	Data 0.000 (0.415)	Loss 65.3009 (67.5253)
[2018-04-12 21:26:03] Epoch: [1][4000/44376]	Time 0.855 (0.408)	Data 0.842 (0.386)	Loss 55.4038 (66.0533)
[2018-04-12 21:36:22] Epoch: [1][6000/44376]	Time 0.144 (0.375)	Data 0.134 (0.356)	Loss 56.9005 (65.5035)
[2018-04-12 21:48:26] Epoch: [1][8000/44376]	Time 0.335 (0.372)	Data 0.323 (0.354)	Loss 61.4580 (65.1158)
[2018-04-12 22:01:40] Epoch: [1][10000/44376]	Time 0.733 (0.377)	Data 0.720 (0.359)	Loss 68.2409 (64.8137)
[2018-04-12 22:13:30] Epoch: [1][12000/44376]	Time 0.422 (0.373)	Data 0.410 (0.356)	Loss 64.1968 (64.5381)
[2018-04-12 22:24:32] Epoch: [1][14000/44376]	Time 0.443 (0.367)	Data 0.431 (0.350)	Loss 58.8024 (64.2671)
[2018-04-12 22:35:17] Epoch: [1][16000/44376]	Time 0.027 (0.362)	Data 0.000 (0.345)	Loss 60.3878 (64.0379)
[2018-04-12 22:44:04] Epoch: [1][18000/44376]	Time 0.166 (0.351)	Data 0.154 (0.334)	Loss 61.0098 (63.8492)
[2018-04-12 22:54:05] Epoch: [1][20000/44376]	Time 0.026 (0.346)	Data 0.000 (0.329)	Loss 68.3290 (63.6459)
[2018-04-12 23:08:36] Epoch: [1][22000/44376]	Time 0.661 (0.354)	Data 0.639 (0.337)	Loss 74.4745 (63.5325)
[2018-04-12 23:21:24] Epoch: [1][24000/44376]	Time 0.352 (0.356)	Data 0.340 (0.340)	Loss 81.6881 (63.4048)
[2018-04-12 23:35:41] Epoch: [1][26000/44376]	Time 0.263 (0.362)	Data 0.249 (0.345)	Loss 49.8295 (63.2829)
[2018-04-12 23:49:21] Epoch: [1][28000/44376]	Time 0.030 (0.365)	Data 0.000 (0.349)	Loss 51.0476 (63.1736)
[2018-04-13 00:01:34] Epoch: [1][30000/44376]	Time 0.293 (0.365)	Data 0.281 (0.349)	Loss 52.0854 (63.0706)
[2018-04-13 00:15:10] Epoch: [1][32000/44376]	Time 0.529 (0.368)	Data 0.517 (0.352)	Loss 76.8328 (62.9787)
[2018-04-13 00:30:00] Epoch: [1][34000/44376]	Time 0.639 (0.373)	Data 0.625 (0.356)	Loss 62.0244 (62.9112)
[2018-04-13 00:44:37] Epoch: [1][36000/44376]	Time 0.910 (0.376)	Data 0.899 (0.360)	Loss 59.3682 (62.8180)
[2018-04-13 00:59:52] Epoch: [1][38000/44376]	Time 0.027 (0.381)	Data 0.000 (0.364)	Loss 61.1040 (62.7311)
[2018-04-13 01:15:46] Epoch: [1][40000/44376]	Time 0.843 (0.385)	Data 0.822 (0.369)	Loss 52.9715 (62.6463)
[2018-04-13 01:32:24] Epoch: [1][42000/44376]	Time 0.124 (0.391)	Data 0.109 (0.374)	Loss 63.3551 (62.5842)
[2018-04-13 01:48:00] Epoch: [1][44000/44376]	Time 0.715 (0.394)	Data 0.693 (0.377)	Loss 56.6463 (62.5245)
[2018-04-13 01:52:51] [epoch 1]: loss : 62.51323013428591
[2018-04-13 01:52:51] Evaluate Result:	Acc  45.1	Best 45.1 (1)
[2018-04-13 02:08:22] Epoch: [2][2000/44376]	Time 0.749 (0.465)	Data 0.731 (0.435)	Loss 69.3450 (61.0378)
[2018-04-13 02:25:34] Epoch: [2][4000/44376]	Time 0.063 (0.490)	Data 0.044 (0.460)	Loss 57.6869 (60.7629)
[2018-04-13 02:42:07] Epoch: [2][6000/44376]	Time 0.432 (0.492)	Data 0.419 (0.465)	Loss 58.8770 (60.7602)
[2018-04-13 02:59:30] Epoch: [2][8000/44376]	Time 0.642 (0.500)	Data 0.631 (0.475)	Loss 61.9608 (60.6797)
[2018-04-13 03:16:28] Epoch: [2][10000/44376]	Time 0.485 (0.502)	Data 0.474 (0.479)	Loss 55.7769 (60.7050)
[2018-04-13 03:33:32] Epoch: [2][12000/44376]	Time 1.317 (0.503)	Data 1.305 (0.482)	Loss 63.8769 (60.7755)
[2018-04-13 03:51:33] Epoch: [2][14000/44376]	Time 0.466 (0.509)	Data 0.454 (0.488)	Loss 66.3855 (60.7811)
[2018-04-13 04:09:10] Epoch: [2][16000/44376]	Time 1.174 (0.511)	Data 1.162 (0.491)	Loss 57.4319 (60.7435)
[2018-04-13 04:27:06] Epoch: [2][18000/44376]	Time 0.751 (0.514)	Data 0.739 (0.495)	Loss 57.3703 (60.7163)
[2018-04-13 04:45:08] Epoch: [2][20000/44376]	Time 0.027 (0.517)	Data 0.000 (0.498)	Loss 69.6184 (60.7023)
[2018-04-13 05:03:19] Epoch: [2][22000/44376]	Time 0.194 (0.519)	Data 0.182 (0.501)	Loss 65.2745 (60.6732)
[2018-04-13 05:22:02] Epoch: [2][24000/44376]	Time 0.030 (0.523)	Data 0.000 (0.504)	Loss 46.5497 (60.6794)
[2018-04-13 05:40:37] Epoch: [2][26000/44376]	Time 0.404 (0.526)	Data 0.392 (0.507)	Loss 51.2723 (60.6708)
[2018-04-13 05:58:13] Epoch: [2][28000/44376]	Time 0.082 (0.526)	Data 0.069 (0.508)	Loss 64.4893 (60.6429)
[2018-04-13 06:16:56] Epoch: [2][30000/44376]	Time 1.006 (0.528)	Data 0.993 (0.510)	Loss 63.6135 (60.6356)
[2018-04-13 06:36:09] Epoch: [2][32000/44376]	Time 0.391 (0.531)	Data 0.377 (0.513)	Loss 58.1114 (60.6250)
[2018-04-13 06:55:37] Epoch: [2][34000/44376]	Time 0.430 (0.534)	Data 0.418 (0.517)	Loss 58.3637 (60.6418)
[2018-04-13 07:16:02] Epoch: [2][36000/44376]	Time 0.246 (0.539)	Data 0.233 (0.521)	Loss 61.1188 (60.6337)
[2018-04-13 07:36:45] Epoch: [2][38000/44376]	Time 0.364 (0.543)	Data 0.351 (0.526)	Loss 63.2751 (60.6241)
[2018-04-13 08:01:11] Epoch: [2][40000/44376]	Time 0.481 (0.552)	Data 0.469 (0.535)	Loss 49.0961 (60.6058)
[2018-04-13 08:25:26] Epoch: [2][42000/44376]	Time 0.514 (0.561)	Data 0.502 (0.544)	Loss 67.1771 (60.5915)
[2018-04-13 08:48:20] Epoch: [2][44000/44376]	Time 0.352 (0.567)	Data 0.341 (0.550)	Loss 68.1758 (60.5968)
[2018-04-13 08:54:25] [epoch 2]: loss : 60.597269288737515
[2018-04-13 08:54:25] Evaluate Result:	Acc  47.0	Best 47.0 (2)
[2018-04-13 09:16:27] Epoch: [3][2000/44376]	Time 0.856 (0.656)	Data 0.841 (0.641)	Loss 55.2914 (59.6760)
[2018-04-13 09:39:53] Epoch: [3][4000/44376]	Time 1.128 (0.680)	Data 1.115 (0.664)	Loss 76.0100 (59.7383)
[2018-04-13 10:03:30] Epoch: [3][6000/44376]	Time 0.498 (0.689)	Data 0.485 (0.674)	Loss 63.6346 (59.8045)
[2018-04-13 10:29:40] Epoch: [3][8000/44376]	Time 0.884 (0.713)	Data 0.872 (0.698)	Loss 63.2521 (59.7879)
[2018-04-13 11:00:06] Epoch: [3][10000/44376]	Time 0.512 (0.753)	Data 0.500 (0.737)	Loss 40.9920 (59.8071)
[2018-04-13 11:35:28] Epoch: [3][12000/44376]	Time 2.098 (0.805)	Data 2.087 (0.789)	Loss 48.6843 (59.7796)
[2018-04-13 12:15:21] Epoch: [3][14000/44376]	Time 0.205 (0.861)	Data 0.191 (0.845)	Loss 57.9101 (59.7905)
[2018-04-13 12:54:05] Epoch: [3][16000/44376]	Time 0.414 (0.898)	Data 0.399 (0.882)	Loss 66.1440 (59.8065)
[2018-04-13 13:37:50] Epoch: [3][18000/44376]	Time 2.760 (0.944)	Data 2.746 (0.928)	Loss 67.8345 (59.8379)
[2018-04-13 14:34:51] Epoch: [3][20000/44376]	Time 1.976 (1.021)	Data 1.960 (0.980)	Loss 49.4069 (59.8545)
