[2018-04-18 11:43:07] [Info] use gpu: 0
[2018-04-18 11:43:07] [Info] init dataset
[2018-04-18 11:45:34] [Load] ../data/glove/glove.6B.300d.txt
[2018-04-18 11:46:01] [Info] embedding size: 300
[2018-04-18 11:46:02] [Info] total parameters: 117M
[2018-04-18 11:46:02] [debug] word embedding filling count: 11539/11898
[2018-04-18 11:46:08] [Info] start training...
[2018-04-18 12:41:35] [Info] use gpu: 0
[2018-04-18 12:41:35] [Info] init dataset
[2018-04-18 12:41:50] [Load] ../data/glove/glove.6B.300d.txt
[2018-04-18 12:42:08] [Info] embedding size: 300
[2018-04-18 12:42:10] [Info] total parameters: 117M
[2018-04-18 12:42:10] [debug] word embedding filling count: 11539/11898
[2018-04-18 12:42:12] [Info] start training...
[2018-04-18 12:52:01] Epoch: [1][2000/44376]	Time 0.117 (0.294)	Data 0.100 (0.275)	Loss 90.3811 (90.3814)
[2018-04-18 13:02:32] Epoch: [1][4000/44376]	Time 0.031 (0.305)	Data 0.000 (0.286)	Loss 90.3816 (90.3811)
[2018-04-18 13:10:58] Epoch: [1][6000/44376]	Time 0.288 (0.288)	Data 0.275 (0.269)	Loss 90.3763 (90.3809)
[2018-04-18 13:16:59] Epoch: [1][8000/44376]	Time 0.041 (0.261)	Data 0.023 (0.242)	Loss 90.3799 (90.3808)
[2018-04-18 13:21:28] Epoch: [1][10000/44376]	Time 0.027 (0.236)	Data 0.000 (0.216)	Loss 90.3828 (90.3808)
[2018-04-18 13:24:57] Epoch: [1][12000/44376]	Time 0.027 (0.214)	Data 0.000 (0.194)	Loss 90.3828 (90.3807)
[2018-04-18 13:27:32] Epoch: [1][14000/44376]	Time 0.150 (0.194)	Data 0.140 (0.174)	Loss 90.3785 (90.3807)
[2018-04-18 13:30:21] Epoch: [1][16000/44376]	Time 0.026 (0.181)	Data 0.000 (0.160)	Loss 90.3810 (90.3807)
[2018-04-18 13:33:19] Epoch: [1][18000/44376]	Time 0.099 (0.170)	Data 0.088 (0.150)	Loss 90.3831 (90.3806)
[2018-04-18 13:36:18] Epoch: [1][20000/44376]	Time 0.176 (0.162)	Data 0.161 (0.142)	Loss 90.3821 (90.3806)
[2018-04-18 13:39:27] Epoch: [1][22000/44376]	Time 0.408 (0.156)	Data 0.395 (0.136)	Loss 90.3725 (90.3806)
[2018-04-18 13:42:46] Epoch: [1][24000/44376]	Time 0.027 (0.151)	Data 0.000 (0.131)	Loss 90.3785 (90.3806)
[2018-04-18 13:46:01] Epoch: [1][26000/44376]	Time 0.029 (0.147)	Data 0.000 (0.127)	Loss 90.3791 (90.3806)
[2018-04-18 13:49:50] Epoch: [1][28000/44376]	Time 0.028 (0.145)	Data 0.000 (0.124)	Loss 90.3818 (90.3805)
[2018-04-18 13:53:46] Epoch: [1][30000/44376]	Time 0.028 (0.143)	Data 0.000 (0.123)	Loss 90.3775 (90.3805)
[2018-04-18 13:58:12] Epoch: [1][32000/44376]	Time 0.549 (0.143)	Data 0.532 (0.122)	Loss 90.3810 (90.3805)
[2018-04-18 14:03:22] Epoch: [1][34000/44376]	Time 0.029 (0.143)	Data 0.000 (0.123)	Loss 90.3821 (90.3805)
[2018-04-18 14:09:08] Epoch: [1][36000/44376]	Time 0.025 (0.145)	Data 0.000 (0.124)	Loss 90.3829 (90.3805)
[2018-04-18 14:15:08] Epoch: [1][38000/44376]	Time 0.029 (0.147)	Data 0.000 (0.126)	Loss 90.3809 (90.3805)
[2018-04-18 14:21:20] Epoch: [1][40000/44376]	Time 0.028 (0.149)	Data 0.000 (0.128)	Loss 90.3832 (90.3805)
[2018-04-18 14:27:44] Epoch: [1][42000/44376]	Time 0.467 (0.151)	Data 0.454 (0.130)	Loss 90.3816 (90.3805)
[2018-04-18 14:34:17] Epoch: [1][44000/44376]	Time 0.026 (0.153)	Data 0.000 (0.132)	Loss 90.3797 (90.3804)
[2018-04-18 14:37:00] [epoch 1]: loss : 90.37983424379436
[2018-04-18 14:37:00] Evaluate Result:	Acc  44.3	Best 44.3 (1)
[2018-04-18 14:42:29] Epoch: [2][2000/44376]	Time 0.581 (0.162)	Data 0.564 (0.142)	Loss 90.3828 (90.3801)
[2018-04-18 14:48:22] Epoch: [2][4000/44376]	Time 0.132 (0.169)	Data 0.120 (0.149)	Loss 90.3745 (90.3801)
[2018-04-18 14:54:04] Epoch: [2][6000/44376]	Time 0.025 (0.170)	Data 0.000 (0.150)	Loss 90.3821 (90.3801)
[2018-04-18 15:00:07] Epoch: [2][8000/44376]	Time 0.027 (0.173)	Data 0.000 (0.153)	Loss 90.3821 (90.3801)
[2018-04-18 15:06:13] Epoch: [2][10000/44376]	Time 0.329 (0.175)	Data 0.315 (0.155)	Loss 90.3824 (90.3801)
[2018-04-18 15:12:36] Epoch: [2][12000/44376]	Time 0.027 (0.178)	Data 0.000 (0.158)	Loss 90.3794 (90.3801)
[2018-04-18 15:19:18] Epoch: [2][14000/44376]	Time 0.201 (0.181)	Data 0.187 (0.161)	Loss 90.3815 (90.3801)
[2018-04-18 15:26:24] Epoch: [2][16000/44376]	Time 0.331 (0.185)	Data 0.318 (0.165)	Loss 90.3808 (90.3801)
[2018-04-18 15:35:17] Epoch: [2][18000/44376]	Time 0.153 (0.194)	Data 0.138 (0.174)	Loss 90.3823 (90.3801)
[2018-04-18 16:00:17] Epoch: [2][20000/44376]	Time 0.637 (0.250)	Data 0.621 (0.230)	Loss 90.3723 (90.3801)
[2018-04-18 16:36:23] Epoch: [2][22000/44376]	Time 1.059 (0.325)	Data 1.039 (0.306)	Loss 90.3803 (90.3801)
[2018-04-18 17:02:41] Epoch: [2][24000/44376]	Time 0.675 (0.364)	Data 0.661 (0.345)	Loss 90.3820 (90.3801)
[2018-04-18 17:26:56] Epoch: [2][26000/44376]	Time 0.357 (0.392)	Data 0.344 (0.373)	Loss 90.3826 (90.3801)
[2018-04-18 17:51:07] Epoch: [2][28000/44376]	Time 0.633 (0.416)	Data 0.615 (0.397)	Loss 90.3799 (90.3801)
[2018-04-18 18:16:20] Epoch: [2][30000/44376]	Time 0.389 (0.438)	Data 0.376 (0.419)	Loss 90.3781 (90.3801)
[2018-04-18 18:42:25] Epoch: [2][32000/44376]	Time 0.030 (0.460)	Data 0.000 (0.441)	Loss 90.3823 (90.3801)
[2018-04-18 19:10:05] Epoch: [2][34000/44376]	Time 0.029 (0.482)	Data 0.000 (0.463)	Loss 90.3769 (90.3801)
[2018-04-18 19:39:07] Epoch: [2][36000/44376]	Time 0.029 (0.503)	Data 0.000 (0.484)	Loss 90.3824 (90.3801)
[2018-04-18 20:07:15] Epoch: [2][38000/44376]	Time 0.794 (0.521)	Data 0.777 (0.502)	Loss 90.3811 (90.3801)
[2018-04-18 20:36:57] Epoch: [2][40000/44376]	Time 1.639 (0.540)	Data 1.623 (0.521)	Loss 90.3804 (90.3801)
[2018-04-18 21:07:38] Epoch: [2][42000/44376]	Time 1.743 (0.558)	Data 1.723 (0.539)	Loss 90.3821 (90.3801)
[2018-04-18 21:45:36] Epoch: [2][44000/44376]	Time 0.235 (0.584)	Data 0.219 (0.565)	Loss 90.3816 (90.3801)
[2018-04-18 22:02:10] [epoch 2]: loss : 90.3794457568163
[2018-04-18 22:02:10] Evaluate Result:	Acc  44.1	Best 44.3 (1)
[2018-04-18 22:42:48] Epoch: [3][2000/44376]	Time 0.644 (1.216)	Data 0.624 (1.197)	Loss 90.3820 (90.3799)
[2018-04-18 23:26:54] Epoch: [3][4000/44376]	Time 1.532 (1.269)	Data 1.518 (1.251)	Loss 90.3829 (90.3799)
[2018-04-19 00:11:07] Epoch: [3][6000/44376]	Time 1.722 (1.288)	Data 1.709 (1.270)	Loss 90.3844 (90.3799)
[2018-04-19 00:54:33] Epoch: [3][8000/44376]	Time 1.448 (1.292)	Data 1.435 (1.274)	Loss 90.3738 (90.3799)
[2018-04-19 01:37:55] Epoch: [3][10000/44376]	Time 1.794 (1.294)	Data 1.776 (1.276)	Loss 90.3694 (90.3799)
[2018-04-19 02:21:20] Epoch: [3][12000/44376]	Time 2.454 (1.295)	Data 2.436 (1.277)	Loss 90.3792 (90.3799)
[2018-04-19 03:06:07] Epoch: [3][14000/44376]	Time 1.546 (1.302)	Data 1.529 (1.284)	Loss 90.3803 (90.3799)
[2018-04-19 03:40:00] Epoch: [3][16000/44376]	Time 0.811 (1.266)	Data 0.792 (1.248)	Loss 90.3829 (90.3799)
[2018-04-19 04:10:24] Epoch: [3][18000/44376]	Time 1.235 (1.227)	Data 1.219 (1.209)	Loss 90.3779 (90.3799)
[2018-04-19 04:41:40] Epoch: [3][20000/44376]	Time 0.693 (1.198)	Data 0.673 (1.180)	Loss 90.3806 (90.3799)
[2018-04-19 05:14:13] Epoch: [3][22000/44376]	Time 1.181 (1.178)	Data 1.162 (1.160)	Loss 90.3813 (90.3799)
[2018-04-19 05:48:12] Epoch: [3][24000/44376]	Time 1.546 (1.165)	Data 1.529 (1.146)	Loss 90.3768 (90.3799)
[2018-04-19 06:23:30] Epoch: [3][26000/44376]	Time 1.622 (1.157)	Data 1.601 (1.138)	Loss 90.3811 (90.3799)
[2018-04-19 07:00:40] Epoch: [3][28000/44376]	Time 0.503 (1.154)	Data 0.486 (1.135)	Loss 90.3797 (90.3799)
[2018-04-19 07:40:03] Epoch: [3][30000/44376]	Time 0.746 (1.156)	Data 0.728 (1.137)	Loss 90.3773 (90.3799)
[2018-04-19 08:27:15] Epoch: [3][32000/44376]	Time 1.475 (1.172)	Data 1.455 (1.153)	Loss 90.3819 (90.3799)
[2018-04-19 09:10:11] Epoch: [3][34000/44376]	Time 1.462 (1.179)	Data 1.444 (1.160)	Loss 90.3778 (90.3799)
[2018-04-19 09:51:13] Epoch: [3][36000/44376]	Time 2.274 (1.182)	Data 2.254 (1.163)	Loss 90.3788 (90.3799)
[2018-04-19 10:33:36] Epoch: [3][38000/44376]	Time 1.353 (1.186)	Data 1.335 (1.168)	Loss 90.3769 (90.3799)
[2018-04-19 11:17:44] Epoch: [3][40000/44376]	Time 0.690 (1.193)	Data 0.674 (1.174)	Loss 90.3812 (90.3799)
[2018-04-19 12:09:25] Epoch: [3][42000/44376]	Time 2.056 (1.210)	Data 2.040 (1.191)	Loss 90.3820 (90.3799)
[2018-04-19 12:53:02] Epoch: [3][44000/44376]	Time 1.130 (1.215)	Data 1.113 (1.195)	Loss 90.3803 (90.3799)
[2018-04-19 13:05:05] [epoch 3]: loss : 90.37926807200692
[2018-04-19 13:05:05] Evaluate Result:	Acc  47.0	Best 47.0 (3)
[2018-04-19 13:44:00] Epoch: [4][2000/44376]	Time 0.369 (1.163)	Data 0.354 (1.144)	Loss 90.3815 (90.3797)
[2018-04-19 14:28:25] Epoch: [4][4000/44376]	Time 2.656 (1.248)	Data 2.640 (1.229)	Loss 90.3789 (90.3797)
[2018-04-19 15:09:08] Epoch: [4][6000/44376]	Time 0.823 (1.239)	Data 0.808 (1.220)	Loss 90.3810 (90.3797)
[2018-04-19 15:52:47] Epoch: [4][8000/44376]	Time 1.579 (1.257)	Data 1.565 (1.238)	Loss 90.3797 (90.3797)
[2018-04-19 16:36:57] Epoch: [4][10000/44376]	Time 0.626 (1.270)	Data 0.610 (1.252)	Loss 90.3803 (90.3797)
[2018-04-19 17:13:26] Epoch: [4][12000/44376]	Time 0.234 (1.241)	Data 0.218 (1.223)	Loss 90.3819 (90.3797)
[2018-04-19 17:48:03] Epoch: [4][14000/44376]	Time 1.039 (1.212)	Data 1.020 (1.194)	Loss 90.3818 (90.3797)
[2018-04-19 18:21:27] Epoch: [4][16000/44376]	Time 2.579 (1.186)	Data 2.561 (1.168)	Loss 90.3815 (90.3797)
[2018-04-19 18:57:34] Epoch: [4][18000/44376]	Time 1.514 (1.174)	Data 1.500 (1.156)	Loss 90.3817 (90.3797)
[2018-04-19 19:27:23] Epoch: [4][20000/44376]	Time 0.031 (1.146)	Data 0.000 (1.128)	Loss 90.3812 (90.3797)
[2018-04-19 19:53:35] Epoch: [4][22000/44376]	Time 0.030 (1.114)	Data 0.000 (1.095)	Loss 90.3822 (90.3797)
[2018-04-19 20:23:58] Epoch: [4][24000/44376]	Time 0.951 (1.097)	Data 0.938 (1.079)	Loss 90.3784 (90.3797)
[2018-04-19 20:51:14] Epoch: [4][26000/44376]	Time 1.838 (1.075)	Data 1.822 (1.057)	Loss 90.3814 (90.3797)
[2018-04-19 21:28:31] Epoch: [4][28000/44376]	Time 0.764 (1.078)	Data 0.751 (1.060)	Loss 90.3817 (90.3797)
[2018-04-19 22:09:37] Epoch: [4][30000/44376]	Time 2.235 (1.089)	Data 2.217 (1.070)	Loss 90.3744 (90.3797)
[2018-04-19 22:49:56] Epoch: [4][32000/44376]	Time 2.301 (1.096)	Data 2.284 (1.078)	Loss 90.3755 (90.3797)
[2018-04-19 23:29:48] Epoch: [4][34000/44376]	Time 1.372 (1.102)	Data 1.354 (1.084)	Loss 90.3813 (90.3797)
[2018-04-20 00:14:09] Epoch: [4][36000/44376]	Time 2.411 (1.115)	Data 2.391 (1.097)	Loss 90.3814 (90.3797)
[2018-04-20 00:56:51] Epoch: [4][38000/44376]	Time 1.670 (1.124)	Data 1.655 (1.105)	Loss 90.3815 (90.3797)
[2018-04-20 01:41:18] Epoch: [4][40000/44376]	Time 2.393 (1.134)	Data 2.377 (1.116)	Loss 90.3816 (90.3798)
[2018-04-20 02:25:28] Epoch: [4][42000/44376]	Time 0.208 (1.143)	Data 0.192 (1.125)	Loss 90.3815 (90.3798)
[2018-04-20 02:58:22] Epoch: [4][44000/44376]	Time 2.137 (1.136)	Data 2.121 (1.118)	Loss 90.3789 (90.3798)
[2018-04-20 03:07:23] [epoch 4]: loss : 90.37914518324001
[2018-04-20 03:07:23] Evaluate Result:	Acc  49.2	Best 49.2 (4)
[2018-04-20 03:36:49] Epoch: [5][2000/44376]	Time 1.149 (0.879)	Data 1.132 (0.860)	Loss 90.3779 (90.3798)
[2018-04-20 04:08:57] Epoch: [5][4000/44376]	Time 0.809 (0.922)	Data 0.792 (0.903)	Loss 90.3818 (90.3797)
[2018-04-20 04:42:54] Epoch: [5][6000/44376]	Time 0.028 (0.954)	Data 0.000 (0.935)	Loss 90.3801 (90.3797)
[2018-04-20 05:18:29] Epoch: [5][8000/44376]	Time 0.976 (0.982)	Data 0.963 (0.963)	Loss 90.3807 (90.3797)
[2018-04-20 05:57:50] Epoch: [5][10000/44376]	Time 1.641 (1.022)	Data 1.628 (1.003)	Loss 90.3820 (90.3797)
[2018-04-20 06:42:16] Epoch: [5][12000/44376]	Time 1.430 (1.074)	Data 1.418 (1.055)	Loss 90.3807 (90.3797)
