[2018-04-16 16:42:40] [Info] use gpu: 2
[2018-04-16 16:42:40] [Info] init dataset
[2018-04-16 16:42:52] [Load] ../data/glove/glove.6B.300d.txt
[2018-04-16 16:43:11] [Info] embedding size: 300
[2018-04-16 16:43:12] [Info] total parameters: 67M
[2018-04-16 16:43:12] [debug] word embedding filling count: 11539/11898
[2018-04-16 16:43:14] [Info] start training...
[2018-04-16 17:01:09] Epoch: [1][2000/44376]	Time 1.001 (0.537)	Data 0.981 (0.511)	Loss 90.3828 (90.3813)
[2018-04-16 17:17:15] Epoch: [1][4000/44376]	Time 0.623 (0.510)	Data 0.604 (0.485)	Loss 90.3789 (90.3810)
[2018-04-16 17:31:22] Epoch: [1][6000/44376]	Time 0.560 (0.481)	Data 0.544 (0.457)	Loss 90.3826 (90.3809)
[2018-04-16 17:46:13] Epoch: [1][8000/44376]	Time 0.213 (0.472)	Data 0.196 (0.448)	Loss 90.3821 (90.3808)
[2018-04-16 18:01:25] Epoch: [1][10000/44376]	Time 0.039 (0.469)	Data 0.000 (0.445)	Loss 90.3818 (90.3807)
[2018-04-16 18:16:48] Epoch: [1][12000/44376]	Time 0.315 (0.468)	Data 0.298 (0.444)	Loss 90.3723 (90.3807)
[2018-04-16 18:31:58] Epoch: [1][14000/44376]	Time 0.435 (0.466)	Data 0.417 (0.442)	Loss 90.3829 (90.3806)
[2018-04-16 18:45:53] Epoch: [1][16000/44376]	Time 1.085 (0.460)	Data 1.065 (0.436)	Loss 90.3826 (90.3806)
[2018-04-16 18:59:47] Epoch: [1][18000/44376]	Time 0.040 (0.455)	Data 0.000 (0.431)	Loss 90.3827 (90.3806)
[2018-04-16 19:13:58] Epoch: [1][20000/44376]	Time 0.279 (0.452)	Data 0.262 (0.428)	Loss 90.3813 (90.3806)
[2018-04-16 19:28:39] Epoch: [1][22000/44376]	Time 0.630 (0.451)	Data 0.610 (0.427)	Loss 90.3820 (90.3806)
[2018-04-16 19:43:44] Epoch: [1][24000/44376]	Time 0.549 (0.451)	Data 0.526 (0.427)	Loss 90.3825 (90.3805)
[2018-04-16 19:58:56] Epoch: [1][26000/44376]	Time 0.944 (0.452)	Data 0.926 (0.428)	Loss 90.3824 (90.3805)
[2018-04-16 20:14:36] Epoch: [1][28000/44376]	Time 1.031 (0.453)	Data 1.014 (0.429)	Loss 90.3824 (90.3805)
[2018-04-16 20:30:37] Epoch: [1][30000/44376]	Time 0.040 (0.455)	Data 0.000 (0.431)	Loss 90.3806 (90.3805)
[2018-04-16 20:46:46] Epoch: [1][32000/44376]	Time 0.587 (0.457)	Data 0.570 (0.433)	Loss 90.3789 (90.3805)
[2018-04-16 21:03:09] Epoch: [1][34000/44376]	Time 0.041 (0.459)	Data 0.000 (0.435)	Loss 90.3822 (90.3805)
[2018-04-16 21:21:09] Epoch: [1][36000/44376]	Time 0.364 (0.463)	Data 0.347 (0.439)	Loss 90.3818 (90.3805)
[2018-04-16 21:39:08] Epoch: [1][38000/44376]	Time 0.453 (0.467)	Data 0.431 (0.443)	Loss 90.3798 (90.3804)
[2018-04-16 21:57:37] Epoch: [1][40000/44376]	Time 0.040 (0.472)	Data 0.000 (0.448)	Loss 90.3751 (90.3804)
[2018-04-16 22:16:24] Epoch: [1][42000/44376]	Time 0.759 (0.476)	Data 0.738 (0.452)	Loss 90.3757 (90.3804)
[2018-04-16 22:36:57] Epoch: [1][44000/44376]	Time 0.969 (0.482)	Data 0.948 (0.459)	Loss 90.3822 (90.3804)
[2018-04-16 22:42:30] [epoch 1]: loss : 90.37979474032443
[2018-04-16 22:42:30] Evaluate Result:	Acc  44.3	Best 44.3 (1)
[2018-04-16 23:01:04] Epoch: [2][2000/44376]	Time 0.570 (0.554)	Data 0.552 (0.530)	Loss 90.3816 (90.3801)
[2018-04-16 23:20:30] Epoch: [2][4000/44376]	Time 0.443 (0.568)	Data 0.415 (0.545)	Loss 90.3829 (90.3801)
[2018-04-16 23:40:06] Epoch: [2][6000/44376]	Time 1.048 (0.575)	Data 1.028 (0.551)	Loss 90.3827 (90.3801)
[2018-04-16 23:59:41] Epoch: [2][8000/44376]	Time 0.470 (0.578)	Data 0.452 (0.554)	Loss 90.3806 (90.3800)
[2018-04-17 00:19:50] Epoch: [2][10000/44376]	Time 0.039 (0.583)	Data 0.000 (0.560)	Loss 90.3802 (90.3801)
[2018-04-17 00:40:20] Epoch: [2][12000/44376]	Time 1.171 (0.589)	Data 1.154 (0.565)	Loss 90.3781 (90.3800)
[2018-04-17 01:01:15] Epoch: [2][14000/44376]	Time 1.100 (0.594)	Data 1.079 (0.570)	Loss 90.3818 (90.3800)
[2018-04-17 01:22:39] Epoch: [2][16000/44376]	Time 0.846 (0.600)	Data 0.826 (0.576)	Loss 90.3823 (90.3800)
[2018-04-17 01:44:06] Epoch: [2][18000/44376]	Time 1.139 (0.605)	Data 1.120 (0.581)	Loss 90.3816 (90.3800)
[2018-04-17 02:06:24] Epoch: [2][20000/44376]	Time 0.070 (0.611)	Data 0.048 (0.587)	Loss 90.3820 (90.3800)
[2018-04-17 02:28:42] Epoch: [2][22000/44376]	Time 1.452 (0.617)	Data 1.433 (0.593)	Loss 90.3816 (90.3800)
[2018-04-17 02:51:29] Epoch: [2][24000/44376]	Time 1.022 (0.622)	Data 0.996 (0.598)	Loss 90.3803 (90.3800)
[2018-04-17 03:14:36] Epoch: [2][26000/44376]	Time 0.955 (0.628)	Data 0.934 (0.604)	Loss 90.3833 (90.3800)
[2018-04-17 03:37:57] Epoch: [2][28000/44376]	Time 0.039 (0.633)	Data 0.000 (0.609)	Loss 90.3799 (90.3800)
[2018-04-17 04:01:28] Epoch: [2][30000/44376]	Time 0.040 (0.638)	Data 0.000 (0.614)	Loss 90.3827 (90.3800)
[2018-04-17 04:25:18] Epoch: [2][32000/44376]	Time 0.567 (0.643)	Data 0.549 (0.619)	Loss 90.3810 (90.3800)
[2018-04-17 04:49:30] Epoch: [2][34000/44376]	Time 0.974 (0.647)	Data 0.950 (0.623)	Loss 90.3825 (90.3800)
[2018-04-17 05:13:43] Epoch: [2][36000/44376]	Time 0.042 (0.652)	Data 0.000 (0.628)	Loss 90.3787 (90.3800)
[2018-04-17 05:37:55] Epoch: [2][38000/44376]	Time 0.209 (0.656)	Data 0.190 (0.632)	Loss 90.3824 (90.3800)
[2018-04-17 06:01:58] Epoch: [2][40000/44376]	Time 1.244 (0.659)	Data 1.226 (0.635)	Loss 90.3830 (90.3800)
[2018-04-17 06:27:08] Epoch: [2][42000/44376]	Time 0.929 (0.664)	Data 0.910 (0.640)	Loss 90.3820 (90.3800)
[2018-04-17 06:51:43] Epoch: [2][44000/44376]	Time 1.034 (0.667)	Data 1.010 (0.643)	Loss 90.3812 (90.3800)
[2018-04-17 06:58:09] [epoch 2]: loss : 90.37938803080849
[2018-04-17 06:58:09] Evaluate Result:	Acc  46.5	Best 46.5 (2)
[2018-04-17 07:21:53] Epoch: [3][2000/44376]	Time 0.254 (0.710)	Data 0.234 (0.686)	Loss 90.3787 (90.3799)
[2018-04-17 07:47:59] Epoch: [3][4000/44376]	Time 0.945 (0.747)	Data 0.917 (0.722)	Loss 90.3821 (90.3798)
[2018-04-17 08:16:46] Epoch: [3][6000/44376]	Time 0.040 (0.786)	Data 0.000 (0.761)	Loss 90.3811 (90.3798)
[2018-04-17 08:43:57] Epoch: [3][8000/44376]	Time 1.447 (0.793)	Data 1.426 (0.769)	Loss 90.3813 (90.3798)
[2018-04-17 09:10:45] Epoch: [3][10000/44376]	Time 0.767 (0.795)	Data 0.746 (0.771)	Loss 90.3798 (90.3798)
[2018-04-17 09:37:58] Epoch: [3][12000/44376]	Time 0.193 (0.799)	Data 0.169 (0.774)	Loss 90.3788 (90.3798)
[2018-04-17 10:05:00] Epoch: [3][14000/44376]	Time 0.191 (0.800)	Data 0.168 (0.776)	Loss 90.3825 (90.3798)
[2018-04-17 10:32:11] Epoch: [3][16000/44376]	Time 0.446 (0.802)	Data 0.425 (0.778)	Loss 90.3814 (90.3798)
[2018-04-17 10:59:15] Epoch: [3][18000/44376]	Time 0.398 (0.803)	Data 0.381 (0.779)	Loss 90.3805 (90.3798)
[2018-04-17 11:26:36] Epoch: [3][20000/44376]	Time 0.985 (0.805)	Data 0.965 (0.781)	Loss 90.3794 (90.3798)
[2018-04-17 11:54:01] Epoch: [3][22000/44376]	Time 0.039 (0.807)	Data 0.000 (0.782)	Loss 90.3810 (90.3798)
[2018-04-17 12:20:45] Epoch: [3][24000/44376]	Time 1.078 (0.806)	Data 1.056 (0.782)	Loss 90.3812 (90.3798)
[2018-04-17 12:47:38] Epoch: [3][26000/44376]	Time 0.205 (0.806)	Data 0.181 (0.782)	Loss 90.3813 (90.3798)
[2018-04-17 13:14:25] Epoch: [3][28000/44376]	Time 0.726 (0.806)	Data 0.698 (0.782)	Loss 90.3571 (90.3798)
[2018-04-17 13:42:04] Epoch: [3][30000/44376]	Time 0.666 (0.808)	Data 0.648 (0.783)	Loss 90.3781 (90.3798)
[2018-04-17 14:08:54] Epoch: [3][32000/44376]	Time 0.972 (0.808)	Data 0.953 (0.783)	Loss 90.3794 (90.3798)
[2018-04-17 14:35:42] Epoch: [3][34000/44376]	Time 0.485 (0.807)	Data 0.465 (0.783)	Loss 90.3765 (90.3798)
[2018-04-17 15:04:03] Epoch: [3][36000/44376]	Time 1.107 (0.810)	Data 1.085 (0.785)	Loss 90.3816 (90.3798)
[2018-04-17 15:30:28] Epoch: [3][38000/44376]	Time 0.348 (0.809)	Data 0.326 (0.784)	Loss 90.3798 (90.3798)
[2018-04-17 15:56:09] Epoch: [3][40000/44376]	Time 1.006 (0.807)	Data 0.984 (0.782)	Loss 90.3815 (90.3798)
[2018-04-17 16:21:55] Epoch: [3][42000/44376]	Time 0.041 (0.805)	Data 0.000 (0.781)	Loss 90.3804 (90.3798)
[2018-04-17 16:47:57] Epoch: [3][44000/44376]	Time 0.721 (0.804)	Data 0.701 (0.780)	Loss 90.3690 (90.3798)
[2018-04-17 16:55:07] [epoch 3]: loss : 90.37920393195049
[2018-04-17 16:55:07] Evaluate Result:	Acc  52.2	Best 52.2 (3)
[2018-04-17 17:20:02] Epoch: [4][2000/44376]	Time 0.040 (0.745)	Data 0.000 (0.721)	Loss 90.3736 (90.3795)
[2018-04-17 17:45:52] Epoch: [4][4000/44376]	Time 0.895 (0.760)	Data 0.873 (0.736)	Loss 90.3823 (90.3796)
[2018-04-17 18:11:47] Epoch: [4][6000/44376]	Time 1.294 (0.766)	Data 1.269 (0.742)	Loss 90.3815 (90.3796)
[2018-04-17 18:38:00] Epoch: [4][8000/44376]	Time 0.638 (0.771)	Data 0.619 (0.747)	Loss 90.3819 (90.3797)
[2018-04-17 19:04:13] Epoch: [4][10000/44376]	Time 1.284 (0.774)	Data 1.261 (0.750)	Loss 90.3783 (90.3797)
[2018-04-17 19:30:41] Epoch: [4][12000/44376]	Time 1.567 (0.777)	Data 1.545 (0.753)	Loss 90.3810 (90.3797)
[2018-04-17 19:56:42] Epoch: [4][14000/44376]	Time 0.053 (0.778)	Data 0.033 (0.754)	Loss 90.3810 (90.3797)
[2018-04-17 20:22:50] Epoch: [4][16000/44376]	Time 0.672 (0.779)	Data 0.646 (0.754)	Loss 90.3778 (90.3797)
[2018-04-17 20:49:07] Epoch: [4][18000/44376]	Time 0.721 (0.780)	Data 0.701 (0.755)	Loss 90.3821 (90.3797)
[2018-04-17 21:15:23] Epoch: [4][20000/44376]	Time 0.042 (0.781)	Data 0.000 (0.756)	Loss 90.3821 (90.3797)
[2018-04-17 21:41:23] Epoch: [4][22000/44376]	Time 1.037 (0.781)	Data 1.018 (0.756)	Loss 90.3810 (90.3797)
[2018-04-17 22:07:18] Epoch: [4][24000/44376]	Time 0.857 (0.780)	Data 0.839 (0.756)	Loss 90.3807 (90.3797)
[2018-04-17 22:33:07] Epoch: [4][26000/44376]	Time 0.254 (0.780)	Data 0.236 (0.756)	Loss 90.3821 (90.3797)
[2018-04-17 22:59:03] Epoch: [4][28000/44376]	Time 0.645 (0.780)	Data 0.623 (0.755)	Loss 90.3820 (90.3797)
[2018-04-17 23:25:02] Epoch: [4][30000/44376]	Time 0.197 (0.780)	Data 0.169 (0.755)	Loss 90.3818 (90.3797)
[2018-04-17 23:51:12] Epoch: [4][32000/44376]	Time 0.361 (0.780)	Data 0.341 (0.756)	Loss 90.3821 (90.3797)
[2018-04-18 00:17:10] Epoch: [4][34000/44376]	Time 0.042 (0.780)	Data 0.014 (0.756)	Loss 90.3787 (90.3797)
[2018-04-18 00:44:06] Epoch: [4][36000/44376]	Time 1.879 (0.781)	Data 1.857 (0.757)	Loss 90.3792 (90.3797)
[2018-04-18 01:09:44] Epoch: [4][38000/44376]	Time 0.128 (0.781)	Data 0.105 (0.757)	Loss 90.3824 (90.3797)
[2018-04-18 01:39:00] Epoch: [4][40000/44376]	Time 0.043 (0.786)	Data 0.012 (0.761)	Loss 90.3820 (90.3797)
[2018-04-18 01:58:18] Epoch: [4][42000/44376]	Time 0.579 (0.776)	Data 0.560 (0.752)	Loss 90.3812 (90.3797)
[2018-04-18 02:09:23] Epoch: [4][44000/44376]	Time 0.040 (0.756)	Data 0.000 (0.731)	Loss 90.3818 (90.3797)
[2018-04-18 02:12:14] [epoch 4]: loss : 90.37907813935102
[2018-04-18 02:12:14] Evaluate Result:	Acc  48.7	Best 52.2 (3)
[2018-04-18 02:17:51] Epoch: [5][2000/44376]	Time 0.040 (0.165)	Data 0.000 (0.138)	Loss 90.3801 (90.3795)
[2018-04-18 02:22:10] Epoch: [5][4000/44376]	Time 0.357 (0.147)	Data 0.332 (0.119)	Loss 90.3785 (90.3795)
[2018-04-18 02:26:54] Epoch: [5][6000/44376]	Time 0.107 (0.146)	Data 0.090 (0.107)	Loss 90.3812 (90.3795)
[2018-04-18 02:29:47] Epoch: [5][8000/44376]	Time 0.040 (0.131)	Data 0.000 (0.094)	Loss 90.3794 (90.3796)
[2018-04-18 02:33:12] Epoch: [5][10000/44376]	Time 0.042 (0.125)	Data 0.000 (0.084)	Loss 90.3771 (90.3796)
[2018-04-18 02:35:11] Epoch: [5][12000/44376]	Time 0.043 (0.114)	Data 0.000 (0.073)	Loss 90.3753 (90.3796)
