[2018-04-18 15:33:52] [Info] use gpu: 1
[2018-04-18 15:33:52] [Info] init dataset
[2018-04-18 15:47:50] [Load] ../data/glove/glove.6B.300d.txt
[2018-04-18 15:49:48] [Info] embedding size: 300
[2018-04-18 15:49:50] [Info] total parameters: 42M
[2018-04-18 15:49:51] [debug] word embedding filling count: 11539/11898
[2018-04-18 15:50:18] [Info] start training...
[2018-04-18 16:23:03] Epoch: [1][2000/44376]	Time 1.139 (0.982)	Data 1.112 (0.952)	Loss 90.3827 (90.3824)
[2018-04-18 16:52:58] Epoch: [1][4000/44376]	Time 0.602 (0.940)	Data 0.579 (0.911)	Loss 90.3835 (90.3824)
[2018-04-18 17:15:18] Epoch: [1][6000/44376]	Time 1.298 (0.850)	Data 1.275 (0.822)	Loss 90.3828 (90.3823)
[2018-04-18 17:39:28] Epoch: [1][8000/44376]	Time 0.821 (0.819)	Data 0.799 (0.791)	Loss 90.3818 (90.3819)
[2018-04-18 18:03:14] Epoch: [1][10000/44376]	Time 1.513 (0.798)	Data 1.488 (0.770)	Loss 90.3811 (90.3817)
[2018-04-18 18:27:45] Epoch: [1][12000/44376]	Time 0.044 (0.787)	Data 0.000 (0.759)	Loss 90.3824 (90.3815)
[2018-04-18 18:53:35] Epoch: [1][14000/44376]	Time 0.037 (0.785)	Data 0.000 (0.758)	Loss 90.3760 (90.3813)
[2018-04-18 19:20:55] Epoch: [1][16000/44376]	Time 1.046 (0.790)	Data 1.021 (0.762)	Loss 90.3819 (90.3812)
[2018-04-18 19:47:39] Epoch: [1][18000/44376]	Time 0.040 (0.791)	Data 0.000 (0.764)	Loss 90.3824 (90.3812)
[2018-04-18 20:15:09] Epoch: [1][20000/44376]	Time 0.685 (0.795)	Data 0.657 (0.767)	Loss 90.3831 (90.3811)
[2018-04-18 20:43:14] Epoch: [1][22000/44376]	Time 0.551 (0.799)	Data 0.524 (0.771)	Loss 90.3822 (90.3810)
[2018-04-18 21:12:37] Epoch: [1][24000/44376]	Time 1.607 (0.806)	Data 1.585 (0.778)	Loss 90.3809 (90.3810)
[2018-04-18 21:49:23] Epoch: [1][26000/44376]	Time 0.055 (0.829)	Data 0.000 (0.801)	Loss 90.3815 (90.3809)
[2018-04-18 22:33:45] Epoch: [1][28000/44376]	Time 0.503 (0.865)	Data 0.480 (0.836)	Loss 90.3687 (90.3809)
[2018-04-18 23:14:30] Epoch: [1][30000/44376]	Time 2.623 (0.888)	Data 2.601 (0.860)	Loss 90.3771 (90.3809)
[2018-04-18 23:55:31] Epoch: [1][32000/44376]	Time 1.488 (0.910)	Data 1.463 (0.881)	Loss 90.3820 (90.3808)
[2018-04-19 00:36:11] Epoch: [1][34000/44376]	Time 0.038 (0.928)	Data 0.000 (0.900)	Loss 90.3763 (90.3808)
[2018-04-19 01:17:13] Epoch: [1][36000/44376]	Time 2.524 (0.945)	Data 2.498 (0.916)	Loss 90.3714 (90.3808)
[2018-04-19 01:56:30] Epoch: [1][38000/44376]	Time 1.745 (0.957)	Data 1.722 (0.929)	Loss 90.3786 (90.3807)
[2018-04-19 02:38:01] Epoch: [1][40000/44376]	Time 1.841 (0.972)	Data 1.820 (0.943)	Loss 90.3816 (90.3807)
[2018-04-19 03:19:46] Epoch: [1][42000/44376]	Time 2.699 (0.985)	Data 2.670 (0.957)	Loss 90.3826 (90.3807)
[2018-04-19 03:48:02] Epoch: [1][44000/44376]	Time 0.689 (0.979)	Data 0.666 (0.950)	Loss 90.3825 (90.3807)
[2018-04-19 03:56:18] [epoch 1]: loss : 90.38006601244217
[2018-04-19 03:56:18] Evaluate Result:	Acc  39.9	Best 39.9 (1)
[2018-04-19 04:23:32] Epoch: [2][2000/44376]	Time 0.043 (0.814)	Data 0.000 (0.786)	Loss 90.3810 (90.3800)
[2018-04-19 04:53:44] Epoch: [2][4000/44376]	Time 0.933 (0.860)	Data 0.908 (0.832)	Loss 90.3815 (90.3800)
[2018-04-19 05:24:57] Epoch: [2][6000/44376]	Time 0.742 (0.886)	Data 0.715 (0.858)	Loss 90.3820 (90.3801)
[2018-04-19 05:57:21] Epoch: [2][8000/44376]	Time 0.857 (0.907)	Data 0.833 (0.880)	Loss 90.3805 (90.3801)
[2018-04-19 06:31:45] Epoch: [2][10000/44376]	Time 0.043 (0.932)	Data 0.000 (0.905)	Loss 90.3766 (90.3801)
[2018-04-19 07:07:23] Epoch: [2][12000/44376]	Time 0.614 (0.955)	Data 0.586 (0.927)	Loss 90.3717 (90.3801)
[2018-04-19 07:46:02] Epoch: [2][14000/44376]	Time 1.970 (0.984)	Data 1.945 (0.957)	Loss 90.3686 (90.3801)
[2018-04-19 08:30:45] Epoch: [2][16000/44376]	Time 0.924 (1.029)	Data 0.900 (1.001)	Loss 90.3701 (90.3801)
[2018-04-19 09:11:00] Epoch: [2][18000/44376]	Time 0.043 (1.049)	Data 0.000 (1.021)	Loss 90.3769 (90.3801)
[2018-04-19 09:49:33] Epoch: [2][20000/44376]	Time 0.787 (1.059)	Data 0.761 (1.032)	Loss 90.3833 (90.3801)
[2018-04-19 10:29:55] Epoch: [2][22000/44376]	Time 1.034 (1.073)	Data 1.007 (1.045)	Loss 90.3738 (90.3801)
[2018-04-19 11:11:28] Epoch: [2][24000/44376]	Time 1.252 (1.088)	Data 1.224 (1.060)	Loss 90.3825 (90.3801)
[2018-04-19 12:00:21] Epoch: [2][26000/44376]	Time 1.006 (1.117)	Data 0.985 (1.088)	Loss 90.3799 (90.3801)
[2018-04-19 12:40:58] Epoch: [2][28000/44376]	Time 0.648 (1.124)	Data 0.626 (1.096)	Loss 90.3813 (90.3801)
[2018-04-19 13:20:38] Epoch: [2][30000/44376]	Time 0.042 (1.128)	Data 0.000 (1.100)	Loss 90.3751 (90.3801)
[2018-04-19 14:00:02] Epoch: [2][32000/44376]	Time 2.615 (1.132)	Data 2.592 (1.103)	Loss 90.3771 (90.3801)
[2018-04-19 14:39:51] Epoch: [2][34000/44376]	Time 0.454 (1.136)	Data 0.430 (1.107)	Loss 90.3823 (90.3801)
[2018-04-19 15:21:17] Epoch: [2][36000/44376]	Time 2.301 (1.141)	Data 2.279 (1.113)	Loss 90.3745 (90.3801)
[2018-04-19 16:02:38] Epoch: [2][38000/44376]	Time 0.042 (1.147)	Data 0.000 (1.118)	Loss 90.3823 (90.3801)
[2018-04-19 16:44:43] Epoch: [2][40000/44376]	Time 2.116 (1.152)	Data 2.088 (1.124)	Loss 90.3775 (90.3801)
[2018-04-19 17:16:40] Epoch: [2][42000/44376]	Time 0.730 (1.143)	Data 0.710 (1.115)	Loss 90.3781 (90.3801)
[2018-04-19 17:48:40] Epoch: [2][44000/44376]	Time 1.511 (1.135)	Data 1.467 (1.107)	Loss 90.3808 (90.3801)
[2018-04-19 17:57:45] [epoch 2]: loss : 90.37945108652674
[2018-04-19 17:57:45] Evaluate Result:	Acc  46.3	Best 46.3 (2)
[2018-04-19 18:27:29] Epoch: [3][2000/44376]	Time 0.044 (0.889)	Data 0.000 (0.861)	Loss 90.3820 (90.3799)
[2018-04-19 19:01:43] Epoch: [3][4000/44376]	Time 0.972 (0.958)	Data 0.944 (0.931)	Loss 90.3777 (90.3799)
[2018-04-19 19:29:30] Epoch: [3][6000/44376]	Time 0.799 (0.917)	Data 0.772 (0.889)	Loss 90.3810 (90.3799)
[2018-04-19 19:55:12] Epoch: [3][8000/44376]	Time 1.253 (0.880)	Data 1.229 (0.853)	Loss 90.3802 (90.3799)
[2018-04-19 20:24:34] Epoch: [3][10000/44376]	Time 0.985 (0.880)	Data 0.966 (0.853)	Loss 90.3758 (90.3799)
[2018-04-19 20:51:32] Epoch: [3][12000/44376]	Time 0.328 (0.868)	Data 0.299 (0.841)	Loss 90.3818 (90.3799)
[2018-04-19 21:27:14] Epoch: [3][14000/44376]	Time 0.542 (0.897)	Data 0.523 (0.870)	Loss 90.3783 (90.3799)
[2018-04-19 22:05:48] Epoch: [3][16000/44376]	Time 1.966 (0.930)	Data 1.941 (0.903)	Loss 90.3799 (90.3799)
[2018-04-19 22:43:52] Epoch: [3][18000/44376]	Time 0.042 (0.953)	Data 0.000 (0.926)	Loss 90.3820 (90.3799)
[2018-04-19 23:22:09] Epoch: [3][20000/44376]	Time 1.179 (0.973)	Data 1.154 (0.946)	Loss 90.3713 (90.3799)
[2018-04-20 00:04:13] Epoch: [3][22000/44376]	Time 1.400 (0.999)	Data 1.373 (0.972)	Loss 90.3817 (90.3799)
[2018-04-20 00:45:01] Epoch: [3][24000/44376]	Time 2.279 (1.018)	Data 2.254 (0.991)	Loss 90.3819 (90.3799)
[2018-04-20 01:27:33] Epoch: [3][26000/44376]	Time 1.844 (1.038)	Data 1.823 (1.010)	Loss 90.3698 (90.3799)
[2018-04-20 02:09:46] Epoch: [3][28000/44376]	Time 1.386 (1.054)	Data 1.363 (1.027)	Loss 90.3765 (90.3799)
[2018-04-20 02:47:20] Epoch: [3][30000/44376]	Time 0.040 (1.059)	Data 0.000 (1.032)	Loss 90.3779 (90.3799)
[2018-04-20 03:17:36] Epoch: [3][32000/44376]	Time 0.569 (1.050)	Data 0.543 (1.022)	Loss 90.3799 (90.3799)
[2018-04-20 03:48:51] Epoch: [3][34000/44376]	Time 1.078 (1.043)	Data 1.049 (1.016)	Loss 90.3787 (90.3799)
[2018-04-20 04:21:25] Epoch: [3][36000/44376]	Time 0.541 (1.039)	Data 0.518 (1.012)	Loss 90.3818 (90.3799)
[2018-04-20 04:55:39] Epoch: [3][38000/44376]	Time 1.362 (1.039)	Data 1.335 (1.011)	Loss 90.3793 (90.3799)
[2018-04-20 05:32:14] Epoch: [3][40000/44376]	Time 0.999 (1.042)	Data 0.973 (1.014)	Loss 90.3806 (90.3799)
[2018-04-20 06:13:39] Epoch: [3][42000/44376]	Time 1.302 (1.051)	Data 1.276 (1.024)	Loss 90.3821 (90.3799)
[2018-04-20 06:48:15] Epoch: [3][44000/44376]	Time 0.318 (1.051)	Data 0.291 (1.023)	Loss 90.3803 (90.3799)
[2018-04-20 06:52:32] [epoch 3]: loss : 90.37927089804289
[2018-04-20 06:52:32] Evaluate Result:	Acc  46.2	Best 46.3 (2)
[2018-04-20 07:04:15] Epoch: [4][2000/44376]	Time 0.105 (0.348)	Data 0.081 (0.321)	Loss 90.3807 (90.3799)
[2018-04-20 07:12:21] Epoch: [4][4000/44376]	Time 0.242 (0.296)	Data 0.223 (0.269)	Loss 90.3792 (90.3798)
[2018-04-20 07:18:49] Epoch: [4][6000/44376]	Time 0.104 (0.262)	Data 0.083 (0.235)	Loss 90.3820 (90.3797)
[2018-04-20 07:24:17] Epoch: [4][8000/44376]	Time 0.370 (0.237)	Data 0.345 (0.210)	Loss 90.3770 (90.3798)
[2018-04-20 07:28:45] Epoch: [4][10000/44376]	Time 0.049 (0.217)	Data 0.000 (0.189)	Loss 90.3822 (90.3798)
[2018-04-20 07:32:28] Epoch: [4][12000/44376]	Time 0.041 (0.199)	Data 0.000 (0.171)	Loss 90.3770 (90.3798)
[2018-04-20 07:35:48] Epoch: [4][14000/44376]	Time 0.171 (0.185)	Data 0.146 (0.156)	Loss 90.3803 (90.3798)
[2018-04-20 07:40:03] Epoch: [4][16000/44376]	Time 0.207 (0.178)	Data 0.184 (0.149)	Loss 90.3824 (90.3798)
[2018-04-20 07:44:55] Epoch: [4][18000/44376]	Time 0.178 (0.174)	Data 0.156 (0.145)	Loss 90.3727 (90.3798)
[2018-04-20 07:49:57] Epoch: [4][20000/44376]	Time 0.039 (0.172)	Data 0.000 (0.143)	Loss 90.3812 (90.3798)
[2018-04-20 07:55:38] Epoch: [4][22000/44376]	Time 0.042 (0.172)	Data 0.000 (0.143)	Loss 90.3813 (90.3798)
[2018-04-20 08:02:26] Epoch: [4][24000/44376]	Time 0.041 (0.174)	Data 0.000 (0.145)	Loss 90.3818 (90.3798)
[2018-04-20 08:08:59] Epoch: [4][26000/44376]	Time 0.040 (0.176)	Data 0.000 (0.147)	Loss 90.3683 (90.3798)
[2018-04-20 08:15:10] Epoch: [4][28000/44376]	Time 0.040 (0.177)	Data 0.000 (0.148)	Loss 90.3817 (90.3798)
[2018-04-20 08:21:40] Epoch: [4][30000/44376]	Time 0.042 (0.178)	Data 0.000 (0.149)	Loss 90.3816 (90.3798)
[2018-04-20 08:27:38] Epoch: [4][32000/44376]	Time 0.041 (0.178)	Data 0.000 (0.149)	Loss 90.3817 (90.3798)
[2018-04-20 08:34:08] Epoch: [4][34000/44376]	Time 0.114 (0.179)	Data 0.096 (0.150)	Loss 90.3829 (90.3797)
[2018-04-20 08:40:36] Epoch: [4][36000/44376]	Time 0.187 (0.180)	Data 0.166 (0.151)	Loss 90.3816 (90.3798)
[2018-04-20 08:47:52] Epoch: [4][38000/44376]	Time 0.325 (0.182)	Data 0.304 (0.153)	Loss 90.3803 (90.3797)
[2018-04-20 08:54:40] Epoch: [4][40000/44376]	Time 0.791 (0.183)	Data 0.764 (0.154)	Loss 90.3781 (90.3797)
[2018-04-20 09:01:45] Epoch: [4][42000/44376]	Time 0.040 (0.184)	Data 0.000 (0.156)	Loss 90.3818 (90.3798)
[2018-04-20 09:07:30] Epoch: [4][44000/44376]	Time 0.088 (0.184)	Data 0.068 (0.155)	Loss 90.3793 (90.3798)
[2018-04-20 09:09:30] [epoch 4]: loss : 90.37914898865327
[2018-04-20 09:09:30] Evaluate Result:	Acc  46.6	Best 46.6 (4)
[2018-04-20 09:13:54] Epoch: [5][2000/44376]	Time 0.042 (0.129)	Data 0.000 (0.100)	Loss 90.3767 (90.3796)
[2018-04-20 09:18:50] Epoch: [5][4000/44376]	Time 0.215 (0.139)	Data 0.191 (0.110)	Loss 90.3807 (90.3796)
[2018-04-20 09:24:35] Epoch: [5][6000/44376]	Time 0.257 (0.150)	Data 0.235 (0.121)	Loss 90.3820 (90.3797)
[2018-04-20 09:30:44] Epoch: [5][8000/44376]	Time 0.056 (0.159)	Data 0.036 (0.130)	Loss 90.3785 (90.3797)
[2018-04-20 09:36:43] Epoch: [5][10000/44376]	Time 0.042 (0.163)	Data 0.000 (0.135)	Loss 90.3819 (90.3797)
[2018-04-20 09:42:07] Epoch: [5][12000/44376]	Time 0.244 (0.163)	Data 0.220 (0.134)	Loss 90.3772 (90.3797)
