[2018-04-20 21:15:27] [Info] use gpu: 3
[2018-04-20 21:15:27] [Info] init dataset
[2018-04-20 21:17:55] [Load] ../data/glove/glove.6B.300d.txt
[2018-04-20 21:18:22] [Info] embedding size: 300
[2018-04-20 21:18:23] [Info] total parameters: 42M
[2018-04-20 21:18:23] [debug] word embedding filling count: 11539/11898
[2018-04-20 21:18:29] [Info] start training...
[2018-04-20 21:29:44] Epoch: [1][2000/44376]	Time 0.553 (0.337)	Data 0.517 (0.302)	Loss 90.3827 (90.3824)
[2018-04-20 21:38:04] Epoch: [1][4000/44376]	Time 0.089 (0.294)	Data 0.059 (0.260)	Loss 90.3834 (90.3824)
[2018-04-20 21:44:44] Epoch: [1][6000/44376]	Time 0.253 (0.263)	Data 0.222 (0.228)	Loss 90.3823 (90.3821)
[2018-04-20 21:50:20] Epoch: [1][8000/44376]	Time 0.047 (0.239)	Data 0.000 (0.204)	Loss 90.3819 (90.3817)
[2018-04-20 21:55:01] Epoch: [1][10000/44376]	Time 0.327 (0.219)	Data 0.286 (0.184)	Loss 90.3810 (90.3815)
[2018-04-20 22:00:08] Epoch: [1][12000/44376]	Time 0.085 (0.208)	Data 0.059 (0.173)	Loss 90.3824 (90.3814)
[2018-04-20 22:05:10] Epoch: [1][14000/44376]	Time 0.051 (0.200)	Data 0.000 (0.165)	Loss 90.3763 (90.3813)
[2018-04-20 22:09:59] Epoch: [1][16000/44376]	Time 0.054 (0.193)	Data 0.000 (0.157)	Loss 90.3820 (90.3812)
[2018-04-20 22:14:40] Epoch: [1][18000/44376]	Time 0.056 (0.187)	Data 0.031 (0.152)	Loss 90.3824 (90.3811)
[2018-04-20 22:19:30] Epoch: [1][20000/44376]	Time 0.049 (0.183)	Data 0.000 (0.147)	Loss 90.3831 (90.3810)
[2018-04-20 22:23:51] Epoch: [1][22000/44376]	Time 0.051 (0.178)	Data 0.000 (0.142)	Loss 90.3822 (90.3810)
[2018-04-20 22:27:43] Epoch: [1][24000/44376]	Time 0.145 (0.173)	Data 0.117 (0.137)	Loss 90.3808 (90.3809)
[2018-04-20 22:30:49] Epoch: [1][26000/44376]	Time 0.046 (0.167)	Data 0.000 (0.130)	Loss 90.3816 (90.3809)
[2018-04-20 22:33:43] Epoch: [1][28000/44376]	Time 0.062 (0.161)	Data 0.000 (0.124)	Loss 90.3689 (90.3808)
[2018-04-20 22:35:43] Epoch: [1][30000/44376]	Time 0.052 (0.154)	Data 0.000 (0.117)	Loss 90.3773 (90.3808)
[2018-04-20 22:38:25] Epoch: [1][32000/44376]	Time 0.057 (0.150)	Data 0.000 (0.111)	Loss 90.3820 (90.3808)
[2018-04-20 22:41:44] Epoch: [1][34000/44376]	Time 0.264 (0.147)	Data 0.237 (0.108)	Loss 90.3765 (90.3808)
[2018-04-20 22:44:35] Epoch: [1][36000/44376]	Time 0.059 (0.144)	Data 0.000 (0.105)	Loss 90.3709 (90.3807)
[2018-04-20 22:48:31] Epoch: [1][38000/44376]	Time 0.053 (0.142)	Data 0.006 (0.103)	Loss 90.3788 (90.3807)
[2018-04-20 22:52:10] Epoch: [1][40000/44376]	Time 0.266 (0.141)	Data 0.236 (0.101)	Loss 90.3814 (90.3807)
[2018-04-20 22:55:44] Epoch: [1][42000/44376]	Time 0.262 (0.139)	Data 0.233 (0.100)	Loss 90.3827 (90.3807)
[2018-04-20 22:59:32] Epoch: [1][44000/44376]	Time 0.055 (0.138)	Data 0.000 (0.099)	Loss 90.3825 (90.3807)
[2018-04-20 23:22:21] [epoch 1]: loss : 90.38004456070149
[2018-04-20 23:22:22] Evaluate Result:	Acc  41.714	Best 41.714 (1)
[2018-04-20 23:33:02] Epoch: [2][2000/44376]	Time 0.251 (0.318)	Data 0.225 (0.284)	Loss 90.3810 (90.3801)
[2018-04-20 23:41:46] Epoch: [2][4000/44376]	Time 0.052 (0.290)	Data 0.000 (0.256)	Loss 90.3809 (90.3801)
[2018-04-20 23:49:01] Epoch: [2][6000/44376]	Time 0.053 (0.266)	Data 0.000 (0.231)	Loss 90.3807 (90.3801)
[2018-04-20 23:55:21] Epoch: [2][8000/44376]	Time 0.051 (0.247)	Data 0.000 (0.212)	Loss 90.3812 (90.3801)
[2018-04-21 00:00:30] Epoch: [2][10000/44376]	Time 0.317 (0.228)	Data 0.290 (0.193)	Loss 90.3831 (90.3801)
[2018-04-21 00:04:38] Epoch: [2][12000/44376]	Time 0.121 (0.211)	Data 0.087 (0.175)	Loss 90.3831 (90.3801)
[2018-04-21 00:08:04] Epoch: [2][14000/44376]	Time 0.055 (0.196)	Data 0.030 (0.159)	Loss 90.3818 (90.3801)
[2018-04-21 00:11:00] Epoch: [2][16000/44376]	Time 0.050 (0.182)	Data 0.000 (0.145)	Loss 90.3781 (90.3801)
[2018-04-21 00:13:54] Epoch: [2][18000/44376]	Time 0.052 (0.172)	Data 0.000 (0.134)	Loss 90.3822 (90.3801)
[2018-04-21 00:16:44] Epoch: [2][20000/44376]	Time 0.052 (0.163)	Data 0.000 (0.125)	Loss 90.3795 (90.3801)
[2018-04-21 00:19:27] Epoch: [2][22000/44376]	Time 0.054 (0.156)	Data 0.000 (0.117)	Loss 90.3812 (90.3801)
[2018-04-21 00:21:56] Epoch: [2][24000/44376]	Time 0.354 (0.149)	Data 0.326 (0.110)	Loss 90.3812 (90.3801)
[2018-04-21 00:24:25] Epoch: [2][26000/44376]	Time 0.051 (0.143)	Data 0.000 (0.104)	Loss 90.3784 (90.3801)
[2018-04-21 00:26:41] Epoch: [2][28000/44376]	Time 0.052 (0.138)	Data 0.000 (0.098)	Loss 90.3763 (90.3801)
[2018-04-21 00:28:41] Epoch: [2][30000/44376]	Time 0.117 (0.132)	Data 0.089 (0.092)	Loss 90.3818 (90.3801)
[2018-04-21 00:30:31] Epoch: [2][32000/44376]	Time 0.049 (0.128)	Data 0.000 (0.087)	Loss 90.3822 (90.3801)
[2018-04-21 00:32:21] Epoch: [2][34000/44376]	Time 0.052 (0.123)	Data 0.000 (0.082)	Loss 90.3793 (90.3801)
[2018-04-21 00:34:50] Epoch: [2][36000/44376]	Time 0.049 (0.121)	Data 0.000 (0.079)	Loss 90.3818 (90.3801)
[2018-04-21 00:37:20] Epoch: [2][38000/44376]	Time 0.062 (0.118)	Data 0.029 (0.076)	Loss 90.3775 (90.3801)
[2018-04-21 00:39:44] Epoch: [2][40000/44376]	Time 0.052 (0.116)	Data 0.008 (0.074)	Loss 90.3825 (90.3801)
[2018-04-21 00:42:01] Epoch: [2][42000/44376]	Time 0.051 (0.114)	Data 0.000 (0.071)	Loss 90.3814 (90.3801)
[2018-04-21 00:44:05] Epoch: [2][44000/44376]	Time 0.052 (0.111)	Data 0.000 (0.069)	Loss 90.3715 (90.3801)
[2018-04-21 01:08:14] [epoch 2]: loss : 90.37947314576843
[2018-04-21 01:08:14] Evaluate Result:	Acc  44.437	Best 44.437 (2)
[2018-04-21 01:17:32] Epoch: [3][2000/44376]	Time 0.050 (0.277)	Data 0.000 (0.242)	Loss 90.3813 (90.3800)
[2018-04-21 01:25:23] Epoch: [3][4000/44376]	Time 0.049 (0.256)	Data 0.000 (0.222)	Loss 90.3744 (90.3799)
[2018-04-21 01:32:10] Epoch: [3][6000/44376]	Time 0.051 (0.239)	Data 0.000 (0.204)	Loss 90.3815 (90.3799)
[2018-04-21 01:37:40] Epoch: [3][8000/44376]	Time 0.220 (0.220)	Data 0.186 (0.185)	Loss 90.3731 (90.3799)
[2018-04-21 01:42:17] Epoch: [3][10000/44376]	Time 0.129 (0.204)	Data 0.098 (0.169)	Loss 90.3813 (90.3799)
[2018-04-21 01:46:09] Epoch: [3][12000/44376]	Time 0.052 (0.189)	Data 0.000 (0.153)	Loss 90.3820 (90.3799)
[2018-04-21 01:49:21] Epoch: [3][14000/44376]	Time 0.051 (0.176)	Data 0.000 (0.139)	Loss 90.3778 (90.3799)
[2018-04-21 01:52:27] Epoch: [3][16000/44376]	Time 0.187 (0.166)	Data 0.153 (0.128)	Loss 90.3822 (90.3799)
[2018-04-21 01:55:03] Epoch: [3][18000/44376]	Time 0.207 (0.156)	Data 0.180 (0.118)	Loss 90.3811 (90.3799)
[2018-04-21 01:57:40] Epoch: [3][20000/44376]	Time 0.052 (0.148)	Data 0.000 (0.109)	Loss 90.3814 (90.3799)
[2018-04-21 02:00:24] Epoch: [3][22000/44376]	Time 0.060 (0.142)	Data 0.027 (0.103)	Loss 90.3767 (90.3799)
[2018-04-21 02:03:09] Epoch: [3][24000/44376]	Time 0.303 (0.137)	Data 0.278 (0.098)	Loss 90.3822 (90.3799)
[2018-04-21 02:06:17] Epoch: [3][26000/44376]	Time 0.057 (0.134)	Data 0.000 (0.094)	Loss 90.3789 (90.3799)
[2018-04-21 02:09:12] Epoch: [3][28000/44376]	Time 0.055 (0.130)	Data 0.000 (0.090)	Loss 90.3783 (90.3799)
[2018-04-21 02:12:01] Epoch: [3][30000/44376]	Time 0.112 (0.127)	Data 0.085 (0.087)	Loss 90.3817 (90.3799)
[2018-04-21 02:14:50] Epoch: [3][32000/44376]	Time 0.053 (0.125)	Data 0.000 (0.084)	Loss 90.3782 (90.3799)
[2018-04-21 02:17:23] Epoch: [3][34000/44376]	Time 0.053 (0.122)	Data 0.000 (0.081)	Loss 90.3803 (90.3799)
[2018-04-21 02:19:44] Epoch: [3][36000/44376]	Time 0.059 (0.119)	Data 0.000 (0.078)	Loss 90.3824 (90.3799)
[2018-04-21 02:21:51] Epoch: [3][38000/44376]	Time 0.052 (0.116)	Data 0.000 (0.075)	Loss 90.3737 (90.3799)
[2018-04-21 02:23:49] Epoch: [3][40000/44376]	Time 0.052 (0.113)	Data 0.000 (0.072)	Loss 90.3807 (90.3799)
[2018-04-21 02:25:43] Epoch: [3][42000/44376]	Time 0.052 (0.111)	Data 0.000 (0.069)	Loss 90.3813 (90.3799)
[2018-04-21 02:27:36] Epoch: [3][44000/44376]	Time 0.059 (0.108)	Data 0.000 (0.066)	Loss 90.3818 (90.3799)
[2018-04-21 02:44:53] [epoch 3]: loss : 90.37929663143224
[2018-04-21 02:44:53] Evaluate Result:	Acc  46.623	Best 46.623 (3)
[2018-04-21 02:52:32] Epoch: [4][2000/44376]	Time 0.300 (0.228)	Data 0.272 (0.193)	Loss 90.3788 (90.3797)
[2018-04-21 02:59:59] Epoch: [4][4000/44376]	Time 0.071 (0.226)	Data 0.043 (0.191)	Loss 90.3810 (90.3798)
[2018-04-21 03:07:19] Epoch: [4][6000/44376]	Time 0.355 (0.224)	Data 0.324 (0.188)	Loss 90.3805 (90.3798)
[2018-04-21 03:13:14] Epoch: [4][8000/44376]	Time 0.122 (0.212)	Data 0.091 (0.177)	Loss 90.3818 (90.3798)
[2018-04-21 03:17:56] Epoch: [4][10000/44376]	Time 0.052 (0.198)	Data 0.000 (0.162)	Loss 90.3818 (90.3798)
[2018-04-21 03:21:54] Epoch: [4][12000/44376]	Time 0.250 (0.185)	Data 0.223 (0.149)	Loss 90.3802 (90.3798)
[2018-04-21 03:25:10] Epoch: [4][14000/44376]	Time 0.051 (0.172)	Data 0.000 (0.136)	Loss 90.3815 (90.3798)
[2018-04-21 03:27:52] Epoch: [4][16000/44376]	Time 0.052 (0.161)	Data 0.000 (0.123)	Loss 90.3823 (90.3798)
[2018-04-21 03:30:13] Epoch: [4][18000/44376]	Time 0.155 (0.151)	Data 0.119 (0.113)	Loss 90.3815 (90.3798)
[2018-04-21 03:32:28] Epoch: [4][20000/44376]	Time 0.052 (0.143)	Data 0.000 (0.103)	Loss 90.3817 (90.3798)
[2018-04-21 03:34:36] Epoch: [4][22000/44376]	Time 0.053 (0.135)	Data 0.000 (0.095)	Loss 90.3814 (90.3798)
[2018-04-21 03:36:35] Epoch: [4][24000/44376]	Time 0.051 (0.129)	Data 0.000 (0.088)	Loss 90.3821 (90.3798)
[2018-04-21 03:38:32] Epoch: [4][26000/44376]	Time 0.054 (0.124)	Data 0.000 (0.082)	Loss 90.3823 (90.3798)
[2018-04-21 03:40:18] Epoch: [4][28000/44376]	Time 0.053 (0.119)	Data 0.000 (0.077)	Loss 90.3796 (90.3798)
[2018-04-21 03:42:02] Epoch: [4][30000/44376]	Time 0.053 (0.114)	Data 0.000 (0.071)	Loss 90.3813 (90.3798)
[2018-04-21 03:43:47] Epoch: [4][32000/44376]	Time 0.053 (0.110)	Data 0.000 (0.067)	Loss 90.3822 (90.3798)
[2018-04-21 03:45:31] Epoch: [4][34000/44376]	Time 0.052 (0.107)	Data 0.000 (0.063)	Loss 90.3711 (90.3798)
[2018-04-21 03:47:16] Epoch: [4][36000/44376]	Time 0.052 (0.104)	Data 0.000 (0.060)	Loss 90.3784 (90.3798)
[2018-04-21 03:49:01] Epoch: [4][38000/44376]	Time 0.051 (0.101)	Data 0.000 (0.056)	Loss 90.3775 (90.3798)
[2018-04-21 03:50:45] Epoch: [4][40000/44376]	Time 0.052 (0.099)	Data 0.000 (0.054)	Loss 90.3838 (90.3798)
[2018-04-21 03:52:29] Epoch: [4][42000/44376]	Time 0.052 (0.096)	Data 0.000 (0.051)	Loss 90.3784 (90.3798)
[2018-04-21 03:54:13] Epoch: [4][44000/44376]	Time 0.052 (0.094)	Data 0.000 (0.049)	Loss 90.3769 (90.3798)
[2018-04-21 04:16:01] [epoch 4]: loss : 90.3791848916459
[2018-04-21 04:16:01] Evaluate Result:	Acc  47.97	Best 47.97 (4)
[2018-04-21 04:24:47] Epoch: [5][2000/44376]	Time 0.408 (0.261)	Data 0.381 (0.225)	Loss 90.3812 (90.3797)
[2018-04-21 04:32:04] Epoch: [5][4000/44376]	Time 0.254 (0.239)	Data 0.220 (0.204)	Loss 90.3792 (90.3798)
[2018-04-21 04:38:42] Epoch: [5][6000/44376]	Time 0.101 (0.226)	Data 0.072 (0.191)	Loss 90.3791 (90.3797)
[2018-04-21 04:44:07] Epoch: [5][8000/44376]	Time 0.264 (0.210)	Data 0.229 (0.175)	Loss 90.3818 (90.3798)
[2018-04-21 04:48:38] Epoch: [5][10000/44376]	Time 0.084 (0.195)	Data 0.060 (0.159)	Loss 90.3673 (90.3797)
[2018-04-21 04:52:31] Epoch: [5][12000/44376]	Time 0.272 (0.182)	Data 0.247 (0.146)	Loss 90.3798 (90.3797)
[2018-04-21 04:55:45] Epoch: [5][14000/44376]	Time 0.048 (0.170)	Data 0.000 (0.133)	Loss 90.3777 (90.3797)
[2018-04-21 04:58:24] Epoch: [5][16000/44376]	Time 0.055 (0.159)	Data 0.000 (0.121)	Loss 90.3662 (90.3797)
[2018-04-21 05:00:32] Epoch: [5][18000/44376]	Time 0.052 (0.148)	Data 0.000 (0.109)	Loss 90.3810 (90.3797)
[2018-04-21 05:03:00] Epoch: [5][20000/44376]	Time 0.052 (0.141)	Data 0.000 (0.101)	Loss 90.3820 (90.3797)
[2018-04-21 05:05:12] Epoch: [5][22000/44376]	Time 0.052 (0.134)	Data 0.000 (0.094)	Loss 90.3775 (90.3797)
[2018-04-21 05:07:27] Epoch: [5][24000/44376]	Time 0.188 (0.128)	Data 0.150 (0.088)	Loss 90.3813 (90.3797)
[2018-04-21 05:09:38] Epoch: [5][26000/44376]	Time 0.061 (0.124)	Data 0.036 (0.082)	Loss 90.3823 (90.3797)
[2018-04-21 05:11:45] Epoch: [5][28000/44376]	Time 0.185 (0.119)	Data 0.158 (0.078)	Loss 90.3781 (90.3797)
[2018-04-21 05:14:06] Epoch: [5][30000/44376]	Time 0.049 (0.116)	Data 0.000 (0.074)	Loss 90.3795 (90.3797)
[2018-04-21 05:16:44] Epoch: [5][32000/44376]	Time 0.051 (0.114)	Data 0.000 (0.071)	Loss 90.3817 (90.3797)
[2018-04-21 05:19:15] Epoch: [5][34000/44376]	Time 0.063 (0.111)	Data 0.038 (0.069)	Loss 90.3816 (90.3797)
[2018-04-21 05:21:44] Epoch: [5][36000/44376]	Time 0.052 (0.109)	Data 0.000 (0.067)	Loss 90.3815 (90.3797)
[2018-04-21 05:24:13] Epoch: [5][38000/44376]	Time 0.052 (0.108)	Data 0.000 (0.065)	Loss 90.3801 (90.3797)
[2018-04-21 05:26:32] Epoch: [5][40000/44376]	Time 0.052 (0.106)	Data 0.000 (0.063)	Loss 90.3822 (90.3797)
[2018-04-21 05:28:38] Epoch: [5][42000/44376]	Time 0.051 (0.104)	Data 0.000 (0.060)	Loss 90.3824 (90.3797)
[2018-04-21 05:30:34] Epoch: [5][44000/44376]	Time 0.052 (0.102)	Data 0.000 (0.058)	Loss 90.3751 (90.3797)
[2018-04-21 05:48:10] [epoch 5]: loss : 90.37911190908407
[2018-04-21 05:48:10] Evaluate Result:	Acc  48.311	Best 48.311 (5)
[2018-04-21 05:55:07] Epoch: [6][2000/44376]	Time 0.082 (0.206)	Data 0.055 (0.171)	Loss 90.3824 (90.3796)
[2018-04-21 06:01:36] Epoch: [6][4000/44376]	Time 0.245 (0.200)	Data 0.216 (0.165)	Loss 90.3825 (90.3797)
[2018-04-21 06:08:32] Epoch: [6][6000/44376]	Time 0.056 (0.203)	Data 0.031 (0.168)	Loss 90.3773 (90.3796)
[2018-04-21 06:14:19] Epoch: [6][8000/44376]	Time 0.051 (0.196)	Data 0.000 (0.160)	Loss 90.3784 (90.3797)
[2018-04-21 06:19:19] Epoch: [6][10000/44376]	Time 0.056 (0.186)	Data 0.000 (0.150)	Loss 90.3810 (90.3797)
[2018-04-21 06:23:21] Epoch: [6][12000/44376]	Time 0.094 (0.175)	Data 0.069 (0.139)	Loss 90.3809 (90.3797)
[2018-04-21 06:26:37] Epoch: [6][14000/44376]	Time 0.053 (0.164)	Data 0.000 (0.127)	Loss 90.3776 (90.3797)
[2018-04-21 06:29:21] Epoch: [6][16000/44376]	Time 0.050 (0.154)	Data 0.000 (0.116)	Loss 90.3681 (90.3797)
[2018-04-21 06:31:45] Epoch: [6][18000/44376]	Time 0.054 (0.145)	Data 0.000 (0.106)	Loss 90.3808 (90.3797)
[2018-04-21 06:34:08] Epoch: [6][20000/44376]	Time 0.105 (0.138)	Data 0.080 (0.098)	Loss 90.3815 (90.3797)
[2018-04-21 06:36:44] Epoch: [6][22000/44376]	Time 0.052 (0.132)	Data 0.000 (0.093)	Loss 90.3801 (90.3797)
[2018-04-21 06:39:19] Epoch: [6][24000/44376]	Time 0.051 (0.128)	Data 0.000 (0.088)	Loss 90.3798 (90.3797)
[2018-04-21 06:41:37] Epoch: [6][26000/44376]	Time 0.052 (0.123)	Data 0.000 (0.083)	Loss 90.3786 (90.3797)
[2018-04-21 06:43:44] Epoch: [6][28000/44376]	Time 0.053 (0.119)	Data 0.000 (0.078)	Loss 90.3829 (90.3797)
[2018-04-21 06:45:49] Epoch: [6][30000/44376]	Time 0.048 (0.115)	Data 0.000 (0.074)	Loss 90.3820 (90.3797)
[2018-04-21 06:47:41] Epoch: [6][32000/44376]	Time 0.052 (0.111)	Data 0.000 (0.070)	Loss 90.3773 (90.3797)
[2018-04-21 06:49:25] Epoch: [6][34000/44376]	Time 0.053 (0.108)	Data 0.000 (0.066)	Loss 90.3770 (90.3797)
[2018-04-21 06:51:10] Epoch: [6][36000/44376]	Time 0.052 (0.105)	Data 0.000 (0.062)	Loss 90.3805 (90.3797)
[2018-04-21 06:52:54] Epoch: [6][38000/44376]	Time 0.052 (0.102)	Data 0.000 (0.059)	Loss 90.3825 (90.3797)
[2018-04-21 06:54:39] Epoch: [6][40000/44376]	Time 0.052 (0.100)	Data 0.000 (0.056)	Loss 90.3816 (90.3797)
[2018-04-21 06:56:24] Epoch: [6][42000/44376]	Time 0.052 (0.097)	Data 0.000 (0.053)	Loss 90.3796 (90.3797)
[2018-04-21 06:58:08] Epoch: [6][44000/44376]	Time 0.052 (0.095)	Data 0.000 (0.051)	Loss 90.3750 (90.3797)
[2018-04-21 07:15:09] [epoch 6]: loss : 90.37906856332273
[2018-04-21 07:15:09] Evaluate Result:	Acc  48.683	Best 48.683 (6)
[2018-04-21 07:20:25] Epoch: [7][2000/44376]	Time 0.057 (0.156)	Data 0.000 (0.120)	Loss 90.3805 (90.3796)
[2018-04-21 07:25:31] Epoch: [7][4000/44376]	Time 0.056 (0.155)	Data 0.015 (0.118)	Loss 90.3817 (90.3796)
[2018-04-21 07:30:29] Epoch: [7][6000/44376]	Time 0.136 (0.153)	Data 0.110 (0.116)	Loss 90.3766 (90.3796)
[2018-04-21 07:35:00] Epoch: [7][8000/44376]	Time 0.052 (0.148)	Data 0.000 (0.112)	Loss 90.3814 (90.3796)
[2018-04-21 07:41:18] Epoch: [7][10000/44376]	Time 0.049 (0.157)	Data 0.000 (0.120)	Loss 90.3699 (90.3796)
[2018-04-21 07:46:53] Epoch: [7][12000/44376]	Time 0.271 (0.158)	Data 0.245 (0.121)	Loss 90.3802 (90.3796)
[2018-04-21 07:51:42] Epoch: [7][14000/44376]	Time 0.051 (0.156)	Data 0.000 (0.119)	Loss 90.3813 (90.3796)
[2018-04-21 07:55:37] Epoch: [7][16000/44376]	Time 0.066 (0.152)	Data 0.042 (0.114)	Loss 90.3796 (90.3796)
[2018-04-21 07:58:56] Epoch: [7][18000/44376]	Time 0.085 (0.146)	Data 0.059 (0.108)	Loss 90.3814 (90.3797)
[2018-04-21 08:02:14] Epoch: [7][20000/44376]	Time 0.052 (0.141)	Data 0.000 (0.103)	Loss 90.3763 (90.3796)
[2018-04-21 08:05:02] Epoch: [7][22000/44376]	Time 0.078 (0.136)	Data 0.054 (0.097)	Loss 90.3815 (90.3796)
[2018-04-21 08:07:18] Epoch: [7][24000/44376]	Time 0.052 (0.130)	Data 0.000 (0.090)	Loss 90.3802 (90.3797)
[2018-04-21 08:09:15] Epoch: [7][26000/44376]	Time 0.052 (0.125)	Data 0.000 (0.084)	Loss 90.3748 (90.3796)
[2018-04-21 08:10:59] Epoch: [7][28000/44376]	Time 0.052 (0.120)	Data 0.000 (0.078)	Loss 90.3810 (90.3797)
[2018-04-21 08:12:43] Epoch: [7][30000/44376]	Time 0.052 (0.115)	Data 0.000 (0.073)	Loss 90.3811 (90.3797)
[2018-04-21 08:14:27] Epoch: [7][32000/44376]	Time 0.053 (0.111)	Data 0.000 (0.068)	Loss 90.3810 (90.3797)
[2018-04-21 08:16:12] Epoch: [7][34000/44376]	Time 0.054 (0.108)	Data 0.000 (0.064)	Loss 90.3830 (90.3797)
[2018-04-21 08:17:57] Epoch: [7][36000/44376]	Time 0.052 (0.105)	Data 0.000 (0.061)	Loss 90.3812 (90.3797)
[2018-04-21 08:19:41] Epoch: [7][38000/44376]	Time 0.054 (0.102)	Data 0.000 (0.058)	Loss 90.3818 (90.3797)
[2018-04-21 08:21:25] Epoch: [7][40000/44376]	Time 0.052 (0.099)	Data 0.000 (0.055)	Loss 90.3805 (90.3797)
[2018-04-21 08:23:09] Epoch: [7][42000/44376]	Time 0.052 (0.097)	Data 0.000 (0.052)	Loss 90.3814 (90.3797)
[2018-04-21 08:24:53] Epoch: [7][44000/44376]	Time 0.052 (0.095)	Data 0.000 (0.050)	Loss 90.3763 (90.3797)
[2018-04-21 08:36:59] [epoch 7]: loss : 90.3790426155415
[2018-04-21 08:36:59] Evaluate Result:	Acc  48.635	Best 48.683 (6)
[2018-04-21 08:41:41] Epoch: [8][2000/44376]	Time 0.060 (0.139)	Data 0.034 (0.101)	Loss 90.3821 (90.3796)
[2018-04-21 08:46:14] Epoch: [8][4000/44376]	Time 0.091 (0.138)	Data 0.064 (0.100)	Loss 90.3799 (90.3797)
[2018-04-21 08:50:51] Epoch: [8][6000/44376]	Time 0.079 (0.138)	Data 0.053 (0.100)	Loss 90.3788 (90.3796)
[2018-04-21 08:55:18] Epoch: [8][8000/44376]	Time 0.051 (0.137)	Data 0.000 (0.099)	Loss 90.3814 (90.3796)
[2018-04-21 08:59:25] Epoch: [8][10000/44376]	Time 0.051 (0.134)	Data 0.000 (0.096)	Loss 90.3818 (90.3796)
[2018-04-21 09:03:06] Epoch: [8][12000/44376]	Time 0.051 (0.130)	Data 0.000 (0.092)	Loss 90.3821 (90.3796)
[2018-04-21 09:06:18] Epoch: [8][14000/44376]	Time 0.052 (0.125)	Data 0.026 (0.087)	Loss 90.3810 (90.3796)
[2018-04-21 09:08:57] Epoch: [8][16000/44376]	Time 0.051 (0.120)	Data 0.000 (0.080)	Loss 90.3809 (90.3796)
[2018-04-21 09:11:06] Epoch: [8][18000/44376]	Time 0.053 (0.113)	Data 0.000 (0.073)	Loss 90.3808 (90.3796)
[2018-04-21 09:12:53] Epoch: [8][20000/44376]	Time 0.052 (0.107)	Data 0.000 (0.066)	Loss 90.3809 (90.3796)
[2018-04-21 09:14:37] Epoch: [8][22000/44376]	Time 0.053 (0.102)	Data 0.000 (0.060)	Loss 90.3762 (90.3796)
[2018-04-21 09:16:21] Epoch: [8][24000/44376]	Time 0.051 (0.098)	Data 0.000 (0.055)	Loss 90.3812 (90.3796)
[2018-04-21 09:18:06] Epoch: [8][26000/44376]	Time 0.052 (0.095)	Data 0.000 (0.051)	Loss 90.3819 (90.3796)
[2018-04-21 09:19:50] Epoch: [8][28000/44376]	Time 0.052 (0.092)	Data 0.000 (0.047)	Loss 90.3782 (90.3796)
[2018-04-21 09:21:35] Epoch: [8][30000/44376]	Time 0.054 (0.089)	Data 0.000 (0.044)	Loss 90.3816 (90.3796)
[2018-04-21 09:23:19] Epoch: [8][32000/44376]	Time 0.054 (0.087)	Data 0.000 (0.041)	Loss 90.3743 (90.3796)
[2018-04-21 09:25:04] Epoch: [8][34000/44376]	Time 0.052 (0.085)	Data 0.000 (0.039)	Loss 90.3784 (90.3796)
[2018-04-21 09:26:48] Epoch: [8][36000/44376]	Time 0.049 (0.083)	Data 0.000 (0.037)	Loss 90.3812 (90.3796)
[2018-04-21 09:28:32] Epoch: [8][38000/44376]	Time 0.054 (0.081)	Data 0.000 (0.035)	Loss 90.3823 (90.3796)
[2018-04-21 09:30:23] Epoch: [8][40000/44376]	Time 0.051 (0.080)	Data 0.000 (0.033)	Loss 90.3802 (90.3796)
[2018-04-21 09:32:51] Epoch: [8][42000/44376]	Time 0.192 (0.080)	Data 0.154 (0.033)	Loss 90.3805 (90.3796)
[2018-04-21 09:36:00] Epoch: [8][44000/44376]	Time 0.051 (0.080)	Data 0.000 (0.034)	Loss 90.3819 (90.3796)
[2018-04-21 09:44:20] [epoch 8]: loss : 90.37902973277173
[2018-04-21 09:44:20] Evaluate Result:	Acc  48.797	Best 48.797 (8)
[2018-04-21 09:48:41] Epoch: [9][2000/44376]	Time 0.131 (0.128)	Data 0.107 (0.090)	Loss 90.3807 (90.3796)
[2018-04-21 09:52:58] Epoch: [9][4000/44376]	Time 0.050 (0.128)	Data 0.000 (0.090)	Loss 90.3808 (90.3796)
[2018-04-21 09:57:22] Epoch: [9][6000/44376]	Time 0.052 (0.130)	Data 0.000 (0.092)	Loss 90.3791 (90.3796)
[2018-04-21 10:01:25] Epoch: [9][8000/44376]	Time 0.219 (0.128)	Data 0.193 (0.089)	Loss 90.3677 (90.3796)
[2018-04-21 10:05:04] Epoch: [9][10000/44376]	Time 0.050 (0.124)	Data 0.000 (0.085)	Loss 90.3812 (90.3796)
[2018-04-21 10:08:21] Epoch: [9][12000/44376]	Time 0.051 (0.120)	Data 0.000 (0.081)	Loss 90.3814 (90.3796)
[2018-04-21 10:11:14] Epoch: [9][14000/44376]	Time 0.058 (0.115)	Data 0.000 (0.076)	Loss 90.3814 (90.3796)
[2018-04-21 10:13:57] Epoch: [9][16000/44376]	Time 0.052 (0.111)	Data 0.000 (0.071)	Loss 90.3814 (90.3796)
[2018-04-21 10:16:14] Epoch: [9][18000/44376]	Time 0.049 (0.106)	Data 0.000 (0.066)	Loss 90.3798 (90.3796)
[2018-04-21 10:18:06] Epoch: [9][20000/44376]	Time 0.052 (0.101)	Data 0.000 (0.060)	Loss 90.3809 (90.3796)
[2018-04-21 10:19:50] Epoch: [9][22000/44376]	Time 0.054 (0.097)	Data 0.000 (0.054)	Loss 90.3823 (90.3796)
[2018-04-21 10:21:34] Epoch: [9][24000/44376]	Time 0.052 (0.093)	Data 0.000 (0.050)	Loss 90.3819 (90.3796)
[2018-04-21 10:23:19] Epoch: [9][26000/44376]	Time 0.052 (0.090)	Data 0.000 (0.046)	Loss 90.3800 (90.3796)
[2018-04-21 10:25:03] Epoch: [9][28000/44376]	Time 0.052 (0.087)	Data 0.000 (0.043)	Loss 90.3794 (90.3796)
[2018-04-21 10:26:48] Epoch: [9][30000/44376]	Time 0.052 (0.085)	Data 0.000 (0.040)	Loss 90.3785 (90.3796)
[2018-04-21 10:28:33] Epoch: [9][32000/44376]	Time 0.052 (0.083)	Data 0.000 (0.037)	Loss 90.3812 (90.3796)
[2018-04-21 10:30:17] Epoch: [9][34000/44376]	Time 0.053 (0.081)	Data 0.000 (0.035)	Loss 90.3803 (90.3796)
[2018-04-21 10:32:01] Epoch: [9][36000/44376]	Time 0.051 (0.079)	Data 0.000 (0.033)	Loss 90.3820 (90.3796)
[2018-04-21 10:33:45] Epoch: [9][38000/44376]	Time 0.052 (0.078)	Data 0.000 (0.031)	Loss 90.3814 (90.3796)
[2018-04-21 10:35:35] Epoch: [9][40000/44376]	Time 0.052 (0.077)	Data 0.000 (0.030)	Loss 90.3814 (90.3796)
[2018-04-21 10:37:58] Epoch: [9][42000/44376]	Time 0.052 (0.076)	Data 0.000 (0.030)	Loss 90.3771 (90.3796)
[2018-04-21 10:41:01] Epoch: [9][44000/44376]	Time 0.054 (0.077)	Data 0.000 (0.030)	Loss 90.3788 (90.3796)
[2018-04-21 10:49:42] [epoch 9]: loss : 90.3790228787641
[2018-04-21 10:49:42] Evaluate Result:	Acc  48.924	Best 48.924 (9)
[2018-04-21 10:54:12] Epoch: [10][2000/44376]	Time 0.414 (0.133)	Data 0.381 (0.095)	Loss 90.3793 (90.3796)
[2018-04-21 10:58:40] Epoch: [10][4000/44376]	Time 0.050 (0.133)	Data 0.000 (0.096)	Loss 90.3829 (90.3796)
[2018-04-21 11:03:11] Epoch: [10][6000/44376]	Time 0.051 (0.134)	Data 0.000 (0.097)	Loss 90.3817 (90.3796)
[2018-04-21 11:07:25] Epoch: [10][8000/44376]	Time 0.048 (0.132)	Data 0.000 (0.095)	Loss 90.3790 (90.3796)
[2018-04-21 11:11:07] Epoch: [10][10000/44376]	Time 0.050 (0.128)	Data 0.000 (0.090)	Loss 90.3810 (90.3796)
[2018-04-21 11:14:33] Epoch: [10][12000/44376]	Time 0.313 (0.124)	Data 0.285 (0.085)	Loss 90.3778 (90.3796)
[2018-04-21 11:17:35] Epoch: [10][14000/44376]	Time 0.050 (0.119)	Data 0.000 (0.080)	Loss 90.3788 (90.3796)
[2018-04-21 11:20:22] Epoch: [10][16000/44376]	Time 0.104 (0.115)	Data 0.079 (0.075)	Loss 90.3824 (90.3797)
[2018-04-21 11:22:34] Epoch: [10][18000/44376]	Time 0.050 (0.109)	Data 0.000 (0.069)	Loss 90.3700 (90.3796)
[2018-04-21 11:24:27] Epoch: [10][20000/44376]	Time 0.052 (0.104)	Data 0.000 (0.063)	Loss 90.3783 (90.3796)
[2018-04-21 11:26:12] Epoch: [10][22000/44376]	Time 0.052 (0.099)	Data 0.000 (0.057)	Loss 90.3793 (90.3796)
[2018-04-21 11:27:56] Epoch: [10][24000/44376]	Time 0.052 (0.095)	Data 0.000 (0.052)	Loss 90.3793 (90.3796)
[2018-04-21 11:29:40] Epoch: [10][26000/44376]	Time 0.052 (0.092)	Data 0.000 (0.048)	Loss 90.3811 (90.3796)
[2018-04-21 11:31:25] Epoch: [10][28000/44376]	Time 0.048 (0.089)	Data 0.000 (0.045)	Loss 90.3628 (90.3796)
[2018-04-21 11:33:09] Epoch: [10][30000/44376]	Time 0.053 (0.087)	Data 0.000 (0.042)	Loss 90.3823 (90.3796)
[2018-04-21 11:34:54] Epoch: [10][32000/44376]	Time 0.052 (0.085)	Data 0.000 (0.039)	Loss 90.3822 (90.3796)
[2018-04-21 11:36:38] Epoch: [10][34000/44376]	Time 0.052 (0.083)	Data 0.000 (0.037)	Loss 90.3680 (90.3796)
[2018-04-21 11:38:22] Epoch: [10][36000/44376]	Time 0.052 (0.081)	Data 0.000 (0.035)	Loss 90.3808 (90.3796)
[2018-04-21 11:40:07] Epoch: [10][38000/44376]	Time 0.052 (0.079)	Data 0.000 (0.033)	Loss 90.3738 (90.3796)
[2018-04-21 11:42:07] Epoch: [10][40000/44376]	Time 0.208 (0.079)	Data 0.183 (0.032)	Loss 90.3820 (90.3796)
[2018-04-21 11:44:48] Epoch: [10][42000/44376]	Time 0.051 (0.079)	Data 0.000 (0.032)	Loss 90.3776 (90.3796)
[2018-04-21 11:48:21] Epoch: [10][44000/44376]	Time 0.178 (0.080)	Data 0.144 (0.033)	Loss 90.3821 (90.3796)
[2018-04-21 11:56:52] [epoch 10]: loss : 90.3790191796012
[2018-04-21 11:56:52] Evaluate Result:	Acc  48.672	Best 48.924 (9)
[2018-04-21 11:56:56] Evaluate Result:	best accuracy:  48.924	best epoch9
