[2018-04-18 15:34:03] [Info] use gpu: 3
[2018-04-18 15:34:03] [Info] init dataset
[2018-04-18 15:47:50] [Load] ../data/glove/glove.6B.300d.txt
[2018-04-18 15:49:48] [Info] embedding size: 300
[2018-04-18 15:49:50] [Info] total parameters: 42M
[2018-04-18 15:49:51] [debug] word embedding filling count: 11539/11898
[2018-04-18 15:50:18] [Info] start training...
[2018-04-18 16:23:03] Epoch: [1][2000/44376]	Time 1.147 (0.982)	Data 1.114 (0.946)	Loss 90.3813 (90.3814)
[2018-04-18 16:52:58] Epoch: [1][4000/44376]	Time 0.604 (0.940)	Data 0.579 (0.906)	Loss 90.3826 (90.3811)
[2018-04-18 17:15:18] Epoch: [1][6000/44376]	Time 1.306 (0.850)	Data 1.274 (0.816)	Loss 90.3822 (90.3809)
[2018-04-18 17:39:28] Epoch: [1][8000/44376]	Time 0.817 (0.819)	Data 0.791 (0.785)	Loss 90.3818 (90.3808)
[2018-04-18 18:03:14] Epoch: [1][10000/44376]	Time 1.517 (0.798)	Data 1.482 (0.765)	Loss 90.3809 (90.3808)
[2018-04-18 18:27:45] Epoch: [1][12000/44376]	Time 0.048 (0.787)	Data 0.000 (0.754)	Loss 90.3824 (90.3807)
[2018-04-18 18:53:35] Epoch: [1][14000/44376]	Time 0.040 (0.785)	Data 0.000 (0.753)	Loss 90.3761 (90.3807)
[2018-04-18 19:20:55] Epoch: [1][16000/44376]	Time 1.035 (0.790)	Data 1.007 (0.757)	Loss 90.3819 (90.3807)
[2018-04-18 19:47:40] Epoch: [1][18000/44376]	Time 0.045 (0.791)	Data 0.000 (0.759)	Loss 90.3823 (90.3806)
[2018-04-18 20:15:09] Epoch: [1][20000/44376]	Time 0.686 (0.795)	Data 0.658 (0.762)	Loss 90.3831 (90.3806)
[2018-04-18 20:43:14] Epoch: [1][22000/44376]	Time 0.551 (0.799)	Data 0.520 (0.766)	Loss 90.3826 (90.3806)
[2018-04-18 21:12:37] Epoch: [1][24000/44376]	Time 1.609 (0.806)	Data 1.577 (0.773)	Loss 90.3807 (90.3806)
[2018-04-18 21:49:23] Epoch: [1][26000/44376]	Time 0.048 (0.829)	Data 0.000 (0.796)	Loss 90.3814 (90.3805)
[2018-04-18 22:33:45] Epoch: [1][28000/44376]	Time 0.506 (0.865)	Data 0.475 (0.831)	Loss 90.3691 (90.3805)
[2018-04-18 23:14:30] Epoch: [1][30000/44376]	Time 2.615 (0.888)	Data 2.586 (0.855)	Loss 90.3771 (90.3805)
[2018-04-18 23:55:31] Epoch: [1][32000/44376]	Time 1.479 (0.910)	Data 1.451 (0.876)	Loss 90.3820 (90.3805)
[2018-04-19 00:36:11] Epoch: [1][34000/44376]	Time 0.043 (0.928)	Data 0.000 (0.895)	Loss 90.3764 (90.3805)
[2018-04-19 01:17:13] Epoch: [1][36000/44376]	Time 2.523 (0.945)	Data 2.495 (0.911)	Loss 90.3721 (90.3805)
[2018-04-19 01:56:30] Epoch: [1][38000/44376]	Time 1.755 (0.957)	Data 1.721 (0.924)	Loss 90.3789 (90.3805)
[2018-04-19 02:38:01] Epoch: [1][40000/44376]	Time 1.846 (0.972)	Data 1.813 (0.938)	Loss 90.3814 (90.3805)
[2018-04-19 03:19:46] Epoch: [1][42000/44376]	Time 2.701 (0.985)	Data 2.667 (0.952)	Loss 90.3826 (90.3805)
[2018-04-19 03:48:02] Epoch: [1][44000/44376]	Time 0.688 (0.979)	Data 0.664 (0.946)	Loss 90.3823 (90.3804)
[2018-04-19 03:56:18] [epoch 1]: loss : 90.37983158719159
[2018-04-19 03:56:18] Evaluate Result:	Acc  40.8	Best 40.8 (1)
[2018-04-19 04:23:32] Epoch: [2][2000/44376]	Time 0.046 (0.814)	Data 0.000 (0.781)	Loss 90.3810 (90.3799)
[2018-04-19 04:53:44] Epoch: [2][4000/44376]	Time 0.934 (0.860)	Data 0.905 (0.828)	Loss 90.3815 (90.3800)
[2018-04-19 05:24:57] Epoch: [2][6000/44376]	Time 0.744 (0.886)	Data 0.710 (0.853)	Loss 90.3820 (90.3801)
[2018-04-19 05:57:21] Epoch: [2][8000/44376]	Time 0.858 (0.907)	Data 0.824 (0.875)	Loss 90.3803 (90.3801)
[2018-04-19 06:31:45] Epoch: [2][10000/44376]	Time 0.047 (0.932)	Data 0.000 (0.900)	Loss 90.3764 (90.3801)
[2018-04-19 07:07:23] Epoch: [2][12000/44376]	Time 0.608 (0.955)	Data 0.582 (0.923)	Loss 90.3724 (90.3801)
[2018-04-19 07:46:02] Epoch: [2][14000/44376]	Time 1.974 (0.984)	Data 1.941 (0.952)	Loss 90.3689 (90.3801)
[2018-04-19 08:30:45] Epoch: [2][16000/44376]	Time 0.922 (1.029)	Data 0.893 (0.996)	Loss 90.3703 (90.3801)
[2018-04-19 09:11:00] Epoch: [2][18000/44376]	Time 0.048 (1.049)	Data 0.000 (1.016)	Loss 90.3767 (90.3801)
[2018-04-19 09:49:33] Epoch: [2][20000/44376]	Time 0.781 (1.059)	Data 0.751 (1.027)	Loss 90.3829 (90.3801)
[2018-04-19 10:29:55] Epoch: [2][22000/44376]	Time 1.030 (1.073)	Data 1.007 (1.041)	Loss 90.3732 (90.3801)
[2018-04-19 11:11:28] Epoch: [2][24000/44376]	Time 1.251 (1.088)	Data 1.219 (1.055)	Loss 90.3827 (90.3801)
[2018-04-19 12:00:21] Epoch: [2][26000/44376]	Time 1.011 (1.117)	Data 0.982 (1.083)	Loss 90.3796 (90.3801)
[2018-04-19 12:40:58] Epoch: [2][28000/44376]	Time 0.649 (1.124)	Data 0.618 (1.091)	Loss 90.3814 (90.3801)
[2018-04-19 13:20:38] Epoch: [2][30000/44376]	Time 0.046 (1.128)	Data 0.000 (1.095)	Loss 90.3754 (90.3800)
[2018-04-19 14:00:02] Epoch: [2][32000/44376]	Time 2.651 (1.132)	Data 2.620 (1.098)	Loss 90.3772 (90.3800)
[2018-04-19 14:39:51] Epoch: [2][34000/44376]	Time 0.457 (1.136)	Data 0.431 (1.102)	Loss 90.3822 (90.3800)
[2018-04-19 15:21:17] Epoch: [2][36000/44376]	Time 2.304 (1.141)	Data 2.271 (1.108)	Loss 90.3747 (90.3800)
[2018-04-19 16:02:38] Epoch: [2][38000/44376]	Time 0.047 (1.147)	Data 0.000 (1.114)	Loss 90.3823 (90.3800)
[2018-04-19 16:44:43] Epoch: [2][40000/44376]	Time 2.107 (1.152)	Data 2.078 (1.120)	Loss 90.3771 (90.3800)
[2018-04-19 17:16:40] Epoch: [2][42000/44376]	Time 0.736 (1.143)	Data 0.707 (1.110)	Loss 90.3781 (90.3800)
[2018-04-19 17:48:40] Epoch: [2][44000/44376]	Time 1.495 (1.135)	Data 1.468 (1.102)	Loss 90.3805 (90.3800)
[2018-04-19 17:57:45] [epoch 2]: loss : 90.37941937320228
[2018-04-19 17:57:46] Evaluate Result:	Acc  45.0	Best 45.0 (2)
[2018-04-19 18:27:29] Epoch: [3][2000/44376]	Time 0.049 (0.889)	Data 0.000 (0.858)	Loss 90.3819 (90.3799)
[2018-04-19 19:01:43] Epoch: [3][4000/44376]	Time 0.961 (0.958)	Data 0.935 (0.927)	Loss 90.3773 (90.3799)
[2018-04-19 19:29:30] Epoch: [3][6000/44376]	Time 0.804 (0.917)	Data 0.776 (0.885)	Loss 90.3809 (90.3799)
[2018-04-19 19:55:12] Epoch: [3][8000/44376]	Time 1.248 (0.880)	Data 1.222 (0.848)	Loss 90.3800 (90.3799)
[2018-04-19 20:24:34] Epoch: [3][10000/44376]	Time 0.997 (0.880)	Data 0.965 (0.849)	Loss 90.3761 (90.3799)
[2018-04-19 20:51:32] Epoch: [3][12000/44376]	Time 0.326 (0.868)	Data 0.291 (0.836)	Loss 90.3817 (90.3799)
[2018-04-19 21:27:14] Epoch: [3][14000/44376]	Time 0.550 (0.897)	Data 0.525 (0.865)	Loss 90.3778 (90.3799)
[2018-04-19 22:05:48] Epoch: [3][16000/44376]	Time 1.958 (0.930)	Data 1.934 (0.898)	Loss 90.3799 (90.3799)
[2018-04-19 22:43:52] Epoch: [3][18000/44376]	Time 0.047 (0.953)	Data 0.000 (0.922)	Loss 90.3817 (90.3799)
[2018-04-19 23:22:09] Epoch: [3][20000/44376]	Time 1.187 (0.973)	Data 1.158 (0.942)	Loss 90.3717 (90.3799)
[2018-04-20 00:04:13] Epoch: [3][22000/44376]	Time 1.400 (0.999)	Data 1.369 (0.968)	Loss 90.3816 (90.3799)
[2018-04-20 00:45:01] Epoch: [3][24000/44376]	Time 2.279 (1.018)	Data 2.254 (0.986)	Loss 90.3820 (90.3799)
[2018-04-20 01:27:33] Epoch: [3][26000/44376]	Time 1.849 (1.038)	Data 1.816 (1.006)	Loss 90.3697 (90.3799)
[2018-04-20 02:09:46] Epoch: [3][28000/44376]	Time 1.371 (1.054)	Data 1.348 (1.023)	Loss 90.3764 (90.3799)
[2018-04-20 02:47:20] Epoch: [3][30000/44376]	Time 0.046 (1.059)	Data 0.000 (1.027)	Loss 90.3783 (90.3799)
[2018-04-20 03:17:36] Epoch: [3][32000/44376]	Time 0.572 (1.050)	Data 0.542 (1.018)	Loss 90.3809 (90.3799)
[2018-04-20 03:48:51] Epoch: [3][34000/44376]	Time 1.078 (1.043)	Data 1.045 (1.011)	Loss 90.3787 (90.3799)
[2018-04-20 04:21:25] Epoch: [3][36000/44376]	Time 0.545 (1.039)	Data 0.511 (1.008)	Loss 90.3821 (90.3799)
[2018-04-20 04:55:39] Epoch: [3][38000/44376]	Time 1.364 (1.039)	Data 1.330 (1.007)	Loss 90.3793 (90.3799)
[2018-04-20 05:32:14] Epoch: [3][40000/44376]	Time 0.996 (1.042)	Data 0.963 (1.010)	Loss 90.3804 (90.3799)
[2018-04-20 06:13:39] Epoch: [3][42000/44376]	Time 1.299 (1.051)	Data 1.273 (1.019)	Loss 90.3824 (90.3798)
[2018-04-20 06:48:15] Epoch: [3][44000/44376]	Time 0.318 (1.051)	Data 0.291 (1.018)	Loss 90.3802 (90.3799)
[2018-04-20 06:52:32] [epoch 3]: loss : 90.37923957009089
[2018-04-20 06:52:32] Evaluate Result:	Acc  47.1	Best 47.1 (3)
[2018-04-20 07:04:15] Epoch: [4][2000/44376]	Time 0.105 (0.348)	Data 0.076 (0.317)	Loss 90.3805 (90.3799)
[2018-04-20 07:12:21] Epoch: [4][4000/44376]	Time 0.252 (0.296)	Data 0.219 (0.264)	Loss 90.3794 (90.3798)
[2018-04-20 07:18:49] Epoch: [4][6000/44376]	Time 0.100 (0.262)	Data 0.079 (0.230)	Loss 90.3822 (90.3797)
[2018-04-20 07:24:17] Epoch: [4][8000/44376]	Time 0.364 (0.237)	Data 0.334 (0.206)	Loss 90.3768 (90.3797)
[2018-04-20 07:28:45] Epoch: [4][10000/44376]	Time 0.050 (0.217)	Data 0.000 (0.184)	Loss 90.3821 (90.3797)
[2018-04-20 07:32:28] Epoch: [4][12000/44376]	Time 0.047 (0.199)	Data 0.000 (0.166)	Loss 90.3766 (90.3797)
[2018-04-20 07:35:48] Epoch: [4][14000/44376]	Time 0.167 (0.185)	Data 0.144 (0.151)	Loss 90.3801 (90.3797)
[2018-04-20 07:40:03] Epoch: [4][16000/44376]	Time 0.200 (0.178)	Data 0.173 (0.144)	Loss 90.3823 (90.3797)
[2018-04-20 07:44:55] Epoch: [4][18000/44376]	Time 0.180 (0.174)	Data 0.148 (0.140)	Loss 90.3725 (90.3797)
[2018-04-20 07:49:57] Epoch: [4][20000/44376]	Time 0.043 (0.172)	Data 0.000 (0.138)	Loss 90.3811 (90.3797)
[2018-04-20 07:55:38] Epoch: [4][22000/44376]	Time 0.047 (0.172)	Data 0.000 (0.138)	Loss 90.3814 (90.3797)
[2018-04-20 08:02:26] Epoch: [4][24000/44376]	Time 0.046 (0.174)	Data 0.000 (0.141)	Loss 90.3815 (90.3797)
[2018-04-20 08:08:59] Epoch: [4][26000/44376]	Time 0.043 (0.176)	Data 0.000 (0.142)	Loss 90.3684 (90.3797)
[2018-04-20 08:15:10] Epoch: [4][28000/44376]	Time 0.046 (0.177)	Data 0.000 (0.143)	Loss 90.3817 (90.3797)
[2018-04-20 08:21:40] Epoch: [4][30000/44376]	Time 0.049 (0.178)	Data 0.000 (0.144)	Loss 90.3817 (90.3797)
[2018-04-20 08:27:38] Epoch: [4][32000/44376]	Time 0.047 (0.178)	Data 0.000 (0.144)	Loss 90.3816 (90.3797)
[2018-04-20 08:34:08] Epoch: [4][34000/44376]	Time 0.108 (0.179)	Data 0.083 (0.145)	Loss 90.3825 (90.3797)
[2018-04-20 08:40:36] Epoch: [4][36000/44376]	Time 0.192 (0.180)	Data 0.165 (0.146)	Loss 90.3816 (90.3797)
[2018-04-20 08:47:52] Epoch: [4][38000/44376]	Time 0.326 (0.182)	Data 0.298 (0.148)	Loss 90.3804 (90.3797)
[2018-04-20 08:54:40] Epoch: [4][40000/44376]	Time 0.786 (0.183)	Data 0.758 (0.150)	Loss 90.3781 (90.3797)
[2018-04-20 09:01:45] Epoch: [4][42000/44376]	Time 0.050 (0.184)	Data 0.000 (0.151)	Loss 90.3818 (90.3797)
[2018-04-20 09:07:30] Epoch: [4][44000/44376]	Time 0.080 (0.184)	Data 0.058 (0.150)	Loss 90.3793 (90.3797)
[2018-04-20 09:09:30] [epoch 4]: loss : 90.37911598063899
[2018-04-20 09:09:30] Evaluate Result:	Acc  47.1	Best 47.1 (3)
[2018-04-20 09:13:54] Epoch: [5][2000/44376]	Time 0.047 (0.129)	Data 0.000 (0.095)	Loss 90.3773 (90.3796)
[2018-04-20 09:18:50] Epoch: [5][4000/44376]	Time 0.222 (0.139)	Data 0.189 (0.104)	Loss 90.3807 (90.3796)
[2018-04-20 09:24:35] Epoch: [5][6000/44376]	Time 0.257 (0.150)	Data 0.232 (0.116)	Loss 90.3820 (90.3796)
[2018-04-20 09:30:44] Epoch: [5][8000/44376]	Time 0.044 (0.159)	Data 0.022 (0.125)	Loss 90.3790 (90.3796)
[2018-04-20 09:36:43] Epoch: [5][10000/44376]	Time 0.047 (0.163)	Data 0.000 (0.130)	Loss 90.3818 (90.3796)
[2018-04-20 09:42:07] Epoch: [5][12000/44376]	Time 0.241 (0.163)	Data 0.214 (0.129)	Loss 90.3770 (90.3796)
