[2018-04-18 11:44:02] [Info] use gpu: 2
[2018-04-18 11:44:02] [Info] init dataset
[2018-04-18 11:45:34] [Load] ../data/glove/glove.6B.300d.txt
[2018-04-18 11:46:01] [Info] embedding size: 300
[2018-04-18 11:46:01] [Info] total parameters: 42M
[2018-04-18 11:46:01] [debug] word embedding filling count: 11539/11898
[2018-04-18 11:46:08] [Info] start training...
[2018-04-18 12:41:41] [Info] use gpu: 2
[2018-04-18 12:41:41] [Info] init dataset
[2018-04-18 12:41:54] [Load] ../data/glove/glove.6B.300d.txt
[2018-04-18 12:42:14] [Info] embedding size: 300
[2018-04-18 12:42:14] [Info] total parameters: 42M
[2018-04-18 12:42:14] [debug] word embedding filling count: 11539/11898
[2018-04-18 12:42:16] [Info] start training...
[2018-04-18 12:51:55] Epoch: [1][2000/44376]	Time 0.578 (0.289)	Data 0.551 (0.250)	Loss 90.3827 (90.3824)
[2018-04-18 13:02:04] Epoch: [1][4000/44376]	Time 0.052 (0.297)	Data 0.000 (0.258)	Loss 90.3834 (90.3824)
[2018-04-18 13:10:32] Epoch: [1][6000/44376]	Time 0.053 (0.283)	Data 0.000 (0.244)	Loss 90.3823 (90.3821)
[2018-04-18 13:16:34] Epoch: [1][8000/44376]	Time 0.124 (0.257)	Data 0.098 (0.218)	Loss 90.3817 (90.3817)
[2018-04-18 13:21:10] Epoch: [1][10000/44376]	Time 0.302 (0.233)	Data 0.271 (0.193)	Loss 90.3811 (90.3815)
[2018-04-18 13:24:46] Epoch: [1][12000/44376]	Time 0.052 (0.212)	Data 0.000 (0.172)	Loss 90.3824 (90.3814)
[2018-04-18 13:27:34] Epoch: [1][14000/44376]	Time 0.055 (0.194)	Data 0.000 (0.152)	Loss 90.3761 (90.3812)
[2018-04-18 13:30:25] Epoch: [1][16000/44376]	Time 0.053 (0.181)	Data 0.000 (0.138)	Loss 90.3818 (90.3812)
[2018-04-18 13:33:33] Epoch: [1][18000/44376]	Time 0.052 (0.171)	Data 0.000 (0.128)	Loss 90.3824 (90.3811)
[2018-04-18 13:36:31] Epoch: [1][20000/44376]	Time 0.243 (0.163)	Data 0.204 (0.119)	Loss 90.3830 (90.3810)
[2018-04-18 13:39:36] Epoch: [1][22000/44376]	Time 0.050 (0.156)	Data 0.000 (0.113)	Loss 90.3825 (90.3809)
[2018-04-18 13:42:42] Epoch: [1][24000/44376]	Time 0.053 (0.151)	Data 0.000 (0.107)	Loss 90.3807 (90.3809)
[2018-04-18 13:45:56] Epoch: [1][26000/44376]	Time 0.053 (0.147)	Data 0.000 (0.103)	Loss 90.3816 (90.3809)
[2018-04-18 13:49:39] Epoch: [1][28000/44376]	Time 0.053 (0.144)	Data 0.000 (0.100)	Loss 90.3692 (90.3808)
[2018-04-18 13:53:24] Epoch: [1][30000/44376]	Time 0.105 (0.142)	Data 0.077 (0.098)	Loss 90.3770 (90.3808)
[2018-04-18 13:57:49] Epoch: [1][32000/44376]	Time 0.052 (0.142)	Data 0.000 (0.098)	Loss 90.3820 (90.3808)
[2018-04-18 14:02:54] Epoch: [1][34000/44376]	Time 0.052 (0.142)	Data 0.000 (0.098)	Loss 90.3761 (90.3807)
[2018-04-18 14:08:31] Epoch: [1][36000/44376]	Time 0.052 (0.144)	Data 0.000 (0.100)	Loss 90.3718 (90.3807)
[2018-04-18 14:14:34] Epoch: [1][38000/44376]	Time 0.057 (0.146)	Data 0.000 (0.102)	Loss 90.3791 (90.3807)
[2018-04-18 14:20:42] Epoch: [1][40000/44376]	Time 0.113 (0.148)	Data 0.078 (0.104)	Loss 90.3814 (90.3807)
[2018-04-18 14:26:52] Epoch: [1][42000/44376]	Time 0.053 (0.149)	Data 0.024 (0.106)	Loss 90.3826 (90.3807)
[2018-04-18 14:33:22] Epoch: [1][44000/44376]	Time 0.050 (0.151)	Data 0.000 (0.108)	Loss 90.3825 (90.3806)
[2018-04-18 14:36:07] [epoch 1]: loss : 90.38002527815298
[2018-04-18 14:36:07] Evaluate Result:	Acc  39.7	Best 39.7 (1)
[2018-04-18 14:41:37] Epoch: [2][2000/44376]	Time 0.051 (0.162)	Data 0.000 (0.121)	Loss 90.3810 (90.3800)
[2018-04-18 14:47:24] Epoch: [2][4000/44376]	Time 0.053 (0.168)	Data 0.000 (0.127)	Loss 90.3814 (90.3800)
[2018-04-18 14:53:05] Epoch: [2][6000/44376]	Time 0.051 (0.169)	Data 0.000 (0.128)	Loss 90.3820 (90.3801)
[2018-04-18 14:58:53] Epoch: [2][8000/44376]	Time 0.276 (0.170)	Data 0.249 (0.129)	Loss 90.3806 (90.3801)
[2018-04-18 15:04:51] Epoch: [2][10000/44376]	Time 0.080 (0.172)	Data 0.049 (0.131)	Loss 90.3762 (90.3801)
[2018-04-18 15:11:02] Epoch: [2][12000/44376]	Time 0.052 (0.174)	Data 0.000 (0.133)	Loss 90.3721 (90.3801)
[2018-04-18 15:17:14] Epoch: [2][14000/44376]	Time 0.352 (0.176)	Data 0.326 (0.135)	Loss 90.3700 (90.3801)
[2018-04-18 15:24:02] Epoch: [2][16000/44376]	Time 0.052 (0.179)	Data 0.000 (0.139)	Loss 90.3704 (90.3801)
[2018-04-18 15:31:52] Epoch: [2][18000/44376]	Time 0.052 (0.186)	Data 0.000 (0.145)	Loss 90.3767 (90.3801)
[2018-04-18 15:50:04] Epoch: [2][20000/44376]	Time 1.502 (0.222)	Data 1.468 (0.181)	Loss 90.3832 (90.3801)
[2018-04-18 16:27:01] Epoch: [2][22000/44376]	Time 2.015 (0.302)	Data 1.982 (0.262)	Loss 90.3741 (90.3801)
[2018-04-18 16:55:24] Epoch: [2][24000/44376]	Time 0.664 (0.348)	Data 0.624 (0.308)	Loss 90.3825 (90.3801)
[2018-04-18 17:18:06] Epoch: [2][26000/44376]	Time 1.453 (0.374)	Data 1.426 (0.334)	Loss 90.3795 (90.3801)
[2018-04-18 17:43:20] Epoch: [2][28000/44376]	Time 0.051 (0.401)	Data 0.000 (0.361)	Loss 90.3813 (90.3801)
[2018-04-18 18:08:04] Epoch: [2][30000/44376]	Time 0.757 (0.424)	Data 0.717 (0.384)	Loss 90.3745 (90.3801)
[2018-04-18 18:33:29] Epoch: [2][32000/44376]	Time 1.063 (0.445)	Data 1.026 (0.406)	Loss 90.3768 (90.3801)
[2018-04-18 19:00:39] Epoch: [2][34000/44376]	Time 1.387 (0.467)	Data 1.352 (0.427)	Loss 90.3823 (90.3801)
[2018-04-18 19:28:52] Epoch: [2][36000/44376]	Time 0.183 (0.488)	Data 0.154 (0.449)	Loss 90.3746 (90.3801)
[2018-04-18 19:56:35] Epoch: [2][38000/44376]	Time 0.327 (0.506)	Data 0.293 (0.467)	Loss 90.3823 (90.3801)
[2018-04-18 20:25:23] Epoch: [2][40000/44376]	Time 0.935 (0.524)	Data 0.901 (0.485)	Loss 90.3774 (90.3801)
[2018-04-18 20:55:11] Epoch: [2][42000/44376]	Time 1.257 (0.541)	Data 1.222 (0.502)	Loss 90.3783 (90.3801)
[2018-04-18 21:28:30] Epoch: [2][44000/44376]	Time 1.104 (0.562)	Data 1.069 (0.523)	Loss 90.3809 (90.3801)
[2018-04-18 21:40:09] [epoch 2]: loss : 90.37945368699562
[2018-04-18 21:40:10] Evaluate Result:	Acc  44.9	Best 44.9 (2)
[2018-04-18 22:25:25] Epoch: [3][2000/44376]	Time 1.259 (1.355)	Data 1.221 (1.301)	Loss 90.3818 (90.3799)
[2018-04-18 23:08:18] Epoch: [3][4000/44376]	Time 0.857 (1.321)	Data 0.827 (1.275)	Loss 90.3774 (90.3799)
[2018-04-18 23:52:16] Epoch: [3][6000/44376]	Time 0.045 (1.320)	Data 0.000 (1.277)	Loss 90.3808 (90.3799)
[2018-04-19 00:35:56] Epoch: [3][8000/44376]	Time 0.055 (1.318)	Data 0.000 (1.276)	Loss 90.3801 (90.3799)
[2018-04-19 01:20:25] Epoch: [3][10000/44376]	Time 1.390 (1.321)	Data 1.357 (1.280)	Loss 90.3759 (90.3799)
[2018-04-19 02:02:44] Epoch: [3][12000/44376]	Time 0.979 (1.313)	Data 0.948 (1.272)	Loss 90.3816 (90.3799)
[2018-04-19 02:47:38] Epoch: [3][14000/44376]	Time 1.652 (1.317)	Data 1.607 (1.278)	Loss 90.3782 (90.3799)
[2018-04-19 03:28:45] Epoch: [3][16000/44376]	Time 1.261 (1.307)	Data 1.232 (1.268)	Loss 90.3798 (90.3799)
[2018-04-19 03:58:10] Epoch: [3][18000/44376]	Time 0.325 (1.260)	Data 0.285 (1.221)	Loss 90.3818 (90.3799)
[2018-04-19 04:28:37] Epoch: [3][20000/44376]	Time 0.982 (1.225)	Data 0.952 (1.186)	Loss 90.3709 (90.3799)
[2018-04-19 05:00:13] Epoch: [3][22000/44376]	Time 0.682 (1.200)	Data 0.655 (1.161)	Loss 90.3818 (90.3799)
[2018-04-19 05:32:46] Epoch: [3][24000/44376]	Time 1.300 (1.181)	Data 1.260 (1.142)	Loss 90.3818 (90.3799)
[2018-04-19 06:07:52] Epoch: [3][26000/44376]	Time 1.659 (1.171)	Data 1.620 (1.132)	Loss 90.3698 (90.3799)
[2018-04-19 06:44:21] Epoch: [3][28000/44376]	Time 0.203 (1.166)	Data 0.162 (1.127)	Loss 90.3763 (90.3799)
[2018-04-19 07:23:00] Epoch: [3][30000/44376]	Time 1.215 (1.166)	Data 1.179 (1.127)	Loss 90.3784 (90.3799)
[2018-04-19 08:08:54] Epoch: [3][32000/44376]	Time 1.051 (1.179)	Data 1.015 (1.140)	Loss 90.3810 (90.3799)
[2018-04-19 08:53:13] Epoch: [3][34000/44376]	Time 2.302 (1.188)	Data 2.265 (1.149)	Loss 90.3785 (90.3799)
[2018-04-19 09:34:55] Epoch: [3][36000/44376]	Time 1.472 (1.191)	Data 1.436 (1.152)	Loss 90.3819 (90.3799)
[2018-04-19 10:17:14] Epoch: [3][38000/44376]	Time 1.932 (1.195)	Data 1.896 (1.156)	Loss 90.3792 (90.3799)
[2018-04-19 11:01:23] Epoch: [3][40000/44376]	Time 2.696 (1.202)	Data 2.660 (1.163)	Loss 90.3805 (90.3799)
[2018-04-19 11:52:48] Epoch: [3][42000/44376]	Time 1.483 (1.218)	Data 1.449 (1.178)	Loss 90.3822 (90.3799)
[2018-04-19 12:36:53] Epoch: [3][44000/44376]	Time 1.026 (1.223)	Data 0.996 (1.183)	Loss 90.3805 (90.3799)
[2018-04-19 12:50:17] [epoch 3]: loss : 90.37927688717606
[2018-04-19 12:50:18] Evaluate Result:	Acc  46.2	Best 46.2 (3)
[2018-04-19 13:30:16] Epoch: [4][2000/44376]	Time 0.916 (1.198)	Data 0.886 (1.161)	Loss 90.3806 (90.3799)
[2018-04-19 14:12:58] Epoch: [4][4000/44376]	Time 1.244 (1.239)	Data 1.214 (1.202)	Loss 90.3793 (90.3798)
[2018-04-19 14:54:47] Epoch: [4][6000/44376]	Time 2.085 (1.244)	Data 2.046 (1.206)	Loss 90.3822 (90.3798)
[2018-04-19 15:38:34] Epoch: [4][8000/44376]	Time 1.533 (1.262)	Data 1.499 (1.224)	Loss 90.3761 (90.3798)
[2018-04-19 16:23:47] Epoch: [4][10000/44376]	Time 1.438 (1.281)	Data 1.401 (1.243)	Loss 90.3822 (90.3798)
[2018-04-19 17:03:45] Epoch: [4][12000/44376]	Time 1.498 (1.267)	Data 1.458 (1.230)	Loss 90.3765 (90.3798)
[2018-04-19 17:37:33] Epoch: [4][14000/44376]	Time 1.465 (1.231)	Data 1.436 (1.194)	Loss 90.3802 (90.3798)
[2018-04-19 18:12:06] Epoch: [4][16000/44376]	Time 0.052 (1.207)	Data 0.000 (1.170)	Loss 90.3824 (90.3798)
[2018-04-19 18:47:53] Epoch: [4][18000/44376]	Time 0.276 (1.192)	Data 0.242 (1.155)	Loss 90.3726 (90.3798)
[2018-04-19 19:21:25] Epoch: [4][20000/44376]	Time 1.516 (1.173)	Data 1.479 (1.136)	Loss 90.3812 (90.3798)
[2018-04-19 19:47:59] Epoch: [4][22000/44376]	Time 0.054 (1.139)	Data 0.000 (1.102)	Loss 90.3815 (90.3798)
[2018-04-19 20:18:32] Epoch: [4][24000/44376]	Time 2.211 (1.120)	Data 2.179 (1.083)	Loss 90.3816 (90.3798)
[2018-04-19 20:47:16] Epoch: [4][26000/44376]	Time 0.409 (1.101)	Data 0.377 (1.063)	Loss 90.3683 (90.3798)
[2018-04-19 21:24:09] Epoch: [4][28000/44376]	Time 0.948 (1.101)	Data 0.910 (1.064)	Loss 90.3816 (90.3798)
[2018-04-19 22:05:59] Epoch: [4][30000/44376]	Time 0.055 (1.111)	Data 0.000 (1.074)	Loss 90.3815 (90.3798)
[2018-04-19 22:46:10] Epoch: [4][32000/44376]	Time 0.999 (1.117)	Data 0.967 (1.080)	Loss 90.3817 (90.3798)
[2018-04-19 23:26:12] Epoch: [4][34000/44376]	Time 2.078 (1.122)	Data 2.045 (1.085)	Loss 90.3829 (90.3798)
[2018-04-20 00:10:17] Epoch: [4][36000/44376]	Time 0.108 (1.133)	Data 0.080 (1.096)	Loss 90.3818 (90.3798)
[2018-04-20 00:52:56] Epoch: [4][38000/44376]	Time 2.028 (1.141)	Data 1.997 (1.104)	Loss 90.3804 (90.3798)
[2018-04-20 01:36:57] Epoch: [4][40000/44376]	Time 1.368 (1.150)	Data 1.336 (1.113)	Loss 90.3782 (90.3798)
[2018-04-20 02:21:03] Epoch: [4][42000/44376]	Time 0.944 (1.158)	Data 0.916 (1.121)	Loss 90.3820 (90.3798)
[2018-04-20 02:55:25] Epoch: [4][44000/44376]	Time 1.143 (1.152)	Data 1.105 (1.115)	Loss 90.3791 (90.3798)
[2018-04-20 03:04:39] [epoch 4]: loss : 90.37915509452428
[2018-04-20 03:04:39] Evaluate Result:	Acc  46.2	Best 46.2 (3)
[2018-04-20 03:33:37] Epoch: [5][2000/44376]	Time 0.780 (0.866)	Data 0.748 (0.827)	Loss 90.3771 (90.3797)
[2018-04-20 04:06:19] Epoch: [5][4000/44376]	Time 0.051 (0.924)	Data 0.000 (0.885)	Loss 90.3807 (90.3797)
[2018-04-20 04:40:37] Epoch: [5][6000/44376]	Time 0.049 (0.959)	Data 0.000 (0.920)	Loss 90.3819 (90.3797)
[2018-04-20 05:17:25] Epoch: [5][8000/44376]	Time 0.051 (0.995)	Data 0.000 (0.956)	Loss 90.3784 (90.3797)
[2018-04-20 05:57:18] Epoch: [5][10000/44376]	Time 0.601 (1.035)	Data 0.565 (0.997)	Loss 90.3819 (90.3797)
[2018-04-20 06:41:50] Epoch: [5][12000/44376]	Time 0.053 (1.085)	Data 0.000 (1.047)	Loss 90.3773 (90.3797)
